[2025-05-09T16:16:42.771+0000] {taskinstance.py:1956} INFO - Dependencies all met for dep_context=non-requeueable deps ti=<TaskInstance: elt_IBGE.processar_dados_ibge manual__2025-05-09T16:16:29.293540+00:00 [queued]>
[2025-05-09T16:16:42.780+0000] {taskinstance.py:1956} INFO - Dependencies all met for dep_context=requeueable deps ti=<TaskInstance: elt_IBGE.processar_dados_ibge manual__2025-05-09T16:16:29.293540+00:00 [queued]>
[2025-05-09T16:16:42.780+0000] {taskinstance.py:2170} INFO - Starting attempt 1 of 1
[2025-05-09T16:16:42.824+0000] {taskinstance.py:2191} INFO - Executing <Task(_PythonDecoratedOperator): processar_dados_ibge> on 2025-05-09 16:16:29.293540+00:00
[2025-05-09T16:16:42.830+0000] {standard_task_runner.py:60} INFO - Started process 514 to run task
[2025-05-09T16:16:42.832+0000] {standard_task_runner.py:87} INFO - Running: ['***', 'tasks', 'run', 'elt_IBGE', 'processar_dados_ibge', 'manual__2025-05-09T16:16:29.293540+00:00', '--job-id', '12', '--raw', '--subdir', 'DAGS_FOLDER/etl.py', '--cfg-path', '/tmp/tmp4dg83mzn']
[2025-05-09T16:16:42.834+0000] {standard_task_runner.py:88} INFO - Job 12: Subtask processar_dados_ibge
[2025-05-09T16:16:42.910+0000] {task_command.py:423} INFO - Running <TaskInstance: elt_IBGE.processar_dados_ibge manual__2025-05-09T16:16:29.293540+00:00 [running]> on host 59e4007f2f7a
[2025-05-09T16:16:43.097+0000] {taskinstance.py:2480} INFO - Exporting env vars: AIRFLOW_CTX_DAG_OWNER='***' AIRFLOW_CTX_DAG_ID='elt_IBGE' AIRFLOW_CTX_TASK_ID='processar_dados_ibge' AIRFLOW_CTX_EXECUTION_DATE='2025-05-09T16:16:29.293540+00:00' AIRFLOW_CTX_TRY_NUMBER='1' AIRFLOW_CTX_DAG_RUN_ID='manual__2025-05-09T16:16:29.293540+00:00'
[2025-05-09T16:16:43.367+0000] {python.py:201} INFO - Done. Returned value was:     pais  ... Redes - Percentual de usuários de Internet
0     AR  ...                                       None
1     AR  ...                                          0
2     AR  ...                                       None
3     AR  ...                                       0.09
4     AR  ...                                       None
..   ...  ...                                        ...
109   BR  ...                                      80.69
110   BR  ...                                       None
111   BR  ...                                      80.53
112   BR  ...                                       None
113   BR  ...                                      84.15

[114 rows x 36 columns]
[2025-05-09T16:16:44.045+0000] {taskinstance.py:1138} INFO - Marking task as SUCCESS. dag_id=elt_IBGE, task_id=processar_dados_ibge, execution_date=20250509T161629, start_date=20250509T161642, end_date=20250509T161644
[2025-05-09T16:16:44.096+0000] {local_task_job_runner.py:234} INFO - Task exited with return code 0
[2025-05-09T16:16:44.118+0000] {taskinstance.py:3280} INFO - 1 downstream tasks scheduled from follow-on schedule check
