[2025-05-09T16:00:26.841+0000] {processor.py:161} INFO - Started process (PID=181) to work on /opt/airflow/dags/etl.py
[2025-05-09T16:00:26.842+0000] {processor.py:830} INFO - Processing file /opt/airflow/dags/etl.py for tasks to queue
[2025-05-09T16:00:26.844+0000] {logging_mixin.py:188} INFO - [2025-05-09T16:00:26.843+0000] {dagbag.py:538} INFO - Filling up the DagBag from /opt/airflow/dags/etl.py
[2025-05-09T16:00:26.867+0000] {processor.py:840} INFO - DAG(s) 'elt_IBGE' retrieved from /opt/airflow/dags/etl.py
[2025-05-09T16:00:27.143+0000] {logging_mixin.py:188} INFO - [2025-05-09T16:00:27.143+0000] {dag.py:3036} INFO - Sync 1 DAGs
[2025-05-09T16:00:27.153+0000] {logging_mixin.py:188} INFO - [2025-05-09T16:00:27.153+0000] {dag.py:3823} INFO - Setting next_dagrun for elt_IBGE to None, run_after=None
[2025-05-09T16:00:27.339+0000] {processor.py:183} INFO - Processing /opt/airflow/dags/etl.py took 0.501 seconds
[2025-05-09T16:00:57.772+0000] {processor.py:161} INFO - Started process (PID=192) to work on /opt/airflow/dags/etl.py
[2025-05-09T16:00:57.773+0000] {processor.py:830} INFO - Processing file /opt/airflow/dags/etl.py for tasks to queue
[2025-05-09T16:00:57.774+0000] {logging_mixin.py:188} INFO - [2025-05-09T16:00:57.773+0000] {dagbag.py:538} INFO - Filling up the DagBag from /opt/airflow/dags/etl.py
[2025-05-09T16:00:57.792+0000] {processor.py:840} INFO - DAG(s) 'elt_IBGE' retrieved from /opt/airflow/dags/etl.py
[2025-05-09T16:00:57.819+0000] {logging_mixin.py:188} INFO - [2025-05-09T16:00:57.819+0000] {dag.py:3036} INFO - Sync 1 DAGs
[2025-05-09T16:00:57.831+0000] {logging_mixin.py:188} INFO - [2025-05-09T16:00:57.830+0000] {dag.py:3823} INFO - Setting next_dagrun for elt_IBGE to None, run_after=None
[2025-05-09T16:00:58.167+0000] {processor.py:183} INFO - Processing /opt/airflow/dags/etl.py took 0.398 seconds
[2025-05-09T16:01:28.583+0000] {processor.py:161} INFO - Started process (PID=202) to work on /opt/airflow/dags/etl.py
[2025-05-09T16:01:28.584+0000] {processor.py:830} INFO - Processing file /opt/airflow/dags/etl.py for tasks to queue
[2025-05-09T16:01:28.585+0000] {logging_mixin.py:188} INFO - [2025-05-09T16:01:28.584+0000] {dagbag.py:538} INFO - Filling up the DagBag from /opt/airflow/dags/etl.py
[2025-05-09T16:01:28.603+0000] {processor.py:840} INFO - DAG(s) 'elt_IBGE' retrieved from /opt/airflow/dags/etl.py
[2025-05-09T16:01:28.633+0000] {logging_mixin.py:188} INFO - [2025-05-09T16:01:28.633+0000] {dag.py:3036} INFO - Sync 1 DAGs
[2025-05-09T16:01:28.644+0000] {logging_mixin.py:188} INFO - [2025-05-09T16:01:28.644+0000] {dag.py:3823} INFO - Setting next_dagrun for elt_IBGE to None, run_after=None
[2025-05-09T16:01:28.716+0000] {processor.py:183} INFO - Processing /opt/airflow/dags/etl.py took 0.136 seconds
[2025-05-09T16:01:59.240+0000] {processor.py:161} INFO - Started process (PID=212) to work on /opt/airflow/dags/etl.py
[2025-05-09T16:01:59.241+0000] {processor.py:830} INFO - Processing file /opt/airflow/dags/etl.py for tasks to queue
[2025-05-09T16:01:59.242+0000] {logging_mixin.py:188} INFO - [2025-05-09T16:01:59.242+0000] {dagbag.py:538} INFO - Filling up the DagBag from /opt/airflow/dags/etl.py
[2025-05-09T16:01:59.262+0000] {processor.py:840} INFO - DAG(s) 'elt_IBGE' retrieved from /opt/airflow/dags/etl.py
[2025-05-09T16:01:59.324+0000] {logging_mixin.py:188} INFO - [2025-05-09T16:01:59.324+0000] {dag.py:3036} INFO - Sync 1 DAGs
[2025-05-09T16:01:59.357+0000] {logging_mixin.py:188} INFO - [2025-05-09T16:01:59.357+0000] {dag.py:3823} INFO - Setting next_dagrun for elt_IBGE to None, run_after=None
[2025-05-09T16:01:59.474+0000] {processor.py:183} INFO - Processing /opt/airflow/dags/etl.py took 0.237 seconds
[2025-05-09T16:02:29.996+0000] {processor.py:161} INFO - Started process (PID=222) to work on /opt/airflow/dags/etl.py
[2025-05-09T16:02:29.997+0000] {processor.py:830} INFO - Processing file /opt/airflow/dags/etl.py for tasks to queue
[2025-05-09T16:02:29.999+0000] {logging_mixin.py:188} INFO - [2025-05-09T16:02:29.998+0000] {dagbag.py:538} INFO - Filling up the DagBag from /opt/airflow/dags/etl.py
[2025-05-09T16:02:30.017+0000] {processor.py:840} INFO - DAG(s) 'elt_IBGE' retrieved from /opt/airflow/dags/etl.py
[2025-05-09T16:02:30.045+0000] {logging_mixin.py:188} INFO - [2025-05-09T16:02:30.045+0000] {dag.py:3036} INFO - Sync 1 DAGs
[2025-05-09T16:02:30.057+0000] {logging_mixin.py:188} INFO - [2025-05-09T16:02:30.057+0000] {dag.py:3823} INFO - Setting next_dagrun for elt_IBGE to None, run_after=None
[2025-05-09T16:02:30.105+0000] {processor.py:183} INFO - Processing /opt/airflow/dags/etl.py took 0.112 seconds
[2025-05-09T16:03:00.590+0000] {processor.py:161} INFO - Started process (PID=232) to work on /opt/airflow/dags/etl.py
[2025-05-09T16:03:00.591+0000] {processor.py:830} INFO - Processing file /opt/airflow/dags/etl.py for tasks to queue
[2025-05-09T16:03:00.592+0000] {logging_mixin.py:188} INFO - [2025-05-09T16:03:00.591+0000] {dagbag.py:538} INFO - Filling up the DagBag from /opt/airflow/dags/etl.py
[2025-05-09T16:03:00.609+0000] {processor.py:840} INFO - DAG(s) 'elt_IBGE' retrieved from /opt/airflow/dags/etl.py
[2025-05-09T16:03:00.636+0000] {logging_mixin.py:188} INFO - [2025-05-09T16:03:00.636+0000] {dag.py:3036} INFO - Sync 1 DAGs
[2025-05-09T16:03:00.647+0000] {logging_mixin.py:188} INFO - [2025-05-09T16:03:00.647+0000] {dag.py:3823} INFO - Setting next_dagrun for elt_IBGE to None, run_after=None
[2025-05-09T16:03:00.695+0000] {processor.py:183} INFO - Processing /opt/airflow/dags/etl.py took 0.109 seconds
[2025-05-09T16:03:31.201+0000] {processor.py:161} INFO - Started process (PID=242) to work on /opt/airflow/dags/etl.py
[2025-05-09T16:03:31.202+0000] {processor.py:830} INFO - Processing file /opt/airflow/dags/etl.py for tasks to queue
[2025-05-09T16:03:31.203+0000] {logging_mixin.py:188} INFO - [2025-05-09T16:03:31.203+0000] {dagbag.py:538} INFO - Filling up the DagBag from /opt/airflow/dags/etl.py
[2025-05-09T16:03:31.222+0000] {processor.py:840} INFO - DAG(s) 'elt_IBGE' retrieved from /opt/airflow/dags/etl.py
[2025-05-09T16:03:31.252+0000] {logging_mixin.py:188} INFO - [2025-05-09T16:03:31.252+0000] {dag.py:3036} INFO - Sync 1 DAGs
[2025-05-09T16:03:31.265+0000] {logging_mixin.py:188} INFO - [2025-05-09T16:03:31.265+0000] {dag.py:3823} INFO - Setting next_dagrun for elt_IBGE to None, run_after=None
[2025-05-09T16:03:31.316+0000] {processor.py:183} INFO - Processing /opt/airflow/dags/etl.py took 0.118 seconds
[2025-05-09T16:04:02.091+0000] {processor.py:161} INFO - Started process (PID=252) to work on /opt/airflow/dags/etl.py
[2025-05-09T16:04:02.092+0000] {processor.py:830} INFO - Processing file /opt/airflow/dags/etl.py for tasks to queue
[2025-05-09T16:04:02.093+0000] {logging_mixin.py:188} INFO - [2025-05-09T16:04:02.092+0000] {dagbag.py:538} INFO - Filling up the DagBag from /opt/airflow/dags/etl.py
[2025-05-09T16:04:02.113+0000] {processor.py:840} INFO - DAG(s) 'elt_IBGE' retrieved from /opt/airflow/dags/etl.py
[2025-05-09T16:04:02.143+0000] {logging_mixin.py:188} INFO - [2025-05-09T16:04:02.143+0000] {dag.py:3036} INFO - Sync 1 DAGs
[2025-05-09T16:04:02.154+0000] {logging_mixin.py:188} INFO - [2025-05-09T16:04:02.154+0000] {dag.py:3823} INFO - Setting next_dagrun for elt_IBGE to None, run_after=None
[2025-05-09T16:04:02.198+0000] {processor.py:183} INFO - Processing /opt/airflow/dags/etl.py took 0.111 seconds
[2025-05-09T16:04:32.669+0000] {processor.py:161} INFO - Started process (PID=262) to work on /opt/airflow/dags/etl.py
[2025-05-09T16:04:32.670+0000] {processor.py:830} INFO - Processing file /opt/airflow/dags/etl.py for tasks to queue
[2025-05-09T16:04:32.671+0000] {logging_mixin.py:188} INFO - [2025-05-09T16:04:32.671+0000] {dagbag.py:538} INFO - Filling up the DagBag from /opt/airflow/dags/etl.py
[2025-05-09T16:04:32.689+0000] {processor.py:840} INFO - DAG(s) 'elt_IBGE' retrieved from /opt/airflow/dags/etl.py
[2025-05-09T16:04:32.721+0000] {logging_mixin.py:188} INFO - [2025-05-09T16:04:32.721+0000] {dag.py:3036} INFO - Sync 1 DAGs
[2025-05-09T16:04:32.734+0000] {logging_mixin.py:188} INFO - [2025-05-09T16:04:32.734+0000] {dag.py:3823} INFO - Setting next_dagrun for elt_IBGE to None, run_after=None
[2025-05-09T16:04:32.806+0000] {processor.py:183} INFO - Processing /opt/airflow/dags/etl.py took 0.140 seconds
[2025-05-09T16:05:03.284+0000] {processor.py:161} INFO - Started process (PID=272) to work on /opt/airflow/dags/etl.py
[2025-05-09T16:05:03.285+0000] {processor.py:830} INFO - Processing file /opt/airflow/dags/etl.py for tasks to queue
[2025-05-09T16:05:03.286+0000] {logging_mixin.py:188} INFO - [2025-05-09T16:05:03.286+0000] {dagbag.py:538} INFO - Filling up the DagBag from /opt/airflow/dags/etl.py
[2025-05-09T16:05:03.303+0000] {processor.py:840} INFO - DAG(s) 'elt_IBGE' retrieved from /opt/airflow/dags/etl.py
[2025-05-09T16:05:03.331+0000] {logging_mixin.py:188} INFO - [2025-05-09T16:05:03.331+0000] {dag.py:3036} INFO - Sync 1 DAGs
[2025-05-09T16:05:03.343+0000] {logging_mixin.py:188} INFO - [2025-05-09T16:05:03.343+0000] {dag.py:3823} INFO - Setting next_dagrun for elt_IBGE to None, run_after=None
[2025-05-09T16:05:03.387+0000] {processor.py:183} INFO - Processing /opt/airflow/dags/etl.py took 0.106 seconds
[2025-05-09T16:05:33.911+0000] {processor.py:161} INFO - Started process (PID=282) to work on /opt/airflow/dags/etl.py
[2025-05-09T16:05:33.912+0000] {processor.py:830} INFO - Processing file /opt/airflow/dags/etl.py for tasks to queue
[2025-05-09T16:05:33.913+0000] {logging_mixin.py:188} INFO - [2025-05-09T16:05:33.913+0000] {dagbag.py:538} INFO - Filling up the DagBag from /opt/airflow/dags/etl.py
[2025-05-09T16:05:33.930+0000] {processor.py:840} INFO - DAG(s) 'elt_IBGE' retrieved from /opt/airflow/dags/etl.py
[2025-05-09T16:05:33.965+0000] {logging_mixin.py:188} INFO - [2025-05-09T16:05:33.964+0000] {dag.py:3036} INFO - Sync 1 DAGs
[2025-05-09T16:05:33.980+0000] {logging_mixin.py:188} INFO - [2025-05-09T16:05:33.979+0000] {dag.py:3823} INFO - Setting next_dagrun for elt_IBGE to None, run_after=None
[2025-05-09T16:05:34.065+0000] {processor.py:183} INFO - Processing /opt/airflow/dags/etl.py took 0.157 seconds
[2025-05-09T16:06:04.393+0000] {processor.py:161} INFO - Started process (PID=292) to work on /opt/airflow/dags/etl.py
[2025-05-09T16:06:04.394+0000] {processor.py:830} INFO - Processing file /opt/airflow/dags/etl.py for tasks to queue
[2025-05-09T16:06:04.395+0000] {logging_mixin.py:188} INFO - [2025-05-09T16:06:04.395+0000] {dagbag.py:538} INFO - Filling up the DagBag from /opt/airflow/dags/etl.py
[2025-05-09T16:06:04.413+0000] {processor.py:840} INFO - DAG(s) 'elt_IBGE' retrieved from /opt/airflow/dags/etl.py
[2025-05-09T16:06:04.440+0000] {logging_mixin.py:188} INFO - [2025-05-09T16:06:04.440+0000] {dag.py:3036} INFO - Sync 1 DAGs
[2025-05-09T16:06:04.451+0000] {logging_mixin.py:188} INFO - [2025-05-09T16:06:04.451+0000] {dag.py:3823} INFO - Setting next_dagrun for elt_IBGE to None, run_after=None
[2025-05-09T16:06:04.504+0000] {processor.py:183} INFO - Processing /opt/airflow/dags/etl.py took 0.114 seconds
[2025-05-09T16:06:34.997+0000] {processor.py:161} INFO - Started process (PID=302) to work on /opt/airflow/dags/etl.py
[2025-05-09T16:06:34.998+0000] {processor.py:830} INFO - Processing file /opt/airflow/dags/etl.py for tasks to queue
[2025-05-09T16:06:34.999+0000] {logging_mixin.py:188} INFO - [2025-05-09T16:06:34.999+0000] {dagbag.py:538} INFO - Filling up the DagBag from /opt/airflow/dags/etl.py
[2025-05-09T16:06:35.017+0000] {processor.py:840} INFO - DAG(s) 'elt_IBGE' retrieved from /opt/airflow/dags/etl.py
[2025-05-09T16:06:35.045+0000] {logging_mixin.py:188} INFO - [2025-05-09T16:06:35.044+0000] {dag.py:3036} INFO - Sync 1 DAGs
[2025-05-09T16:06:35.056+0000] {logging_mixin.py:188} INFO - [2025-05-09T16:06:35.055+0000] {dag.py:3823} INFO - Setting next_dagrun for elt_IBGE to None, run_after=None
[2025-05-09T16:06:35.099+0000] {processor.py:183} INFO - Processing /opt/airflow/dags/etl.py took 0.104 seconds
[2025-05-09T16:07:05.598+0000] {processor.py:161} INFO - Started process (PID=312) to work on /opt/airflow/dags/etl.py
[2025-05-09T16:07:05.600+0000] {processor.py:830} INFO - Processing file /opt/airflow/dags/etl.py for tasks to queue
[2025-05-09T16:07:05.602+0000] {logging_mixin.py:188} INFO - [2025-05-09T16:07:05.601+0000] {dagbag.py:538} INFO - Filling up the DagBag from /opt/airflow/dags/etl.py
[2025-05-09T16:07:05.623+0000] {processor.py:840} INFO - DAG(s) 'elt_IBGE' retrieved from /opt/airflow/dags/etl.py
[2025-05-09T16:07:05.655+0000] {logging_mixin.py:188} INFO - [2025-05-09T16:07:05.654+0000] {dag.py:3036} INFO - Sync 1 DAGs
[2025-05-09T16:07:05.667+0000] {logging_mixin.py:188} INFO - [2025-05-09T16:07:05.667+0000] {dag.py:3823} INFO - Setting next_dagrun for elt_IBGE to None, run_after=None
[2025-05-09T16:07:05.718+0000] {processor.py:183} INFO - Processing /opt/airflow/dags/etl.py took 0.125 seconds
[2025-05-09T16:07:36.209+0000] {processor.py:161} INFO - Started process (PID=322) to work on /opt/airflow/dags/etl.py
[2025-05-09T16:07:36.210+0000] {processor.py:830} INFO - Processing file /opt/airflow/dags/etl.py for tasks to queue
[2025-05-09T16:07:36.211+0000] {logging_mixin.py:188} INFO - [2025-05-09T16:07:36.211+0000] {dagbag.py:538} INFO - Filling up the DagBag from /opt/airflow/dags/etl.py
[2025-05-09T16:07:36.230+0000] {processor.py:840} INFO - DAG(s) 'elt_IBGE' retrieved from /opt/airflow/dags/etl.py
[2025-05-09T16:07:36.258+0000] {logging_mixin.py:188} INFO - [2025-05-09T16:07:36.258+0000] {dag.py:3036} INFO - Sync 1 DAGs
[2025-05-09T16:07:36.270+0000] {logging_mixin.py:188} INFO - [2025-05-09T16:07:36.270+0000] {dag.py:3823} INFO - Setting next_dagrun for elt_IBGE to None, run_after=None
[2025-05-09T16:07:36.319+0000] {processor.py:183} INFO - Processing /opt/airflow/dags/etl.py took 0.113 seconds
[2025-05-09T16:08:06.817+0000] {processor.py:161} INFO - Started process (PID=332) to work on /opt/airflow/dags/etl.py
[2025-05-09T16:08:06.818+0000] {processor.py:830} INFO - Processing file /opt/airflow/dags/etl.py for tasks to queue
[2025-05-09T16:08:06.819+0000] {logging_mixin.py:188} INFO - [2025-05-09T16:08:06.818+0000] {dagbag.py:538} INFO - Filling up the DagBag from /opt/airflow/dags/etl.py
[2025-05-09T16:08:06.836+0000] {processor.py:840} INFO - DAG(s) 'elt_IBGE' retrieved from /opt/airflow/dags/etl.py
[2025-05-09T16:08:06.863+0000] {logging_mixin.py:188} INFO - [2025-05-09T16:08:06.863+0000] {dag.py:3036} INFO - Sync 1 DAGs
[2025-05-09T16:08:06.875+0000] {logging_mixin.py:188} INFO - [2025-05-09T16:08:06.874+0000] {dag.py:3823} INFO - Setting next_dagrun for elt_IBGE to None, run_after=None
[2025-05-09T16:08:06.922+0000] {processor.py:183} INFO - Processing /opt/airflow/dags/etl.py took 0.109 seconds
[2025-05-09T16:08:37.412+0000] {processor.py:161} INFO - Started process (PID=342) to work on /opt/airflow/dags/etl.py
[2025-05-09T16:08:37.413+0000] {processor.py:830} INFO - Processing file /opt/airflow/dags/etl.py for tasks to queue
[2025-05-09T16:08:37.414+0000] {logging_mixin.py:188} INFO - [2025-05-09T16:08:37.414+0000] {dagbag.py:538} INFO - Filling up the DagBag from /opt/airflow/dags/etl.py
[2025-05-09T16:08:37.445+0000] {processor.py:840} INFO - DAG(s) 'elt_IBGE' retrieved from /opt/airflow/dags/etl.py
[2025-05-09T16:08:37.475+0000] {logging_mixin.py:188} INFO - [2025-05-09T16:08:37.475+0000] {dag.py:3036} INFO - Sync 1 DAGs
[2025-05-09T16:08:37.488+0000] {logging_mixin.py:188} INFO - [2025-05-09T16:08:37.488+0000] {dag.py:3823} INFO - Setting next_dagrun for elt_IBGE to None, run_after=None
[2025-05-09T16:08:37.540+0000] {processor.py:183} INFO - Processing /opt/airflow/dags/etl.py took 0.131 seconds
[2025-05-09T16:09:08.036+0000] {processor.py:161} INFO - Started process (PID=352) to work on /opt/airflow/dags/etl.py
[2025-05-09T16:09:08.037+0000] {processor.py:830} INFO - Processing file /opt/airflow/dags/etl.py for tasks to queue
[2025-05-09T16:09:08.038+0000] {logging_mixin.py:188} INFO - [2025-05-09T16:09:08.038+0000] {dagbag.py:538} INFO - Filling up the DagBag from /opt/airflow/dags/etl.py
[2025-05-09T16:09:08.057+0000] {processor.py:840} INFO - DAG(s) 'elt_IBGE' retrieved from /opt/airflow/dags/etl.py
[2025-05-09T16:09:08.085+0000] {logging_mixin.py:188} INFO - [2025-05-09T16:09:08.085+0000] {dag.py:3036} INFO - Sync 1 DAGs
[2025-05-09T16:09:08.096+0000] {logging_mixin.py:188} INFO - [2025-05-09T16:09:08.096+0000] {dag.py:3823} INFO - Setting next_dagrun for elt_IBGE to None, run_after=None
[2025-05-09T16:09:08.143+0000] {processor.py:183} INFO - Processing /opt/airflow/dags/etl.py took 0.110 seconds
[2025-05-09T16:09:38.614+0000] {processor.py:161} INFO - Started process (PID=362) to work on /opt/airflow/dags/etl.py
[2025-05-09T16:09:38.615+0000] {processor.py:830} INFO - Processing file /opt/airflow/dags/etl.py for tasks to queue
[2025-05-09T16:09:38.616+0000] {logging_mixin.py:188} INFO - [2025-05-09T16:09:38.616+0000] {dagbag.py:538} INFO - Filling up the DagBag from /opt/airflow/dags/etl.py
[2025-05-09T16:09:38.634+0000] {processor.py:840} INFO - DAG(s) 'elt_IBGE' retrieved from /opt/airflow/dags/etl.py
[2025-05-09T16:09:38.662+0000] {logging_mixin.py:188} INFO - [2025-05-09T16:09:38.662+0000] {dag.py:3036} INFO - Sync 1 DAGs
[2025-05-09T16:09:38.673+0000] {logging_mixin.py:188} INFO - [2025-05-09T16:09:38.673+0000] {dag.py:3823} INFO - Setting next_dagrun for elt_IBGE to None, run_after=None
[2025-05-09T16:09:38.720+0000] {processor.py:183} INFO - Processing /opt/airflow/dags/etl.py took 0.109 seconds
[2025-05-09T16:10:09.193+0000] {processor.py:161} INFO - Started process (PID=372) to work on /opt/airflow/dags/etl.py
[2025-05-09T16:10:09.194+0000] {processor.py:830} INFO - Processing file /opt/airflow/dags/etl.py for tasks to queue
[2025-05-09T16:10:09.195+0000] {logging_mixin.py:188} INFO - [2025-05-09T16:10:09.195+0000] {dagbag.py:538} INFO - Filling up the DagBag from /opt/airflow/dags/etl.py
[2025-05-09T16:10:09.212+0000] {processor.py:840} INFO - DAG(s) 'elt_IBGE' retrieved from /opt/airflow/dags/etl.py
[2025-05-09T16:10:09.239+0000] {logging_mixin.py:188} INFO - [2025-05-09T16:10:09.239+0000] {dag.py:3036} INFO - Sync 1 DAGs
[2025-05-09T16:10:09.251+0000] {logging_mixin.py:188} INFO - [2025-05-09T16:10:09.251+0000] {dag.py:3823} INFO - Setting next_dagrun for elt_IBGE to None, run_after=None
[2025-05-09T16:10:09.299+0000] {processor.py:183} INFO - Processing /opt/airflow/dags/etl.py took 0.109 seconds
[2025-05-09T16:10:39.830+0000] {processor.py:161} INFO - Started process (PID=382) to work on /opt/airflow/dags/etl.py
[2025-05-09T16:10:39.831+0000] {processor.py:830} INFO - Processing file /opt/airflow/dags/etl.py for tasks to queue
[2025-05-09T16:10:39.832+0000] {logging_mixin.py:188} INFO - [2025-05-09T16:10:39.831+0000] {dagbag.py:538} INFO - Filling up the DagBag from /opt/airflow/dags/etl.py
[2025-05-09T16:10:39.850+0000] {processor.py:840} INFO - DAG(s) 'elt_IBGE' retrieved from /opt/airflow/dags/etl.py
[2025-05-09T16:10:39.878+0000] {logging_mixin.py:188} INFO - [2025-05-09T16:10:39.878+0000] {dag.py:3036} INFO - Sync 1 DAGs
[2025-05-09T16:10:39.889+0000] {logging_mixin.py:188} INFO - [2025-05-09T16:10:39.889+0000] {dag.py:3823} INFO - Setting next_dagrun for elt_IBGE to None, run_after=None
[2025-05-09T16:10:39.938+0000] {processor.py:183} INFO - Processing /opt/airflow/dags/etl.py took 0.111 seconds
[2025-05-09T16:11:10.383+0000] {processor.py:161} INFO - Started process (PID=392) to work on /opt/airflow/dags/etl.py
[2025-05-09T16:11:10.384+0000] {processor.py:830} INFO - Processing file /opt/airflow/dags/etl.py for tasks to queue
[2025-05-09T16:11:10.385+0000] {logging_mixin.py:188} INFO - [2025-05-09T16:11:10.385+0000] {dagbag.py:538} INFO - Filling up the DagBag from /opt/airflow/dags/etl.py
[2025-05-09T16:11:10.402+0000] {processor.py:840} INFO - DAG(s) 'elt_IBGE' retrieved from /opt/airflow/dags/etl.py
[2025-05-09T16:11:10.435+0000] {logging_mixin.py:188} INFO - [2025-05-09T16:11:10.435+0000] {dag.py:3036} INFO - Sync 1 DAGs
[2025-05-09T16:11:10.447+0000] {logging_mixin.py:188} INFO - [2025-05-09T16:11:10.447+0000] {dag.py:3823} INFO - Setting next_dagrun for elt_IBGE to None, run_after=None
[2025-05-09T16:11:10.498+0000] {processor.py:183} INFO - Processing /opt/airflow/dags/etl.py took 0.117 seconds
[2025-05-09T16:11:40.932+0000] {processor.py:161} INFO - Started process (PID=402) to work on /opt/airflow/dags/etl.py
[2025-05-09T16:11:40.933+0000] {processor.py:830} INFO - Processing file /opt/airflow/dags/etl.py for tasks to queue
[2025-05-09T16:11:40.934+0000] {logging_mixin.py:188} INFO - [2025-05-09T16:11:40.934+0000] {dagbag.py:538} INFO - Filling up the DagBag from /opt/airflow/dags/etl.py
[2025-05-09T16:11:40.953+0000] {processor.py:840} INFO - DAG(s) 'elt_IBGE' retrieved from /opt/airflow/dags/etl.py
[2025-05-09T16:11:40.981+0000] {logging_mixin.py:188} INFO - [2025-05-09T16:11:40.980+0000] {dag.py:3036} INFO - Sync 1 DAGs
[2025-05-09T16:11:40.992+0000] {logging_mixin.py:188} INFO - [2025-05-09T16:11:40.992+0000] {dag.py:3823} INFO - Setting next_dagrun for elt_IBGE to None, run_after=None
[2025-05-09T16:11:41.038+0000] {processor.py:183} INFO - Processing /opt/airflow/dags/etl.py took 0.110 seconds
[2025-05-09T16:12:11.499+0000] {processor.py:161} INFO - Started process (PID=412) to work on /opt/airflow/dags/etl.py
[2025-05-09T16:12:11.500+0000] {processor.py:830} INFO - Processing file /opt/airflow/dags/etl.py for tasks to queue
[2025-05-09T16:12:11.501+0000] {logging_mixin.py:188} INFO - [2025-05-09T16:12:11.500+0000] {dagbag.py:538} INFO - Filling up the DagBag from /opt/airflow/dags/etl.py
[2025-05-09T16:12:11.518+0000] {processor.py:840} INFO - DAG(s) 'elt_IBGE' retrieved from /opt/airflow/dags/etl.py
[2025-05-09T16:12:11.546+0000] {logging_mixin.py:188} INFO - [2025-05-09T16:12:11.546+0000] {dag.py:3036} INFO - Sync 1 DAGs
[2025-05-09T16:12:11.558+0000] {logging_mixin.py:188} INFO - [2025-05-09T16:12:11.558+0000] {dag.py:3823} INFO - Setting next_dagrun for elt_IBGE to None, run_after=None
[2025-05-09T16:12:11.610+0000] {processor.py:183} INFO - Processing /opt/airflow/dags/etl.py took 0.114 seconds
[2025-05-09T16:12:42.102+0000] {processor.py:161} INFO - Started process (PID=422) to work on /opt/airflow/dags/etl.py
[2025-05-09T16:12:42.103+0000] {processor.py:830} INFO - Processing file /opt/airflow/dags/etl.py for tasks to queue
[2025-05-09T16:12:42.104+0000] {logging_mixin.py:188} INFO - [2025-05-09T16:12:42.104+0000] {dagbag.py:538} INFO - Filling up the DagBag from /opt/airflow/dags/etl.py
[2025-05-09T16:12:42.123+0000] {processor.py:840} INFO - DAG(s) 'elt_IBGE' retrieved from /opt/airflow/dags/etl.py
[2025-05-09T16:12:42.150+0000] {logging_mixin.py:188} INFO - [2025-05-09T16:12:42.150+0000] {dag.py:3036} INFO - Sync 1 DAGs
[2025-05-09T16:12:42.162+0000] {logging_mixin.py:188} INFO - [2025-05-09T16:12:42.162+0000] {dag.py:3823} INFO - Setting next_dagrun for elt_IBGE to None, run_after=None
[2025-05-09T16:12:42.208+0000] {processor.py:183} INFO - Processing /opt/airflow/dags/etl.py took 0.109 seconds
[2025-05-09T16:13:12.682+0000] {processor.py:161} INFO - Started process (PID=432) to work on /opt/airflow/dags/etl.py
[2025-05-09T16:13:12.683+0000] {processor.py:830} INFO - Processing file /opt/airflow/dags/etl.py for tasks to queue
[2025-05-09T16:13:12.684+0000] {logging_mixin.py:188} INFO - [2025-05-09T16:13:12.683+0000] {dagbag.py:538} INFO - Filling up the DagBag from /opt/airflow/dags/etl.py
[2025-05-09T16:13:12.704+0000] {processor.py:840} INFO - DAG(s) 'elt_IBGE' retrieved from /opt/airflow/dags/etl.py
[2025-05-09T16:13:12.734+0000] {logging_mixin.py:188} INFO - [2025-05-09T16:13:12.734+0000] {dag.py:3036} INFO - Sync 1 DAGs
[2025-05-09T16:13:12.747+0000] {logging_mixin.py:188} INFO - [2025-05-09T16:13:12.746+0000] {dag.py:3823} INFO - Setting next_dagrun for elt_IBGE to None, run_after=None
[2025-05-09T16:13:12.794+0000] {processor.py:183} INFO - Processing /opt/airflow/dags/etl.py took 0.116 seconds
[2025-05-09T16:13:43.266+0000] {processor.py:161} INFO - Started process (PID=442) to work on /opt/airflow/dags/etl.py
[2025-05-09T16:13:43.267+0000] {processor.py:830} INFO - Processing file /opt/airflow/dags/etl.py for tasks to queue
[2025-05-09T16:13:43.269+0000] {logging_mixin.py:188} INFO - [2025-05-09T16:13:43.269+0000] {dagbag.py:538} INFO - Filling up the DagBag from /opt/airflow/dags/etl.py
[2025-05-09T16:13:43.291+0000] {processor.py:840} INFO - DAG(s) 'elt_IBGE' retrieved from /opt/airflow/dags/etl.py
[2025-05-09T16:13:43.319+0000] {logging_mixin.py:188} INFO - [2025-05-09T16:13:43.319+0000] {dag.py:3036} INFO - Sync 1 DAGs
[2025-05-09T16:13:43.332+0000] {logging_mixin.py:188} INFO - [2025-05-09T16:13:43.332+0000] {dag.py:3823} INFO - Setting next_dagrun for elt_IBGE to None, run_after=None
[2025-05-09T16:13:43.433+0000] {processor.py:183} INFO - Processing /opt/airflow/dags/etl.py took 0.171 seconds
[2025-05-09T16:14:13.891+0000] {processor.py:161} INFO - Started process (PID=452) to work on /opt/airflow/dags/etl.py
[2025-05-09T16:14:13.892+0000] {processor.py:830} INFO - Processing file /opt/airflow/dags/etl.py for tasks to queue
[2025-05-09T16:14:13.893+0000] {logging_mixin.py:188} INFO - [2025-05-09T16:14:13.893+0000] {dagbag.py:538} INFO - Filling up the DagBag from /opt/airflow/dags/etl.py
[2025-05-09T16:14:13.912+0000] {processor.py:840} INFO - DAG(s) 'elt_IBGE' retrieved from /opt/airflow/dags/etl.py
[2025-05-09T16:14:13.941+0000] {logging_mixin.py:188} INFO - [2025-05-09T16:14:13.941+0000] {dag.py:3036} INFO - Sync 1 DAGs
[2025-05-09T16:14:13.954+0000] {logging_mixin.py:188} INFO - [2025-05-09T16:14:13.953+0000] {dag.py:3823} INFO - Setting next_dagrun for elt_IBGE to None, run_after=None
[2025-05-09T16:14:13.996+0000] {processor.py:183} INFO - Processing /opt/airflow/dags/etl.py took 0.108 seconds
[2025-05-09T16:14:44.121+0000] {processor.py:161} INFO - Started process (PID=462) to work on /opt/airflow/dags/etl.py
[2025-05-09T16:14:44.122+0000] {processor.py:830} INFO - Processing file /opt/airflow/dags/etl.py for tasks to queue
[2025-05-09T16:14:44.123+0000] {logging_mixin.py:188} INFO - [2025-05-09T16:14:44.123+0000] {dagbag.py:538} INFO - Filling up the DagBag from /opt/airflow/dags/etl.py
[2025-05-09T16:14:44.140+0000] {processor.py:840} INFO - DAG(s) 'elt_IBGE' retrieved from /opt/airflow/dags/etl.py
[2025-05-09T16:14:44.167+0000] {logging_mixin.py:188} INFO - [2025-05-09T16:14:44.167+0000] {dag.py:3036} INFO - Sync 1 DAGs
[2025-05-09T16:14:44.178+0000] {logging_mixin.py:188} INFO - [2025-05-09T16:14:44.178+0000] {dag.py:3823} INFO - Setting next_dagrun for elt_IBGE to None, run_after=None
[2025-05-09T16:14:44.221+0000] {processor.py:183} INFO - Processing /opt/airflow/dags/etl.py took 0.103 seconds
[2025-05-09T16:15:15.236+0000] {processor.py:161} INFO - Started process (PID=472) to work on /opt/airflow/dags/etl.py
[2025-05-09T16:15:15.237+0000] {processor.py:830} INFO - Processing file /opt/airflow/dags/etl.py for tasks to queue
[2025-05-09T16:15:15.238+0000] {logging_mixin.py:188} INFO - [2025-05-09T16:15:15.238+0000] {dagbag.py:538} INFO - Filling up the DagBag from /opt/airflow/dags/etl.py
[2025-05-09T16:15:15.257+0000] {processor.py:840} INFO - DAG(s) 'elt_IBGE' retrieved from /opt/airflow/dags/etl.py
[2025-05-09T16:15:15.284+0000] {logging_mixin.py:188} INFO - [2025-05-09T16:15:15.284+0000] {dag.py:3036} INFO - Sync 1 DAGs
[2025-05-09T16:15:15.296+0000] {logging_mixin.py:188} INFO - [2025-05-09T16:15:15.296+0000] {dag.py:3823} INFO - Setting next_dagrun for elt_IBGE to None, run_after=None
[2025-05-09T16:15:15.343+0000] {processor.py:183} INFO - Processing /opt/airflow/dags/etl.py took 0.110 seconds
[2025-05-09T16:15:45.877+0000] {processor.py:161} INFO - Started process (PID=482) to work on /opt/airflow/dags/etl.py
[2025-05-09T16:15:45.878+0000] {processor.py:830} INFO - Processing file /opt/airflow/dags/etl.py for tasks to queue
[2025-05-09T16:15:45.879+0000] {logging_mixin.py:188} INFO - [2025-05-09T16:15:45.878+0000] {dagbag.py:538} INFO - Filling up the DagBag from /opt/airflow/dags/etl.py
[2025-05-09T16:15:45.896+0000] {processor.py:840} INFO - DAG(s) 'elt_IBGE' retrieved from /opt/airflow/dags/etl.py
[2025-05-09T16:15:45.925+0000] {logging_mixin.py:188} INFO - [2025-05-09T16:15:45.924+0000] {dag.py:3036} INFO - Sync 1 DAGs
[2025-05-09T16:15:45.936+0000] {logging_mixin.py:188} INFO - [2025-05-09T16:15:45.936+0000] {dag.py:3823} INFO - Setting next_dagrun for elt_IBGE to None, run_after=None
[2025-05-09T16:15:45.986+0000] {processor.py:183} INFO - Processing /opt/airflow/dags/etl.py took 0.112 seconds
[2025-05-09T16:15:53.073+0000] {processor.py:161} INFO - Started process (PID=492) to work on /opt/airflow/dags/etl.py
[2025-05-09T16:15:53.074+0000] {processor.py:830} INFO - Processing file /opt/airflow/dags/etl.py for tasks to queue
[2025-05-09T16:15:53.075+0000] {logging_mixin.py:188} INFO - [2025-05-09T16:15:53.074+0000] {dagbag.py:538} INFO - Filling up the DagBag from /opt/airflow/dags/etl.py
[2025-05-09T16:15:54.057+0000] {processor.py:840} INFO - DAG(s) 'elt_IBGE' retrieved from /opt/airflow/dags/etl.py
[2025-05-09T16:15:54.149+0000] {logging_mixin.py:188} INFO - [2025-05-09T16:15:54.148+0000] {dag.py:3036} INFO - Sync 1 DAGs
[2025-05-09T16:15:54.158+0000] {logging_mixin.py:188} INFO - [2025-05-09T16:15:54.158+0000] {dag.py:3823} INFO - Setting next_dagrun for elt_IBGE to None, run_after=None
[2025-05-09T16:15:54.213+0000] {processor.py:183} INFO - Processing /opt/airflow/dags/etl.py took 1.143 seconds
[2025-05-09T16:16:24.660+0000] {processor.py:161} INFO - Started process (PID=503) to work on /opt/airflow/dags/etl.py
[2025-05-09T16:16:24.661+0000] {processor.py:830} INFO - Processing file /opt/airflow/dags/etl.py for tasks to queue
[2025-05-09T16:16:24.662+0000] {logging_mixin.py:188} INFO - [2025-05-09T16:16:24.662+0000] {dagbag.py:538} INFO - Filling up the DagBag from /opt/airflow/dags/etl.py
[2025-05-09T16:16:24.928+0000] {processor.py:840} INFO - DAG(s) 'elt_IBGE' retrieved from /opt/airflow/dags/etl.py
[2025-05-09T16:16:24.953+0000] {logging_mixin.py:188} INFO - [2025-05-09T16:16:24.953+0000] {dag.py:3036} INFO - Sync 1 DAGs
[2025-05-09T16:16:24.963+0000] {logging_mixin.py:188} INFO - [2025-05-09T16:16:24.963+0000] {dag.py:3823} INFO - Setting next_dagrun for elt_IBGE to None, run_after=None
[2025-05-09T16:16:25.016+0000] {processor.py:183} INFO - Processing /opt/airflow/dags/etl.py took 0.359 seconds
[2025-05-09T16:16:55.067+0000] {processor.py:161} INFO - Started process (PID=530) to work on /opt/airflow/dags/etl.py
[2025-05-09T16:16:55.068+0000] {processor.py:830} INFO - Processing file /opt/airflow/dags/etl.py for tasks to queue
[2025-05-09T16:16:55.069+0000] {logging_mixin.py:188} INFO - [2025-05-09T16:16:55.068+0000] {dagbag.py:538} INFO - Filling up the DagBag from /opt/airflow/dags/etl.py
[2025-05-09T16:16:55.355+0000] {processor.py:840} INFO - DAG(s) 'elt_IBGE' retrieved from /opt/airflow/dags/etl.py
[2025-05-09T16:16:55.382+0000] {logging_mixin.py:188} INFO - [2025-05-09T16:16:55.381+0000] {dag.py:3036} INFO - Sync 1 DAGs
[2025-05-09T16:16:55.393+0000] {logging_mixin.py:188} INFO - [2025-05-09T16:16:55.392+0000] {dag.py:3823} INFO - Setting next_dagrun for elt_IBGE to None, run_after=None
[2025-05-09T16:16:55.447+0000] {processor.py:183} INFO - Processing /opt/airflow/dags/etl.py took 0.383 seconds
[2025-05-09T16:17:25.657+0000] {processor.py:161} INFO - Started process (PID=541) to work on /opt/airflow/dags/etl.py
[2025-05-09T16:17:25.658+0000] {processor.py:830} INFO - Processing file /opt/airflow/dags/etl.py for tasks to queue
[2025-05-09T16:17:25.659+0000] {logging_mixin.py:188} INFO - [2025-05-09T16:17:25.658+0000] {dagbag.py:538} INFO - Filling up the DagBag from /opt/airflow/dags/etl.py
[2025-05-09T16:17:25.920+0000] {processor.py:840} INFO - DAG(s) 'elt_IBGE' retrieved from /opt/airflow/dags/etl.py
[2025-05-09T16:17:25.946+0000] {logging_mixin.py:188} INFO - [2025-05-09T16:17:25.946+0000] {dag.py:3036} INFO - Sync 1 DAGs
[2025-05-09T16:17:25.957+0000] {logging_mixin.py:188} INFO - [2025-05-09T16:17:25.957+0000] {dag.py:3823} INFO - Setting next_dagrun for elt_IBGE to None, run_after=None
[2025-05-09T16:17:26.003+0000] {processor.py:183} INFO - Processing /opt/airflow/dags/etl.py took 0.350 seconds
[2025-05-09T16:17:56.223+0000] {processor.py:161} INFO - Started process (PID=552) to work on /opt/airflow/dags/etl.py
[2025-05-09T16:17:56.224+0000] {processor.py:830} INFO - Processing file /opt/airflow/dags/etl.py for tasks to queue
[2025-05-09T16:17:56.225+0000] {logging_mixin.py:188} INFO - [2025-05-09T16:17:56.224+0000] {dagbag.py:538} INFO - Filling up the DagBag from /opt/airflow/dags/etl.py
[2025-05-09T16:17:56.497+0000] {processor.py:840} INFO - DAG(s) 'elt_IBGE' retrieved from /opt/airflow/dags/etl.py
[2025-05-09T16:17:56.523+0000] {logging_mixin.py:188} INFO - [2025-05-09T16:17:56.523+0000] {dag.py:3036} INFO - Sync 1 DAGs
[2025-05-09T16:17:56.533+0000] {logging_mixin.py:188} INFO - [2025-05-09T16:17:56.533+0000] {dag.py:3823} INFO - Setting next_dagrun for elt_IBGE to None, run_after=None
[2025-05-09T16:17:56.576+0000] {processor.py:183} INFO - Processing /opt/airflow/dags/etl.py took 0.356 seconds
[2025-05-09T16:18:09.664+0000] {processor.py:161} INFO - Started process (PID=558) to work on /opt/airflow/dags/etl.py
[2025-05-09T16:18:09.665+0000] {processor.py:830} INFO - Processing file /opt/airflow/dags/etl.py for tasks to queue
[2025-05-09T16:18:09.666+0000] {logging_mixin.py:188} INFO - [2025-05-09T16:18:09.666+0000] {dagbag.py:538} INFO - Filling up the DagBag from /opt/airflow/dags/etl.py
[2025-05-09T16:18:09.937+0000] {processor.py:840} INFO - DAG(s) 'elt_IBGE' retrieved from /opt/airflow/dags/etl.py
[2025-05-09T16:18:10.029+0000] {logging_mixin.py:188} INFO - [2025-05-09T16:18:10.028+0000] {dag.py:3036} INFO - Sync 1 DAGs
[2025-05-09T16:18:10.038+0000] {logging_mixin.py:188} INFO - [2025-05-09T16:18:10.037+0000] {dag.py:3823} INFO - Setting next_dagrun for elt_IBGE to None, run_after=None
[2025-05-09T16:18:10.122+0000] {processor.py:183} INFO - Processing /opt/airflow/dags/etl.py took 0.461 seconds
[2025-05-09T16:18:22.156+0000] {processor.py:161} INFO - Started process (PID=569) to work on /opt/airflow/dags/etl.py
[2025-05-09T16:18:22.157+0000] {processor.py:830} INFO - Processing file /opt/airflow/dags/etl.py for tasks to queue
[2025-05-09T16:18:22.158+0000] {logging_mixin.py:188} INFO - [2025-05-09T16:18:22.158+0000] {dagbag.py:538} INFO - Filling up the DagBag from /opt/airflow/dags/etl.py
[2025-05-09T16:18:22.478+0000] {processor.py:840} INFO - DAG(s) 'elt_IBGE' retrieved from /opt/airflow/dags/etl.py
[2025-05-09T16:18:22.517+0000] {logging_mixin.py:188} INFO - [2025-05-09T16:18:22.517+0000] {dag.py:3036} INFO - Sync 1 DAGs
[2025-05-09T16:18:22.540+0000] {logging_mixin.py:188} INFO - [2025-05-09T16:18:22.539+0000] {dag.py:3823} INFO - Setting next_dagrun for elt_IBGE to None, run_after=None
[2025-05-09T16:18:22.593+0000] {processor.py:183} INFO - Processing /opt/airflow/dags/etl.py took 0.439 seconds
[2025-05-09T16:18:52.744+0000] {processor.py:161} INFO - Started process (PID=580) to work on /opt/airflow/dags/etl.py
[2025-05-09T16:18:52.745+0000] {processor.py:830} INFO - Processing file /opt/airflow/dags/etl.py for tasks to queue
[2025-05-09T16:18:52.747+0000] {logging_mixin.py:188} INFO - [2025-05-09T16:18:52.746+0000] {dagbag.py:538} INFO - Filling up the DagBag from /opt/airflow/dags/etl.py
[2025-05-09T16:18:53.030+0000] {processor.py:840} INFO - DAG(s) 'elt_IBGE' retrieved from /opt/airflow/dags/etl.py
[2025-05-09T16:18:53.058+0000] {logging_mixin.py:188} INFO - [2025-05-09T16:18:53.058+0000] {dag.py:3036} INFO - Sync 1 DAGs
[2025-05-09T16:18:53.070+0000] {logging_mixin.py:188} INFO - [2025-05-09T16:18:53.069+0000] {dag.py:3823} INFO - Setting next_dagrun for elt_IBGE to None, run_after=None
[2025-05-09T16:18:53.121+0000] {processor.py:183} INFO - Processing /opt/airflow/dags/etl.py took 0.381 seconds
[2025-05-09T16:19:23.178+0000] {processor.py:161} INFO - Started process (PID=591) to work on /opt/airflow/dags/etl.py
[2025-05-09T16:19:23.179+0000] {processor.py:830} INFO - Processing file /opt/airflow/dags/etl.py for tasks to queue
[2025-05-09T16:19:23.181+0000] {logging_mixin.py:188} INFO - [2025-05-09T16:19:23.180+0000] {dagbag.py:538} INFO - Filling up the DagBag from /opt/airflow/dags/etl.py
[2025-05-09T16:19:23.471+0000] {processor.py:840} INFO - DAG(s) 'elt_IBGE' retrieved from /opt/airflow/dags/etl.py
[2025-05-09T16:19:23.497+0000] {logging_mixin.py:188} INFO - [2025-05-09T16:19:23.497+0000] {dag.py:3036} INFO - Sync 1 DAGs
[2025-05-09T16:19:23.509+0000] {logging_mixin.py:188} INFO - [2025-05-09T16:19:23.508+0000] {dag.py:3823} INFO - Setting next_dagrun for elt_IBGE to None, run_after=None
[2025-05-09T16:19:23.547+0000] {processor.py:183} INFO - Processing /opt/airflow/dags/etl.py took 0.373 seconds
[2025-05-09T16:19:53.746+0000] {processor.py:161} INFO - Started process (PID=602) to work on /opt/airflow/dags/etl.py
[2025-05-09T16:19:53.747+0000] {processor.py:830} INFO - Processing file /opt/airflow/dags/etl.py for tasks to queue
[2025-05-09T16:19:53.748+0000] {logging_mixin.py:188} INFO - [2025-05-09T16:19:53.748+0000] {dagbag.py:538} INFO - Filling up the DagBag from /opt/airflow/dags/etl.py
[2025-05-09T16:19:54.009+0000] {processor.py:840} INFO - DAG(s) 'elt_IBGE' retrieved from /opt/airflow/dags/etl.py
[2025-05-09T16:19:54.035+0000] {logging_mixin.py:188} INFO - [2025-05-09T16:19:54.034+0000] {dag.py:3036} INFO - Sync 1 DAGs
[2025-05-09T16:19:54.046+0000] {logging_mixin.py:188} INFO - [2025-05-09T16:19:54.046+0000] {dag.py:3823} INFO - Setting next_dagrun for elt_IBGE to None, run_after=None
[2025-05-09T16:19:54.095+0000] {processor.py:183} INFO - Processing /opt/airflow/dags/etl.py took 0.352 seconds
[2025-05-09T16:20:24.312+0000] {processor.py:161} INFO - Started process (PID=613) to work on /opt/airflow/dags/etl.py
[2025-05-09T16:20:24.313+0000] {processor.py:830} INFO - Processing file /opt/airflow/dags/etl.py for tasks to queue
[2025-05-09T16:20:24.314+0000] {logging_mixin.py:188} INFO - [2025-05-09T16:20:24.314+0000] {dagbag.py:538} INFO - Filling up the DagBag from /opt/airflow/dags/etl.py
[2025-05-09T16:20:24.576+0000] {processor.py:840} INFO - DAG(s) 'elt_IBGE' retrieved from /opt/airflow/dags/etl.py
[2025-05-09T16:20:24.601+0000] {logging_mixin.py:188} INFO - [2025-05-09T16:20:24.600+0000] {dag.py:3036} INFO - Sync 1 DAGs
[2025-05-09T16:20:24.612+0000] {logging_mixin.py:188} INFO - [2025-05-09T16:20:24.612+0000] {dag.py:3823} INFO - Setting next_dagrun for elt_IBGE to None, run_after=None
[2025-05-09T16:20:24.665+0000] {processor.py:183} INFO - Processing /opt/airflow/dags/etl.py took 0.356 seconds
[2025-05-09T16:20:54.939+0000] {processor.py:161} INFO - Started process (PID=624) to work on /opt/airflow/dags/etl.py
[2025-05-09T16:20:54.941+0000] {processor.py:830} INFO - Processing file /opt/airflow/dags/etl.py for tasks to queue
[2025-05-09T16:20:54.942+0000] {logging_mixin.py:188} INFO - [2025-05-09T16:20:54.941+0000] {dagbag.py:538} INFO - Filling up the DagBag from /opt/airflow/dags/etl.py
[2025-05-09T16:20:55.215+0000] {processor.py:840} INFO - DAG(s) 'elt_IBGE' retrieved from /opt/airflow/dags/etl.py
[2025-05-09T16:20:55.242+0000] {logging_mixin.py:188} INFO - [2025-05-09T16:20:55.241+0000] {dag.py:3036} INFO - Sync 1 DAGs
[2025-05-09T16:20:55.252+0000] {logging_mixin.py:188} INFO - [2025-05-09T16:20:55.252+0000] {dag.py:3823} INFO - Setting next_dagrun for elt_IBGE to None, run_after=None
[2025-05-09T16:20:55.292+0000] {processor.py:183} INFO - Processing /opt/airflow/dags/etl.py took 0.356 seconds
[2025-05-09T16:21:25.548+0000] {processor.py:161} INFO - Started process (PID=635) to work on /opt/airflow/dags/etl.py
[2025-05-09T16:21:25.549+0000] {processor.py:830} INFO - Processing file /opt/airflow/dags/etl.py for tasks to queue
[2025-05-09T16:21:25.550+0000] {logging_mixin.py:188} INFO - [2025-05-09T16:21:25.549+0000] {dagbag.py:538} INFO - Filling up the DagBag from /opt/airflow/dags/etl.py
[2025-05-09T16:21:25.825+0000] {processor.py:840} INFO - DAG(s) 'elt_IBGE' retrieved from /opt/airflow/dags/etl.py
[2025-05-09T16:21:25.851+0000] {logging_mixin.py:188} INFO - [2025-05-09T16:21:25.850+0000] {dag.py:3036} INFO - Sync 1 DAGs
[2025-05-09T16:21:25.861+0000] {logging_mixin.py:188} INFO - [2025-05-09T16:21:25.861+0000] {dag.py:3823} INFO - Setting next_dagrun for elt_IBGE to None, run_after=None
[2025-05-09T16:21:25.906+0000] {processor.py:183} INFO - Processing /opt/airflow/dags/etl.py took 0.361 seconds
[2025-05-09T16:21:56.142+0000] {processor.py:161} INFO - Started process (PID=646) to work on /opt/airflow/dags/etl.py
[2025-05-09T16:21:56.143+0000] {processor.py:830} INFO - Processing file /opt/airflow/dags/etl.py for tasks to queue
[2025-05-09T16:21:56.144+0000] {logging_mixin.py:188} INFO - [2025-05-09T16:21:56.143+0000] {dagbag.py:538} INFO - Filling up the DagBag from /opt/airflow/dags/etl.py
[2025-05-09T16:21:56.406+0000] {processor.py:840} INFO - DAG(s) 'elt_IBGE' retrieved from /opt/airflow/dags/etl.py
[2025-05-09T16:21:56.431+0000] {logging_mixin.py:188} INFO - [2025-05-09T16:21:56.431+0000] {dag.py:3036} INFO - Sync 1 DAGs
[2025-05-09T16:21:56.442+0000] {logging_mixin.py:188} INFO - [2025-05-09T16:21:56.441+0000] {dag.py:3823} INFO - Setting next_dagrun for elt_IBGE to None, run_after=None
[2025-05-09T16:21:56.487+0000] {processor.py:183} INFO - Processing /opt/airflow/dags/etl.py took 0.348 seconds
[2025-05-09T16:22:26.686+0000] {processor.py:161} INFO - Started process (PID=657) to work on /opt/airflow/dags/etl.py
[2025-05-09T16:22:26.687+0000] {processor.py:830} INFO - Processing file /opt/airflow/dags/etl.py for tasks to queue
[2025-05-09T16:22:26.688+0000] {logging_mixin.py:188} INFO - [2025-05-09T16:22:26.688+0000] {dagbag.py:538} INFO - Filling up the DagBag from /opt/airflow/dags/etl.py
[2025-05-09T16:22:26.948+0000] {processor.py:840} INFO - DAG(s) 'elt_IBGE' retrieved from /opt/airflow/dags/etl.py
[2025-05-09T16:22:26.973+0000] {logging_mixin.py:188} INFO - [2025-05-09T16:22:26.973+0000] {dag.py:3036} INFO - Sync 1 DAGs
[2025-05-09T16:22:26.984+0000] {logging_mixin.py:188} INFO - [2025-05-09T16:22:26.984+0000] {dag.py:3823} INFO - Setting next_dagrun for elt_IBGE to None, run_after=None
[2025-05-09T16:22:27.032+0000] {processor.py:183} INFO - Processing /opt/airflow/dags/etl.py took 0.349 seconds
[2025-05-09T16:22:57.257+0000] {processor.py:161} INFO - Started process (PID=668) to work on /opt/airflow/dags/etl.py
[2025-05-09T16:22:57.258+0000] {processor.py:830} INFO - Processing file /opt/airflow/dags/etl.py for tasks to queue
[2025-05-09T16:22:57.259+0000] {logging_mixin.py:188} INFO - [2025-05-09T16:22:57.258+0000] {dagbag.py:538} INFO - Filling up the DagBag from /opt/airflow/dags/etl.py
[2025-05-09T16:22:57.611+0000] {processor.py:840} INFO - DAG(s) 'elt_IBGE' retrieved from /opt/airflow/dags/etl.py
[2025-05-09T16:22:57.638+0000] {logging_mixin.py:188} INFO - [2025-05-09T16:22:57.637+0000] {dag.py:3036} INFO - Sync 1 DAGs
[2025-05-09T16:22:57.649+0000] {logging_mixin.py:188} INFO - [2025-05-09T16:22:57.649+0000] {dag.py:3823} INFO - Setting next_dagrun for elt_IBGE to None, run_after=None
[2025-05-09T16:22:57.698+0000] {processor.py:183} INFO - Processing /opt/airflow/dags/etl.py took 0.444 seconds
[2025-05-09T16:23:27.886+0000] {processor.py:161} INFO - Started process (PID=679) to work on /opt/airflow/dags/etl.py
[2025-05-09T16:23:27.887+0000] {processor.py:830} INFO - Processing file /opt/airflow/dags/etl.py for tasks to queue
[2025-05-09T16:23:27.888+0000] {logging_mixin.py:188} INFO - [2025-05-09T16:23:27.888+0000] {dagbag.py:538} INFO - Filling up the DagBag from /opt/airflow/dags/etl.py
[2025-05-09T16:23:28.157+0000] {processor.py:840} INFO - DAG(s) 'elt_IBGE' retrieved from /opt/airflow/dags/etl.py
[2025-05-09T16:23:28.184+0000] {logging_mixin.py:188} INFO - [2025-05-09T16:23:28.183+0000] {dag.py:3036} INFO - Sync 1 DAGs
[2025-05-09T16:23:28.194+0000] {logging_mixin.py:188} INFO - [2025-05-09T16:23:28.194+0000] {dag.py:3823} INFO - Setting next_dagrun for elt_IBGE to None, run_after=None
[2025-05-09T16:23:28.242+0000] {processor.py:183} INFO - Processing /opt/airflow/dags/etl.py took 0.359 seconds
[2025-05-09T16:23:58.532+0000] {processor.py:161} INFO - Started process (PID=690) to work on /opt/airflow/dags/etl.py
[2025-05-09T16:23:58.533+0000] {processor.py:830} INFO - Processing file /opt/airflow/dags/etl.py for tasks to queue
[2025-05-09T16:23:58.534+0000] {logging_mixin.py:188} INFO - [2025-05-09T16:23:58.534+0000] {dagbag.py:538} INFO - Filling up the DagBag from /opt/airflow/dags/etl.py
[2025-05-09T16:23:58.830+0000] {processor.py:840} INFO - DAG(s) 'elt_IBGE' retrieved from /opt/airflow/dags/etl.py
[2025-05-09T16:23:58.856+0000] {logging_mixin.py:188} INFO - [2025-05-09T16:23:58.855+0000] {dag.py:3036} INFO - Sync 1 DAGs
[2025-05-09T16:23:58.867+0000] {logging_mixin.py:188} INFO - [2025-05-09T16:23:58.867+0000] {dag.py:3823} INFO - Setting next_dagrun for elt_IBGE to None, run_after=None
[2025-05-09T16:23:58.915+0000] {processor.py:183} INFO - Processing /opt/airflow/dags/etl.py took 0.386 seconds
[2025-05-09T16:24:29.166+0000] {processor.py:161} INFO - Started process (PID=701) to work on /opt/airflow/dags/etl.py
[2025-05-09T16:24:29.167+0000] {processor.py:830} INFO - Processing file /opt/airflow/dags/etl.py for tasks to queue
[2025-05-09T16:24:29.168+0000] {logging_mixin.py:188} INFO - [2025-05-09T16:24:29.168+0000] {dagbag.py:538} INFO - Filling up the DagBag from /opt/airflow/dags/etl.py
[2025-05-09T16:24:29.430+0000] {processor.py:840} INFO - DAG(s) 'elt_IBGE' retrieved from /opt/airflow/dags/etl.py
[2025-05-09T16:24:29.456+0000] {logging_mixin.py:188} INFO - [2025-05-09T16:24:29.456+0000] {dag.py:3036} INFO - Sync 1 DAGs
[2025-05-09T16:24:29.467+0000] {logging_mixin.py:188} INFO - [2025-05-09T16:24:29.466+0000] {dag.py:3823} INFO - Setting next_dagrun for elt_IBGE to None, run_after=None
[2025-05-09T16:24:29.515+0000] {processor.py:183} INFO - Processing /opt/airflow/dags/etl.py took 0.352 seconds
[2025-05-09T16:24:59.772+0000] {processor.py:161} INFO - Started process (PID=712) to work on /opt/airflow/dags/etl.py
[2025-05-09T16:24:59.773+0000] {processor.py:830} INFO - Processing file /opt/airflow/dags/etl.py for tasks to queue
[2025-05-09T16:24:59.774+0000] {logging_mixin.py:188} INFO - [2025-05-09T16:24:59.774+0000] {dagbag.py:538} INFO - Filling up the DagBag from /opt/airflow/dags/etl.py
[2025-05-09T16:25:00.056+0000] {processor.py:840} INFO - DAG(s) 'elt_IBGE' retrieved from /opt/airflow/dags/etl.py
[2025-05-09T16:25:00.083+0000] {logging_mixin.py:188} INFO - [2025-05-09T16:25:00.082+0000] {dag.py:3036} INFO - Sync 1 DAGs
[2025-05-09T16:25:00.095+0000] {logging_mixin.py:188} INFO - [2025-05-09T16:25:00.094+0000] {dag.py:3823} INFO - Setting next_dagrun for elt_IBGE to None, run_after=None
[2025-05-09T16:25:00.140+0000] {processor.py:183} INFO - Processing /opt/airflow/dags/etl.py took 0.371 seconds
[2025-05-09T16:25:30.395+0000] {processor.py:161} INFO - Started process (PID=723) to work on /opt/airflow/dags/etl.py
[2025-05-09T16:25:30.396+0000] {processor.py:830} INFO - Processing file /opt/airflow/dags/etl.py for tasks to queue
[2025-05-09T16:25:30.397+0000] {logging_mixin.py:188} INFO - [2025-05-09T16:25:30.396+0000] {dagbag.py:538} INFO - Filling up the DagBag from /opt/airflow/dags/etl.py
[2025-05-09T16:25:30.675+0000] {processor.py:840} INFO - DAG(s) 'elt_IBGE' retrieved from /opt/airflow/dags/etl.py
[2025-05-09T16:25:30.701+0000] {logging_mixin.py:188} INFO - [2025-05-09T16:25:30.701+0000] {dag.py:3036} INFO - Sync 1 DAGs
[2025-05-09T16:25:30.712+0000] {logging_mixin.py:188} INFO - [2025-05-09T16:25:30.711+0000] {dag.py:3823} INFO - Setting next_dagrun for elt_IBGE to None, run_after=None
[2025-05-09T16:25:30.757+0000] {processor.py:183} INFO - Processing /opt/airflow/dags/etl.py took 0.365 seconds
[2025-05-09T16:26:00.891+0000] {processor.py:161} INFO - Started process (PID=734) to work on /opt/airflow/dags/etl.py
[2025-05-09T16:26:00.892+0000] {processor.py:830} INFO - Processing file /opt/airflow/dags/etl.py for tasks to queue
[2025-05-09T16:26:00.893+0000] {logging_mixin.py:188} INFO - [2025-05-09T16:26:00.893+0000] {dagbag.py:538} INFO - Filling up the DagBag from /opt/airflow/dags/etl.py
[2025-05-09T16:26:01.165+0000] {processor.py:840} INFO - DAG(s) 'elt_IBGE' retrieved from /opt/airflow/dags/etl.py
[2025-05-09T16:26:01.191+0000] {logging_mixin.py:188} INFO - [2025-05-09T16:26:01.191+0000] {dag.py:3036} INFO - Sync 1 DAGs
[2025-05-09T16:26:01.202+0000] {logging_mixin.py:188} INFO - [2025-05-09T16:26:01.202+0000] {dag.py:3823} INFO - Setting next_dagrun for elt_IBGE to None, run_after=None
[2025-05-09T16:26:01.246+0000] {processor.py:183} INFO - Processing /opt/airflow/dags/etl.py took 0.358 seconds
[2025-05-09T16:26:31.451+0000] {processor.py:161} INFO - Started process (PID=745) to work on /opt/airflow/dags/etl.py
[2025-05-09T16:26:31.452+0000] {processor.py:830} INFO - Processing file /opt/airflow/dags/etl.py for tasks to queue
[2025-05-09T16:26:31.453+0000] {logging_mixin.py:188} INFO - [2025-05-09T16:26:31.453+0000] {dagbag.py:538} INFO - Filling up the DagBag from /opt/airflow/dags/etl.py
[2025-05-09T16:26:31.722+0000] {processor.py:840} INFO - DAG(s) 'elt_IBGE' retrieved from /opt/airflow/dags/etl.py
[2025-05-09T16:26:31.748+0000] {logging_mixin.py:188} INFO - [2025-05-09T16:26:31.748+0000] {dag.py:3036} INFO - Sync 1 DAGs
[2025-05-09T16:26:31.759+0000] {logging_mixin.py:188} INFO - [2025-05-09T16:26:31.759+0000] {dag.py:3823} INFO - Setting next_dagrun for elt_IBGE to None, run_after=None
[2025-05-09T16:26:31.809+0000] {processor.py:183} INFO - Processing /opt/airflow/dags/etl.py took 0.361 seconds
[2025-05-09T16:27:02.019+0000] {processor.py:161} INFO - Started process (PID=756) to work on /opt/airflow/dags/etl.py
[2025-05-09T16:27:02.020+0000] {processor.py:830} INFO - Processing file /opt/airflow/dags/etl.py for tasks to queue
[2025-05-09T16:27:02.021+0000] {logging_mixin.py:188} INFO - [2025-05-09T16:27:02.021+0000] {dagbag.py:538} INFO - Filling up the DagBag from /opt/airflow/dags/etl.py
[2025-05-09T16:27:02.309+0000] {processor.py:840} INFO - DAG(s) 'elt_IBGE' retrieved from /opt/airflow/dags/etl.py
[2025-05-09T16:27:02.335+0000] {logging_mixin.py:188} INFO - [2025-05-09T16:27:02.335+0000] {dag.py:3036} INFO - Sync 1 DAGs
[2025-05-09T16:27:02.346+0000] {logging_mixin.py:188} INFO - [2025-05-09T16:27:02.346+0000] {dag.py:3823} INFO - Setting next_dagrun for elt_IBGE to None, run_after=None
[2025-05-09T16:27:02.393+0000] {processor.py:183} INFO - Processing /opt/airflow/dags/etl.py took 0.376 seconds
[2025-05-09T16:27:32.563+0000] {processor.py:161} INFO - Started process (PID=767) to work on /opt/airflow/dags/etl.py
[2025-05-09T16:27:32.564+0000] {processor.py:830} INFO - Processing file /opt/airflow/dags/etl.py for tasks to queue
[2025-05-09T16:27:32.565+0000] {logging_mixin.py:188} INFO - [2025-05-09T16:27:32.565+0000] {dagbag.py:538} INFO - Filling up the DagBag from /opt/airflow/dags/etl.py
[2025-05-09T16:27:32.867+0000] {processor.py:840} INFO - DAG(s) 'elt_IBGE' retrieved from /opt/airflow/dags/etl.py
[2025-05-09T16:27:32.892+0000] {logging_mixin.py:188} INFO - [2025-05-09T16:27:32.891+0000] {dag.py:3036} INFO - Sync 1 DAGs
[2025-05-09T16:27:32.903+0000] {logging_mixin.py:188} INFO - [2025-05-09T16:27:32.902+0000] {dag.py:3823} INFO - Setting next_dagrun for elt_IBGE to None, run_after=None
[2025-05-09T16:27:32.949+0000] {processor.py:183} INFO - Processing /opt/airflow/dags/etl.py took 0.389 seconds
[2025-05-09T16:28:03.127+0000] {processor.py:161} INFO - Started process (PID=778) to work on /opt/airflow/dags/etl.py
[2025-05-09T16:28:03.128+0000] {processor.py:830} INFO - Processing file /opt/airflow/dags/etl.py for tasks to queue
[2025-05-09T16:28:03.129+0000] {logging_mixin.py:188} INFO - [2025-05-09T16:28:03.128+0000] {dagbag.py:538} INFO - Filling up the DagBag from /opt/airflow/dags/etl.py
[2025-05-09T16:28:03.404+0000] {processor.py:840} INFO - DAG(s) 'elt_IBGE' retrieved from /opt/airflow/dags/etl.py
[2025-05-09T16:28:03.430+0000] {logging_mixin.py:188} INFO - [2025-05-09T16:28:03.430+0000] {dag.py:3036} INFO - Sync 1 DAGs
[2025-05-09T16:28:03.442+0000] {logging_mixin.py:188} INFO - [2025-05-09T16:28:03.441+0000] {dag.py:3823} INFO - Setting next_dagrun for elt_IBGE to None, run_after=None
[2025-05-09T16:28:03.493+0000] {processor.py:183} INFO - Processing /opt/airflow/dags/etl.py took 0.369 seconds
[2025-05-09T16:28:33.719+0000] {processor.py:161} INFO - Started process (PID=789) to work on /opt/airflow/dags/etl.py
[2025-05-09T16:28:33.720+0000] {processor.py:830} INFO - Processing file /opt/airflow/dags/etl.py for tasks to queue
[2025-05-09T16:28:33.721+0000] {logging_mixin.py:188} INFO - [2025-05-09T16:28:33.720+0000] {dagbag.py:538} INFO - Filling up the DagBag from /opt/airflow/dags/etl.py
[2025-05-09T16:28:33.986+0000] {processor.py:840} INFO - DAG(s) 'elt_IBGE' retrieved from /opt/airflow/dags/etl.py
[2025-05-09T16:28:34.011+0000] {logging_mixin.py:188} INFO - [2025-05-09T16:28:34.011+0000] {dag.py:3036} INFO - Sync 1 DAGs
[2025-05-09T16:28:34.022+0000] {logging_mixin.py:188} INFO - [2025-05-09T16:28:34.021+0000] {dag.py:3823} INFO - Setting next_dagrun for elt_IBGE to None, run_after=None
[2025-05-09T16:28:34.068+0000] {processor.py:183} INFO - Processing /opt/airflow/dags/etl.py took 0.352 seconds
[2025-05-09T16:29:04.261+0000] {processor.py:161} INFO - Started process (PID=800) to work on /opt/airflow/dags/etl.py
[2025-05-09T16:29:04.262+0000] {processor.py:830} INFO - Processing file /opt/airflow/dags/etl.py for tasks to queue
[2025-05-09T16:29:04.263+0000] {logging_mixin.py:188} INFO - [2025-05-09T16:29:04.263+0000] {dagbag.py:538} INFO - Filling up the DagBag from /opt/airflow/dags/etl.py
[2025-05-09T16:29:04.540+0000] {processor.py:840} INFO - DAG(s) 'elt_IBGE' retrieved from /opt/airflow/dags/etl.py
[2025-05-09T16:29:04.566+0000] {logging_mixin.py:188} INFO - [2025-05-09T16:29:04.565+0000] {dag.py:3036} INFO - Sync 1 DAGs
[2025-05-09T16:29:04.576+0000] {logging_mixin.py:188} INFO - [2025-05-09T16:29:04.576+0000] {dag.py:3823} INFO - Setting next_dagrun for elt_IBGE to None, run_after=None
[2025-05-09T16:29:04.621+0000] {processor.py:183} INFO - Processing /opt/airflow/dags/etl.py took 0.362 seconds
[2025-05-09T16:29:35.513+0000] {processor.py:161} INFO - Started process (PID=811) to work on /opt/airflow/dags/etl.py
[2025-05-09T16:29:35.514+0000] {processor.py:830} INFO - Processing file /opt/airflow/dags/etl.py for tasks to queue
[2025-05-09T16:29:35.515+0000] {logging_mixin.py:188} INFO - [2025-05-09T16:29:35.515+0000] {dagbag.py:538} INFO - Filling up the DagBag from /opt/airflow/dags/etl.py
[2025-05-09T16:29:35.786+0000] {processor.py:840} INFO - DAG(s) 'elt_IBGE' retrieved from /opt/airflow/dags/etl.py
[2025-05-09T16:29:35.815+0000] {logging_mixin.py:188} INFO - [2025-05-09T16:29:35.814+0000] {dag.py:3036} INFO - Sync 1 DAGs
[2025-05-09T16:29:35.826+0000] {logging_mixin.py:188} INFO - [2025-05-09T16:29:35.826+0000] {dag.py:3823} INFO - Setting next_dagrun for elt_IBGE to None, run_after=None
[2025-05-09T16:29:35.873+0000] {processor.py:183} INFO - Processing /opt/airflow/dags/etl.py took 0.363 seconds
[2025-05-09T16:30:06.666+0000] {processor.py:161} INFO - Started process (PID=822) to work on /opt/airflow/dags/etl.py
[2025-05-09T16:30:06.667+0000] {processor.py:830} INFO - Processing file /opt/airflow/dags/etl.py for tasks to queue
[2025-05-09T16:30:06.668+0000] {logging_mixin.py:188} INFO - [2025-05-09T16:30:06.668+0000] {dagbag.py:538} INFO - Filling up the DagBag from /opt/airflow/dags/etl.py
[2025-05-09T16:30:06.930+0000] {processor.py:840} INFO - DAG(s) 'elt_IBGE' retrieved from /opt/airflow/dags/etl.py
[2025-05-09T16:30:06.955+0000] {logging_mixin.py:188} INFO - [2025-05-09T16:30:06.954+0000] {dag.py:3036} INFO - Sync 1 DAGs
[2025-05-09T16:30:06.966+0000] {logging_mixin.py:188} INFO - [2025-05-09T16:30:06.965+0000] {dag.py:3823} INFO - Setting next_dagrun for elt_IBGE to None, run_after=None
[2025-05-09T16:30:07.012+0000] {processor.py:183} INFO - Processing /opt/airflow/dags/etl.py took 0.349 seconds
[2025-05-09T16:30:37.283+0000] {processor.py:161} INFO - Started process (PID=833) to work on /opt/airflow/dags/etl.py
[2025-05-09T16:30:37.284+0000] {processor.py:830} INFO - Processing file /opt/airflow/dags/etl.py for tasks to queue
[2025-05-09T16:30:37.285+0000] {logging_mixin.py:188} INFO - [2025-05-09T16:30:37.285+0000] {dagbag.py:538} INFO - Filling up the DagBag from /opt/airflow/dags/etl.py
[2025-05-09T16:30:37.578+0000] {processor.py:840} INFO - DAG(s) 'elt_IBGE' retrieved from /opt/airflow/dags/etl.py
[2025-05-09T16:30:37.607+0000] {logging_mixin.py:188} INFO - [2025-05-09T16:30:37.606+0000] {dag.py:3036} INFO - Sync 1 DAGs
[2025-05-09T16:30:37.618+0000] {logging_mixin.py:188} INFO - [2025-05-09T16:30:37.618+0000] {dag.py:3823} INFO - Setting next_dagrun for elt_IBGE to None, run_after=None
[2025-05-09T16:30:37.667+0000] {processor.py:183} INFO - Processing /opt/airflow/dags/etl.py took 0.386 seconds
[2025-05-09T16:31:07.845+0000] {processor.py:161} INFO - Started process (PID=844) to work on /opt/airflow/dags/etl.py
[2025-05-09T16:31:07.846+0000] {processor.py:830} INFO - Processing file /opt/airflow/dags/etl.py for tasks to queue
[2025-05-09T16:31:07.847+0000] {logging_mixin.py:188} INFO - [2025-05-09T16:31:07.847+0000] {dagbag.py:538} INFO - Filling up the DagBag from /opt/airflow/dags/etl.py
[2025-05-09T16:31:08.105+0000] {processor.py:840} INFO - DAG(s) 'elt_IBGE' retrieved from /opt/airflow/dags/etl.py
[2025-05-09T16:31:08.130+0000] {logging_mixin.py:188} INFO - [2025-05-09T16:31:08.130+0000] {dag.py:3036} INFO - Sync 1 DAGs
[2025-05-09T16:31:08.141+0000] {logging_mixin.py:188} INFO - [2025-05-09T16:31:08.140+0000] {dag.py:3823} INFO - Setting next_dagrun for elt_IBGE to None, run_after=None
[2025-05-09T16:31:08.185+0000] {processor.py:183} INFO - Processing /opt/airflow/dags/etl.py took 0.343 seconds
[2025-05-09T16:31:38.410+0000] {processor.py:161} INFO - Started process (PID=855) to work on /opt/airflow/dags/etl.py
[2025-05-09T16:31:38.411+0000] {processor.py:830} INFO - Processing file /opt/airflow/dags/etl.py for tasks to queue
[2025-05-09T16:31:38.412+0000] {logging_mixin.py:188} INFO - [2025-05-09T16:31:38.412+0000] {dagbag.py:538} INFO - Filling up the DagBag from /opt/airflow/dags/etl.py
[2025-05-09T16:31:38.695+0000] {processor.py:840} INFO - DAG(s) 'elt_IBGE' retrieved from /opt/airflow/dags/etl.py
[2025-05-09T16:31:38.721+0000] {logging_mixin.py:188} INFO - [2025-05-09T16:31:38.721+0000] {dag.py:3036} INFO - Sync 1 DAGs
[2025-05-09T16:31:38.732+0000] {logging_mixin.py:188} INFO - [2025-05-09T16:31:38.732+0000] {dag.py:3823} INFO - Setting next_dagrun for elt_IBGE to None, run_after=None
[2025-05-09T16:31:38.793+0000] {processor.py:183} INFO - Processing /opt/airflow/dags/etl.py took 0.386 seconds
[2025-05-09T16:32:08.976+0000] {processor.py:161} INFO - Started process (PID=866) to work on /opt/airflow/dags/etl.py
[2025-05-09T16:32:08.977+0000] {processor.py:830} INFO - Processing file /opt/airflow/dags/etl.py for tasks to queue
[2025-05-09T16:32:08.978+0000] {logging_mixin.py:188} INFO - [2025-05-09T16:32:08.978+0000] {dagbag.py:538} INFO - Filling up the DagBag from /opt/airflow/dags/etl.py
[2025-05-09T16:32:09.235+0000] {processor.py:840} INFO - DAG(s) 'elt_IBGE' retrieved from /opt/airflow/dags/etl.py
[2025-05-09T16:32:09.261+0000] {logging_mixin.py:188} INFO - [2025-05-09T16:32:09.261+0000] {dag.py:3036} INFO - Sync 1 DAGs
[2025-05-09T16:32:09.272+0000] {logging_mixin.py:188} INFO - [2025-05-09T16:32:09.272+0000] {dag.py:3823} INFO - Setting next_dagrun for elt_IBGE to None, run_after=None
[2025-05-09T16:32:09.316+0000] {processor.py:183} INFO - Processing /opt/airflow/dags/etl.py took 0.342 seconds
[2025-05-09T16:32:39.595+0000] {processor.py:161} INFO - Started process (PID=877) to work on /opt/airflow/dags/etl.py
[2025-05-09T16:32:39.596+0000] {processor.py:830} INFO - Processing file /opt/airflow/dags/etl.py for tasks to queue
[2025-05-09T16:32:39.597+0000] {logging_mixin.py:188} INFO - [2025-05-09T16:32:39.597+0000] {dagbag.py:538} INFO - Filling up the DagBag from /opt/airflow/dags/etl.py
[2025-05-09T16:32:39.858+0000] {processor.py:840} INFO - DAG(s) 'elt_IBGE' retrieved from /opt/airflow/dags/etl.py
[2025-05-09T16:32:39.884+0000] {logging_mixin.py:188} INFO - [2025-05-09T16:32:39.883+0000] {dag.py:3036} INFO - Sync 1 DAGs
[2025-05-09T16:32:39.894+0000] {logging_mixin.py:188} INFO - [2025-05-09T16:32:39.894+0000] {dag.py:3823} INFO - Setting next_dagrun for elt_IBGE to None, run_after=None
[2025-05-09T16:32:39.935+0000] {processor.py:183} INFO - Processing /opt/airflow/dags/etl.py took 0.343 seconds
[2025-05-09T16:33:10.363+0000] {processor.py:161} INFO - Started process (PID=888) to work on /opt/airflow/dags/etl.py
[2025-05-09T16:33:10.365+0000] {processor.py:830} INFO - Processing file /opt/airflow/dags/etl.py for tasks to queue
[2025-05-09T16:33:10.366+0000] {logging_mixin.py:188} INFO - [2025-05-09T16:33:10.366+0000] {dagbag.py:538} INFO - Filling up the DagBag from /opt/airflow/dags/etl.py
[2025-05-09T16:33:10.960+0000] {processor.py:840} INFO - DAG(s) 'elt_IBGE' retrieved from /opt/airflow/dags/etl.py
[2025-05-09T16:33:11.014+0000] {logging_mixin.py:188} INFO - [2025-05-09T16:33:11.013+0000] {dag.py:3036} INFO - Sync 1 DAGs
[2025-05-09T16:33:11.031+0000] {logging_mixin.py:188} INFO - [2025-05-09T16:33:11.031+0000] {dag.py:3823} INFO - Setting next_dagrun for elt_IBGE to None, run_after=None
[2025-05-09T16:33:11.083+0000] {processor.py:183} INFO - Processing /opt/airflow/dags/etl.py took 0.722 seconds
[2025-05-09T16:33:41.552+0000] {processor.py:161} INFO - Started process (PID=899) to work on /opt/airflow/dags/etl.py
[2025-05-09T16:33:41.554+0000] {processor.py:830} INFO - Processing file /opt/airflow/dags/etl.py for tasks to queue
[2025-05-09T16:33:41.555+0000] {logging_mixin.py:188} INFO - [2025-05-09T16:33:41.554+0000] {dagbag.py:538} INFO - Filling up the DagBag from /opt/airflow/dags/etl.py
[2025-05-09T16:33:41.850+0000] {processor.py:840} INFO - DAG(s) 'elt_IBGE' retrieved from /opt/airflow/dags/etl.py
[2025-05-09T16:33:41.876+0000] {logging_mixin.py:188} INFO - [2025-05-09T16:33:41.876+0000] {dag.py:3036} INFO - Sync 1 DAGs
[2025-05-09T16:33:41.887+0000] {logging_mixin.py:188} INFO - [2025-05-09T16:33:41.887+0000] {dag.py:3823} INFO - Setting next_dagrun for elt_IBGE to None, run_after=None
[2025-05-09T16:33:41.932+0000] {processor.py:183} INFO - Processing /opt/airflow/dags/etl.py took 0.383 seconds
[2025-05-09T16:34:12.140+0000] {processor.py:161} INFO - Started process (PID=910) to work on /opt/airflow/dags/etl.py
[2025-05-09T16:34:12.141+0000] {processor.py:830} INFO - Processing file /opt/airflow/dags/etl.py for tasks to queue
[2025-05-09T16:34:12.142+0000] {logging_mixin.py:188} INFO - [2025-05-09T16:34:12.141+0000] {dagbag.py:538} INFO - Filling up the DagBag from /opt/airflow/dags/etl.py
[2025-05-09T16:34:12.414+0000] {processor.py:840} INFO - DAG(s) 'elt_IBGE' retrieved from /opt/airflow/dags/etl.py
[2025-05-09T16:34:12.440+0000] {logging_mixin.py:188} INFO - [2025-05-09T16:34:12.439+0000] {dag.py:3036} INFO - Sync 1 DAGs
[2025-05-09T16:34:12.450+0000] {logging_mixin.py:188} INFO - [2025-05-09T16:34:12.450+0000] {dag.py:3823} INFO - Setting next_dagrun for elt_IBGE to None, run_after=None
[2025-05-09T16:34:12.499+0000] {processor.py:183} INFO - Processing /opt/airflow/dags/etl.py took 0.363 seconds
[2025-05-09T16:34:42.951+0000] {processor.py:161} INFO - Started process (PID=921) to work on /opt/airflow/dags/etl.py
[2025-05-09T16:34:42.952+0000] {processor.py:830} INFO - Processing file /opt/airflow/dags/etl.py for tasks to queue
[2025-05-09T16:34:42.953+0000] {logging_mixin.py:188} INFO - [2025-05-09T16:34:42.953+0000] {dagbag.py:538} INFO - Filling up the DagBag from /opt/airflow/dags/etl.py
[2025-05-09T16:34:43.234+0000] {processor.py:840} INFO - DAG(s) 'elt_IBGE' retrieved from /opt/airflow/dags/etl.py
[2025-05-09T16:34:43.259+0000] {logging_mixin.py:188} INFO - [2025-05-09T16:34:43.259+0000] {dag.py:3036} INFO - Sync 1 DAGs
[2025-05-09T16:34:43.270+0000] {logging_mixin.py:188} INFO - [2025-05-09T16:34:43.270+0000] {dag.py:3823} INFO - Setting next_dagrun for elt_IBGE to None, run_after=None
[2025-05-09T16:34:43.312+0000] {processor.py:183} INFO - Processing /opt/airflow/dags/etl.py took 0.364 seconds
[2025-05-09T16:35:13.517+0000] {processor.py:161} INFO - Started process (PID=932) to work on /opt/airflow/dags/etl.py
[2025-05-09T16:35:13.518+0000] {processor.py:830} INFO - Processing file /opt/airflow/dags/etl.py for tasks to queue
[2025-05-09T16:35:13.519+0000] {logging_mixin.py:188} INFO - [2025-05-09T16:35:13.519+0000] {dagbag.py:538} INFO - Filling up the DagBag from /opt/airflow/dags/etl.py
[2025-05-09T16:35:13.781+0000] {processor.py:840} INFO - DAG(s) 'elt_IBGE' retrieved from /opt/airflow/dags/etl.py
[2025-05-09T16:35:13.814+0000] {logging_mixin.py:188} INFO - [2025-05-09T16:35:13.813+0000] {dag.py:3036} INFO - Sync 1 DAGs
[2025-05-09T16:35:13.825+0000] {logging_mixin.py:188} INFO - [2025-05-09T16:35:13.825+0000] {dag.py:3823} INFO - Setting next_dagrun for elt_IBGE to None, run_after=None
[2025-05-09T16:35:13.876+0000] {processor.py:183} INFO - Processing /opt/airflow/dags/etl.py took 0.361 seconds
[2025-05-09T16:35:44.148+0000] {processor.py:161} INFO - Started process (PID=943) to work on /opt/airflow/dags/etl.py
[2025-05-09T16:35:44.149+0000] {processor.py:830} INFO - Processing file /opt/airflow/dags/etl.py for tasks to queue
[2025-05-09T16:35:44.150+0000] {logging_mixin.py:188} INFO - [2025-05-09T16:35:44.150+0000] {dagbag.py:538} INFO - Filling up the DagBag from /opt/airflow/dags/etl.py
[2025-05-09T16:35:44.412+0000] {processor.py:840} INFO - DAG(s) 'elt_IBGE' retrieved from /opt/airflow/dags/etl.py
[2025-05-09T16:35:44.437+0000] {logging_mixin.py:188} INFO - [2025-05-09T16:35:44.437+0000] {dag.py:3036} INFO - Sync 1 DAGs
[2025-05-09T16:35:44.447+0000] {logging_mixin.py:188} INFO - [2025-05-09T16:35:44.447+0000] {dag.py:3823} INFO - Setting next_dagrun for elt_IBGE to None, run_after=None
[2025-05-09T16:35:44.500+0000] {processor.py:183} INFO - Processing /opt/airflow/dags/etl.py took 0.355 seconds
[2025-05-09T16:36:14.712+0000] {processor.py:161} INFO - Started process (PID=954) to work on /opt/airflow/dags/etl.py
[2025-05-09T16:36:14.712+0000] {processor.py:830} INFO - Processing file /opt/airflow/dags/etl.py for tasks to queue
[2025-05-09T16:36:14.714+0000] {logging_mixin.py:188} INFO - [2025-05-09T16:36:14.713+0000] {dagbag.py:538} INFO - Filling up the DagBag from /opt/airflow/dags/etl.py
[2025-05-09T16:36:14.984+0000] {processor.py:840} INFO - DAG(s) 'elt_IBGE' retrieved from /opt/airflow/dags/etl.py
[2025-05-09T16:36:15.010+0000] {logging_mixin.py:188} INFO - [2025-05-09T16:36:15.009+0000] {dag.py:3036} INFO - Sync 1 DAGs
[2025-05-09T16:36:15.020+0000] {logging_mixin.py:188} INFO - [2025-05-09T16:36:15.020+0000] {dag.py:3823} INFO - Setting next_dagrun for elt_IBGE to None, run_after=None
[2025-05-09T16:36:15.070+0000] {processor.py:183} INFO - Processing /opt/airflow/dags/etl.py took 0.361 seconds
[2025-05-09T16:36:45.296+0000] {processor.py:161} INFO - Started process (PID=965) to work on /opt/airflow/dags/etl.py
[2025-05-09T16:36:45.297+0000] {processor.py:830} INFO - Processing file /opt/airflow/dags/etl.py for tasks to queue
[2025-05-09T16:36:45.298+0000] {logging_mixin.py:188} INFO - [2025-05-09T16:36:45.298+0000] {dagbag.py:538} INFO - Filling up the DagBag from /opt/airflow/dags/etl.py
[2025-05-09T16:36:45.557+0000] {processor.py:840} INFO - DAG(s) 'elt_IBGE' retrieved from /opt/airflow/dags/etl.py
[2025-05-09T16:36:45.582+0000] {logging_mixin.py:188} INFO - [2025-05-09T16:36:45.581+0000] {dag.py:3036} INFO - Sync 1 DAGs
[2025-05-09T16:36:45.592+0000] {logging_mixin.py:188} INFO - [2025-05-09T16:36:45.592+0000] {dag.py:3823} INFO - Setting next_dagrun for elt_IBGE to None, run_after=None
[2025-05-09T16:36:45.658+0000] {processor.py:183} INFO - Processing /opt/airflow/dags/etl.py took 0.365 seconds
[2025-05-09T16:37:15.839+0000] {processor.py:161} INFO - Started process (PID=976) to work on /opt/airflow/dags/etl.py
[2025-05-09T16:37:15.840+0000] {processor.py:830} INFO - Processing file /opt/airflow/dags/etl.py for tasks to queue
[2025-05-09T16:37:15.841+0000] {logging_mixin.py:188} INFO - [2025-05-09T16:37:15.841+0000] {dagbag.py:538} INFO - Filling up the DagBag from /opt/airflow/dags/etl.py
[2025-05-09T16:37:16.128+0000] {processor.py:840} INFO - DAG(s) 'elt_IBGE' retrieved from /opt/airflow/dags/etl.py
[2025-05-09T16:37:16.154+0000] {logging_mixin.py:188} INFO - [2025-05-09T16:37:16.154+0000] {dag.py:3036} INFO - Sync 1 DAGs
[2025-05-09T16:37:16.166+0000] {logging_mixin.py:188} INFO - [2025-05-09T16:37:16.165+0000] {dag.py:3823} INFO - Setting next_dagrun for elt_IBGE to None, run_after=None
[2025-05-09T16:37:16.217+0000] {processor.py:183} INFO - Processing /opt/airflow/dags/etl.py took 0.381 seconds
[2025-05-09T16:37:46.404+0000] {processor.py:161} INFO - Started process (PID=987) to work on /opt/airflow/dags/etl.py
[2025-05-09T16:37:46.405+0000] {processor.py:830} INFO - Processing file /opt/airflow/dags/etl.py for tasks to queue
[2025-05-09T16:37:46.406+0000] {logging_mixin.py:188} INFO - [2025-05-09T16:37:46.406+0000] {dagbag.py:538} INFO - Filling up the DagBag from /opt/airflow/dags/etl.py
[2025-05-09T16:37:46.676+0000] {processor.py:840} INFO - DAG(s) 'elt_IBGE' retrieved from /opt/airflow/dags/etl.py
[2025-05-09T16:37:46.703+0000] {logging_mixin.py:188} INFO - [2025-05-09T16:37:46.702+0000] {dag.py:3036} INFO - Sync 1 DAGs
[2025-05-09T16:37:46.713+0000] {logging_mixin.py:188} INFO - [2025-05-09T16:37:46.713+0000] {dag.py:3823} INFO - Setting next_dagrun for elt_IBGE to None, run_after=None
[2025-05-09T16:37:46.752+0000] {processor.py:183} INFO - Processing /opt/airflow/dags/etl.py took 0.351 seconds
[2025-05-09T16:38:16.972+0000] {processor.py:161} INFO - Started process (PID=998) to work on /opt/airflow/dags/etl.py
[2025-05-09T16:38:16.973+0000] {processor.py:830} INFO - Processing file /opt/airflow/dags/etl.py for tasks to queue
[2025-05-09T16:38:16.974+0000] {logging_mixin.py:188} INFO - [2025-05-09T16:38:16.974+0000] {dagbag.py:538} INFO - Filling up the DagBag from /opt/airflow/dags/etl.py
[2025-05-09T16:38:17.260+0000] {processor.py:840} INFO - DAG(s) 'elt_IBGE' retrieved from /opt/airflow/dags/etl.py
[2025-05-09T16:38:17.287+0000] {logging_mixin.py:188} INFO - [2025-05-09T16:38:17.286+0000] {dag.py:3036} INFO - Sync 1 DAGs
[2025-05-09T16:38:17.298+0000] {logging_mixin.py:188} INFO - [2025-05-09T16:38:17.298+0000] {dag.py:3823} INFO - Setting next_dagrun for elt_IBGE to None, run_after=None
[2025-05-09T16:38:17.366+0000] {processor.py:183} INFO - Processing /opt/airflow/dags/etl.py took 0.397 seconds
[2025-05-09T16:38:47.562+0000] {processor.py:161} INFO - Started process (PID=1009) to work on /opt/airflow/dags/etl.py
[2025-05-09T16:38:47.563+0000] {processor.py:830} INFO - Processing file /opt/airflow/dags/etl.py for tasks to queue
[2025-05-09T16:38:47.564+0000] {logging_mixin.py:188} INFO - [2025-05-09T16:38:47.563+0000] {dagbag.py:538} INFO - Filling up the DagBag from /opt/airflow/dags/etl.py
[2025-05-09T16:38:47.826+0000] {processor.py:840} INFO - DAG(s) 'elt_IBGE' retrieved from /opt/airflow/dags/etl.py
[2025-05-09T16:38:47.851+0000] {logging_mixin.py:188} INFO - [2025-05-09T16:38:47.851+0000] {dag.py:3036} INFO - Sync 1 DAGs
[2025-05-09T16:38:47.861+0000] {logging_mixin.py:188} INFO - [2025-05-09T16:38:47.861+0000] {dag.py:3823} INFO - Setting next_dagrun for elt_IBGE to None, run_after=None
[2025-05-09T16:38:47.919+0000] {processor.py:183} INFO - Processing /opt/airflow/dags/etl.py took 0.361 seconds
[2025-05-09T16:39:18.097+0000] {processor.py:161} INFO - Started process (PID=1020) to work on /opt/airflow/dags/etl.py
[2025-05-09T16:39:18.098+0000] {processor.py:830} INFO - Processing file /opt/airflow/dags/etl.py for tasks to queue
[2025-05-09T16:39:18.099+0000] {logging_mixin.py:188} INFO - [2025-05-09T16:39:18.098+0000] {dagbag.py:538} INFO - Filling up the DagBag from /opt/airflow/dags/etl.py
[2025-05-09T16:39:18.362+0000] {processor.py:840} INFO - DAG(s) 'elt_IBGE' retrieved from /opt/airflow/dags/etl.py
[2025-05-09T16:39:18.387+0000] {logging_mixin.py:188} INFO - [2025-05-09T16:39:18.387+0000] {dag.py:3036} INFO - Sync 1 DAGs
[2025-05-09T16:39:18.397+0000] {logging_mixin.py:188} INFO - [2025-05-09T16:39:18.397+0000] {dag.py:3823} INFO - Setting next_dagrun for elt_IBGE to None, run_after=None
[2025-05-09T16:39:18.444+0000] {processor.py:183} INFO - Processing /opt/airflow/dags/etl.py took 0.350 seconds
[2025-05-09T16:39:24.304+0000] {processor.py:161} INFO - Started process (PID=1026) to work on /opt/airflow/dags/etl.py
[2025-05-09T16:39:24.306+0000] {processor.py:830} INFO - Processing file /opt/airflow/dags/etl.py for tasks to queue
[2025-05-09T16:39:24.307+0000] {logging_mixin.py:188} INFO - [2025-05-09T16:39:24.306+0000] {dagbag.py:538} INFO - Filling up the DagBag from /opt/airflow/dags/etl.py
[2025-05-09T16:39:24.601+0000] {processor.py:840} INFO - DAG(s) 'elt_IBGE' retrieved from /opt/airflow/dags/etl.py
[2025-05-09T16:39:24.627+0000] {logging_mixin.py:188} INFO - [2025-05-09T16:39:24.627+0000] {dag.py:3036} INFO - Sync 1 DAGs
[2025-05-09T16:39:24.639+0000] {logging_mixin.py:188} INFO - [2025-05-09T16:39:24.639+0000] {dag.py:3823} INFO - Setting next_dagrun for elt_IBGE to None, run_after=None
[2025-05-09T16:39:24.685+0000] {processor.py:183} INFO - Processing /opt/airflow/dags/etl.py took 0.384 seconds
[2025-05-09T16:39:54.978+0000] {processor.py:161} INFO - Started process (PID=1037) to work on /opt/airflow/dags/etl.py
[2025-05-09T16:39:54.979+0000] {processor.py:830} INFO - Processing file /opt/airflow/dags/etl.py for tasks to queue
[2025-05-09T16:39:54.980+0000] {logging_mixin.py:188} INFO - [2025-05-09T16:39:54.979+0000] {dagbag.py:538} INFO - Filling up the DagBag from /opt/airflow/dags/etl.py
[2025-05-09T16:39:55.245+0000] {processor.py:840} INFO - DAG(s) 'elt_IBGE' retrieved from /opt/airflow/dags/etl.py
[2025-05-09T16:39:55.271+0000] {logging_mixin.py:188} INFO - [2025-05-09T16:39:55.270+0000] {dag.py:3036} INFO - Sync 1 DAGs
[2025-05-09T16:39:55.282+0000] {logging_mixin.py:188} INFO - [2025-05-09T16:39:55.281+0000] {dag.py:3823} INFO - Setting next_dagrun for elt_IBGE to None, run_after=None
[2025-05-09T16:39:55.330+0000] {processor.py:183} INFO - Processing /opt/airflow/dags/etl.py took 0.356 seconds
[2025-05-09T16:40:25.538+0000] {processor.py:161} INFO - Started process (PID=1048) to work on /opt/airflow/dags/etl.py
[2025-05-09T16:40:25.539+0000] {processor.py:830} INFO - Processing file /opt/airflow/dags/etl.py for tasks to queue
[2025-05-09T16:40:25.540+0000] {logging_mixin.py:188} INFO - [2025-05-09T16:40:25.540+0000] {dagbag.py:538} INFO - Filling up the DagBag from /opt/airflow/dags/etl.py
[2025-05-09T16:40:25.813+0000] {processor.py:840} INFO - DAG(s) 'elt_IBGE' retrieved from /opt/airflow/dags/etl.py
[2025-05-09T16:40:25.839+0000] {logging_mixin.py:188} INFO - [2025-05-09T16:40:25.839+0000] {dag.py:3036} INFO - Sync 1 DAGs
[2025-05-09T16:40:25.850+0000] {logging_mixin.py:188} INFO - [2025-05-09T16:40:25.849+0000] {dag.py:3823} INFO - Setting next_dagrun for elt_IBGE to None, run_after=None
[2025-05-09T16:40:25.898+0000] {processor.py:183} INFO - Processing /opt/airflow/dags/etl.py took 0.363 seconds
[2025-05-09T16:40:56.104+0000] {processor.py:161} INFO - Started process (PID=1059) to work on /opt/airflow/dags/etl.py
[2025-05-09T16:40:56.105+0000] {processor.py:830} INFO - Processing file /opt/airflow/dags/etl.py for tasks to queue
[2025-05-09T16:40:56.106+0000] {logging_mixin.py:188} INFO - [2025-05-09T16:40:56.105+0000] {dagbag.py:538} INFO - Filling up the DagBag from /opt/airflow/dags/etl.py
[2025-05-09T16:40:56.418+0000] {processor.py:840} INFO - DAG(s) 'elt_IBGE' retrieved from /opt/airflow/dags/etl.py
[2025-05-09T16:40:56.449+0000] {logging_mixin.py:188} INFO - [2025-05-09T16:40:56.448+0000] {dag.py:3036} INFO - Sync 1 DAGs
[2025-05-09T16:40:56.464+0000] {logging_mixin.py:188} INFO - [2025-05-09T16:40:56.463+0000] {dag.py:3823} INFO - Setting next_dagrun for elt_IBGE to None, run_after=None
[2025-05-09T16:40:56.508+0000] {processor.py:183} INFO - Processing /opt/airflow/dags/etl.py took 0.408 seconds
[2025-05-09T16:41:26.678+0000] {processor.py:161} INFO - Started process (PID=1070) to work on /opt/airflow/dags/etl.py
[2025-05-09T16:41:26.679+0000] {processor.py:830} INFO - Processing file /opt/airflow/dags/etl.py for tasks to queue
[2025-05-09T16:41:26.680+0000] {logging_mixin.py:188} INFO - [2025-05-09T16:41:26.680+0000] {dagbag.py:538} INFO - Filling up the DagBag from /opt/airflow/dags/etl.py
[2025-05-09T16:41:26.939+0000] {processor.py:840} INFO - DAG(s) 'elt_IBGE' retrieved from /opt/airflow/dags/etl.py
[2025-05-09T16:41:26.964+0000] {logging_mixin.py:188} INFO - [2025-05-09T16:41:26.963+0000] {dag.py:3036} INFO - Sync 1 DAGs
[2025-05-09T16:41:26.974+0000] {logging_mixin.py:188} INFO - [2025-05-09T16:41:26.974+0000] {dag.py:3823} INFO - Setting next_dagrun for elt_IBGE to None, run_after=None
[2025-05-09T16:41:27.022+0000] {processor.py:183} INFO - Processing /opt/airflow/dags/etl.py took 0.347 seconds
[2025-05-09T16:41:57.234+0000] {processor.py:161} INFO - Started process (PID=1081) to work on /opt/airflow/dags/etl.py
[2025-05-09T16:41:57.235+0000] {processor.py:830} INFO - Processing file /opt/airflow/dags/etl.py for tasks to queue
[2025-05-09T16:41:57.236+0000] {logging_mixin.py:188} INFO - [2025-05-09T16:41:57.236+0000] {dagbag.py:538} INFO - Filling up the DagBag from /opt/airflow/dags/etl.py
[2025-05-09T16:41:57.496+0000] {processor.py:840} INFO - DAG(s) 'elt_IBGE' retrieved from /opt/airflow/dags/etl.py
[2025-05-09T16:41:57.520+0000] {logging_mixin.py:188} INFO - [2025-05-09T16:41:57.520+0000] {dag.py:3036} INFO - Sync 1 DAGs
[2025-05-09T16:41:57.531+0000] {logging_mixin.py:188} INFO - [2025-05-09T16:41:57.531+0000] {dag.py:3823} INFO - Setting next_dagrun for elt_IBGE to None, run_after=None
[2025-05-09T16:41:57.582+0000] {processor.py:183} INFO - Processing /opt/airflow/dags/etl.py took 0.351 seconds
[2025-05-09T16:42:27.796+0000] {processor.py:161} INFO - Started process (PID=1092) to work on /opt/airflow/dags/etl.py
[2025-05-09T16:42:27.797+0000] {processor.py:830} INFO - Processing file /opt/airflow/dags/etl.py for tasks to queue
[2025-05-09T16:42:27.798+0000] {logging_mixin.py:188} INFO - [2025-05-09T16:42:27.798+0000] {dagbag.py:538} INFO - Filling up the DagBag from /opt/airflow/dags/etl.py
[2025-05-09T16:42:28.252+0000] {processor.py:840} INFO - DAG(s) 'elt_IBGE' retrieved from /opt/airflow/dags/etl.py
[2025-05-09T16:42:28.288+0000] {logging_mixin.py:188} INFO - [2025-05-09T16:42:28.288+0000] {dag.py:3036} INFO - Sync 1 DAGs
[2025-05-09T16:42:28.302+0000] {logging_mixin.py:188} INFO - [2025-05-09T16:42:28.302+0000] {dag.py:3823} INFO - Setting next_dagrun for elt_IBGE to None, run_after=None
[2025-05-09T16:42:28.369+0000] {processor.py:183} INFO - Processing /opt/airflow/dags/etl.py took 0.576 seconds
[2025-05-09T16:42:58.605+0000] {processor.py:161} INFO - Started process (PID=1103) to work on /opt/airflow/dags/etl.py
[2025-05-09T16:42:58.606+0000] {processor.py:830} INFO - Processing file /opt/airflow/dags/etl.py for tasks to queue
[2025-05-09T16:42:58.607+0000] {logging_mixin.py:188} INFO - [2025-05-09T16:42:58.606+0000] {dagbag.py:538} INFO - Filling up the DagBag from /opt/airflow/dags/etl.py
[2025-05-09T16:42:58.907+0000] {processor.py:840} INFO - DAG(s) 'elt_IBGE' retrieved from /opt/airflow/dags/etl.py
[2025-05-09T16:42:58.935+0000] {logging_mixin.py:188} INFO - [2025-05-09T16:42:58.934+0000] {dag.py:3036} INFO - Sync 1 DAGs
[2025-05-09T16:42:58.946+0000] {logging_mixin.py:188} INFO - [2025-05-09T16:42:58.945+0000] {dag.py:3823} INFO - Setting next_dagrun for elt_IBGE to None, run_after=None
[2025-05-09T16:42:58.994+0000] {processor.py:183} INFO - Processing /opt/airflow/dags/etl.py took 0.392 seconds
[2025-05-09T16:43:29.165+0000] {processor.py:161} INFO - Started process (PID=1114) to work on /opt/airflow/dags/etl.py
[2025-05-09T16:43:29.166+0000] {processor.py:830} INFO - Processing file /opt/airflow/dags/etl.py for tasks to queue
[2025-05-09T16:43:29.167+0000] {logging_mixin.py:188} INFO - [2025-05-09T16:43:29.166+0000] {dagbag.py:538} INFO - Filling up the DagBag from /opt/airflow/dags/etl.py
[2025-05-09T16:43:29.434+0000] {processor.py:840} INFO - DAG(s) 'elt_IBGE' retrieved from /opt/airflow/dags/etl.py
[2025-05-09T16:43:29.460+0000] {logging_mixin.py:188} INFO - [2025-05-09T16:43:29.459+0000] {dag.py:3036} INFO - Sync 1 DAGs
[2025-05-09T16:43:29.470+0000] {logging_mixin.py:188} INFO - [2025-05-09T16:43:29.470+0000] {dag.py:3823} INFO - Setting next_dagrun for elt_IBGE to None, run_after=None
[2025-05-09T16:43:29.519+0000] {processor.py:183} INFO - Processing /opt/airflow/dags/etl.py took 0.358 seconds
