[2025-05-08T20:56:26.482+0000] {processor.py:161} INFO - Started process (PID=814) to work on /opt/airflow/dags/etl.py
[2025-05-08T20:56:26.483+0000] {processor.py:830} INFO - Processing file /opt/airflow/dags/etl.py for tasks to queue
[2025-05-08T20:56:26.484+0000] {logging_mixin.py:188} INFO - [2025-05-08T20:56:26.484+0000] {dagbag.py:538} INFO - Filling up the DagBag from /opt/airflow/dags/etl.py
[2025-05-08T20:56:26.510+0000] {logging_mixin.py:188} INFO - [2025-05-08T20:56:26.507+0000] {dagbag.py:348} ERROR - Failed to import: /opt/airflow/dags/etl.py
Traceback (most recent call last):
  File "/home/airflow/.local/lib/python3.11/site-packages/airflow/models/dagbag.py", line 344, in parse
    loader.exec_module(new_module)
  File "<frozen importlib._bootstrap_external>", line 940, in exec_module
  File "<frozen importlib._bootstrap>", line 241, in _call_with_frames_removed
  File "/opt/airflow/dags/etl.py", line 4, in <module>
    from pyspark.sql import SparkSession
ModuleNotFoundError: No module named 'pyspark'
[2025-05-08T20:56:26.514+0000] {processor.py:842} WARNING - No viable dags retrieved from /opt/airflow/dags/etl.py
[2025-05-08T20:56:26.572+0000] {processor.py:183} INFO - Processing /opt/airflow/dags/etl.py took 0.092 seconds
[2025-05-08T20:56:48.675+0000] {processor.py:161} INFO - Started process (PID=819) to work on /opt/airflow/dags/etl.py
[2025-05-08T20:56:48.676+0000] {processor.py:830} INFO - Processing file /opt/airflow/dags/etl.py for tasks to queue
[2025-05-08T20:56:48.677+0000] {logging_mixin.py:188} INFO - [2025-05-08T20:56:48.677+0000] {dagbag.py:538} INFO - Filling up the DagBag from /opt/airflow/dags/etl.py
[2025-05-08T20:56:48.704+0000] {logging_mixin.py:188} INFO - [2025-05-08T20:56:48.701+0000] {dagbag.py:348} ERROR - Failed to import: /opt/airflow/dags/etl.py
Traceback (most recent call last):
  File "/home/airflow/.local/lib/python3.11/site-packages/airflow/models/dagbag.py", line 344, in parse
    loader.exec_module(new_module)
  File "<frozen importlib._bootstrap_external>", line 940, in exec_module
  File "<frozen importlib._bootstrap>", line 241, in _call_with_frames_removed
  File "/opt/airflow/dags/etl.py", line 4, in <module>
    from pyspark.sql import SparkSession
ModuleNotFoundError: No module named 'pyspark'
[2025-05-08T20:56:48.705+0000] {processor.py:842} WARNING - No viable dags retrieved from /opt/airflow/dags/etl.py
[2025-05-08T20:56:48.754+0000] {processor.py:183} INFO - Processing /opt/airflow/dags/etl.py took 0.082 seconds
[2025-05-08T20:57:19.007+0000] {processor.py:161} INFO - Started process (PID=829) to work on /opt/airflow/dags/etl.py
[2025-05-08T20:57:19.009+0000] {processor.py:830} INFO - Processing file /opt/airflow/dags/etl.py for tasks to queue
[2025-05-08T20:57:19.010+0000] {logging_mixin.py:188} INFO - [2025-05-08T20:57:19.009+0000] {dagbag.py:538} INFO - Filling up the DagBag from /opt/airflow/dags/etl.py
[2025-05-08T20:57:19.033+0000] {logging_mixin.py:188} INFO - [2025-05-08T20:57:19.029+0000] {dagbag.py:348} ERROR - Failed to import: /opt/airflow/dags/etl.py
Traceback (most recent call last):
  File "/home/airflow/.local/lib/python3.11/site-packages/airflow/models/dagbag.py", line 344, in parse
    loader.exec_module(new_module)
  File "<frozen importlib._bootstrap_external>", line 940, in exec_module
  File "<frozen importlib._bootstrap>", line 241, in _call_with_frames_removed
  File "/opt/airflow/dags/etl.py", line 4, in <module>
    from pyspark.sql import SparkSession
ModuleNotFoundError: No module named 'pyspark'
[2025-05-08T20:57:19.035+0000] {processor.py:842} WARNING - No viable dags retrieved from /opt/airflow/dags/etl.py
[2025-05-08T20:57:19.091+0000] {processor.py:183} INFO - Processing /opt/airflow/dags/etl.py took 0.086 seconds
[2025-05-08T20:57:49.392+0000] {processor.py:161} INFO - Started process (PID=839) to work on /opt/airflow/dags/etl.py
[2025-05-08T20:57:49.393+0000] {processor.py:830} INFO - Processing file /opt/airflow/dags/etl.py for tasks to queue
[2025-05-08T20:57:49.394+0000] {logging_mixin.py:188} INFO - [2025-05-08T20:57:49.394+0000] {dagbag.py:538} INFO - Filling up the DagBag from /opt/airflow/dags/etl.py
[2025-05-08T20:57:49.415+0000] {logging_mixin.py:188} INFO - [2025-05-08T20:57:49.412+0000] {dagbag.py:348} ERROR - Failed to import: /opt/airflow/dags/etl.py
Traceback (most recent call last):
  File "/home/airflow/.local/lib/python3.11/site-packages/airflow/models/dagbag.py", line 344, in parse
    loader.exec_module(new_module)
  File "<frozen importlib._bootstrap_external>", line 940, in exec_module
  File "<frozen importlib._bootstrap>", line 241, in _call_with_frames_removed
  File "/opt/airflow/dags/etl.py", line 4, in <module>
    from pyspark.sql import SparkSession
ModuleNotFoundError: No module named 'pyspark'
[2025-05-08T20:57:49.417+0000] {processor.py:842} WARNING - No viable dags retrieved from /opt/airflow/dags/etl.py
[2025-05-08T20:57:49.467+0000] {processor.py:183} INFO - Processing /opt/airflow/dags/etl.py took 0.078 seconds
[2025-05-08T20:58:19.747+0000] {processor.py:161} INFO - Started process (PID=849) to work on /opt/airflow/dags/etl.py
[2025-05-08T20:58:19.748+0000] {processor.py:830} INFO - Processing file /opt/airflow/dags/etl.py for tasks to queue
[2025-05-08T20:58:19.749+0000] {logging_mixin.py:188} INFO - [2025-05-08T20:58:19.749+0000] {dagbag.py:538} INFO - Filling up the DagBag from /opt/airflow/dags/etl.py
[2025-05-08T20:58:19.784+0000] {logging_mixin.py:188} INFO - [2025-05-08T20:58:19.780+0000] {dagbag.py:348} ERROR - Failed to import: /opt/airflow/dags/etl.py
Traceback (most recent call last):
  File "/home/airflow/.local/lib/python3.11/site-packages/airflow/models/dagbag.py", line 344, in parse
    loader.exec_module(new_module)
  File "<frozen importlib._bootstrap_external>", line 940, in exec_module
  File "<frozen importlib._bootstrap>", line 241, in _call_with_frames_removed
  File "/opt/airflow/dags/etl.py", line 3, in <module>
    from pyspark.sql import SparkSession
ModuleNotFoundError: No module named 'pyspark'
[2025-05-08T20:58:19.785+0000] {processor.py:842} WARNING - No viable dags retrieved from /opt/airflow/dags/etl.py
[2025-05-08T20:58:19.834+0000] {processor.py:183} INFO - Processing /opt/airflow/dags/etl.py took 0.090 seconds
[2025-05-08T20:58:50.103+0000] {processor.py:161} INFO - Started process (PID=859) to work on /opt/airflow/dags/etl.py
[2025-05-08T20:58:50.104+0000] {processor.py:830} INFO - Processing file /opt/airflow/dags/etl.py for tasks to queue
[2025-05-08T20:58:50.105+0000] {logging_mixin.py:188} INFO - [2025-05-08T20:58:50.105+0000] {dagbag.py:538} INFO - Filling up the DagBag from /opt/airflow/dags/etl.py
[2025-05-08T20:58:50.124+0000] {logging_mixin.py:188} INFO - [2025-05-08T20:58:50.121+0000] {dagbag.py:348} ERROR - Failed to import: /opt/airflow/dags/etl.py
Traceback (most recent call last):
  File "/home/airflow/.local/lib/python3.11/site-packages/airflow/models/dagbag.py", line 344, in parse
    loader.exec_module(new_module)
  File "<frozen importlib._bootstrap_external>", line 940, in exec_module
  File "<frozen importlib._bootstrap>", line 241, in _call_with_frames_removed
  File "/opt/airflow/dags/etl.py", line 3, in <module>
    from pyspark.sql import SparkSession
ModuleNotFoundError: No module named 'pyspark'
[2025-05-08T20:58:50.125+0000] {processor.py:842} WARNING - No viable dags retrieved from /opt/airflow/dags/etl.py
[2025-05-08T20:58:50.170+0000] {processor.py:183} INFO - Processing /opt/airflow/dags/etl.py took 0.069 seconds
[2025-05-08T20:59:20.441+0000] {processor.py:161} INFO - Started process (PID=869) to work on /opt/airflow/dags/etl.py
[2025-05-08T20:59:20.443+0000] {processor.py:830} INFO - Processing file /opt/airflow/dags/etl.py for tasks to queue
[2025-05-08T20:59:20.444+0000] {logging_mixin.py:188} INFO - [2025-05-08T20:59:20.443+0000] {dagbag.py:538} INFO - Filling up the DagBag from /opt/airflow/dags/etl.py
[2025-05-08T20:59:20.467+0000] {logging_mixin.py:188} INFO - [2025-05-08T20:59:20.462+0000] {dagbag.py:348} ERROR - Failed to import: /opt/airflow/dags/etl.py
Traceback (most recent call last):
  File "/home/airflow/.local/lib/python3.11/site-packages/airflow/models/dagbag.py", line 344, in parse
    loader.exec_module(new_module)
  File "<frozen importlib._bootstrap_external>", line 940, in exec_module
  File "<frozen importlib._bootstrap>", line 241, in _call_with_frames_removed
  File "/opt/airflow/dags/etl.py", line 3, in <module>
    from pyspark.sql import SparkSession
ModuleNotFoundError: No module named 'pyspark'
[2025-05-08T20:59:20.469+0000] {processor.py:842} WARNING - No viable dags retrieved from /opt/airflow/dags/etl.py
[2025-05-08T20:59:20.519+0000] {processor.py:183} INFO - Processing /opt/airflow/dags/etl.py took 0.081 seconds
[2025-05-08T20:59:50.778+0000] {processor.py:161} INFO - Started process (PID=879) to work on /opt/airflow/dags/etl.py
[2025-05-08T20:59:50.779+0000] {processor.py:830} INFO - Processing file /opt/airflow/dags/etl.py for tasks to queue
[2025-05-08T20:59:50.780+0000] {logging_mixin.py:188} INFO - [2025-05-08T20:59:50.780+0000] {dagbag.py:538} INFO - Filling up the DagBag from /opt/airflow/dags/etl.py
[2025-05-08T20:59:50.802+0000] {logging_mixin.py:188} INFO - [2025-05-08T20:59:50.797+0000] {dagbag.py:348} ERROR - Failed to import: /opt/airflow/dags/etl.py
Traceback (most recent call last):
  File "/home/airflow/.local/lib/python3.11/site-packages/airflow/models/dagbag.py", line 344, in parse
    loader.exec_module(new_module)
  File "<frozen importlib._bootstrap_external>", line 940, in exec_module
  File "<frozen importlib._bootstrap>", line 241, in _call_with_frames_removed
  File "/opt/airflow/dags/etl.py", line 3, in <module>
    from pyspark.sql import SparkSession
ModuleNotFoundError: No module named 'pyspark'
[2025-05-08T20:59:50.803+0000] {processor.py:842} WARNING - No viable dags retrieved from /opt/airflow/dags/etl.py
[2025-05-08T20:59:50.858+0000] {processor.py:183} INFO - Processing /opt/airflow/dags/etl.py took 0.083 seconds
[2025-05-08T21:00:21.175+0000] {processor.py:161} INFO - Started process (PID=889) to work on /opt/airflow/dags/etl.py
[2025-05-08T21:00:21.176+0000] {processor.py:830} INFO - Processing file /opt/airflow/dags/etl.py for tasks to queue
[2025-05-08T21:00:21.177+0000] {logging_mixin.py:188} INFO - [2025-05-08T21:00:21.177+0000] {dagbag.py:538} INFO - Filling up the DagBag from /opt/airflow/dags/etl.py
[2025-05-08T21:00:21.193+0000] {logging_mixin.py:188} INFO - [2025-05-08T21:00:21.190+0000] {dagbag.py:348} ERROR - Failed to import: /opt/airflow/dags/etl.py
Traceback (most recent call last):
  File "/home/airflow/.local/lib/python3.11/site-packages/airflow/models/dagbag.py", line 344, in parse
    loader.exec_module(new_module)
  File "<frozen importlib._bootstrap_external>", line 940, in exec_module
  File "<frozen importlib._bootstrap>", line 241, in _call_with_frames_removed
  File "/opt/airflow/dags/etl.py", line 3, in <module>
    from pyspark.sql import SparkSession
ModuleNotFoundError: No module named 'pyspark'
[2025-05-08T21:00:21.195+0000] {processor.py:842} WARNING - No viable dags retrieved from /opt/airflow/dags/etl.py
[2025-05-08T21:00:21.240+0000] {processor.py:183} INFO - Processing /opt/airflow/dags/etl.py took 0.067 seconds
[2025-05-08T21:00:51.559+0000] {processor.py:161} INFO - Started process (PID=899) to work on /opt/airflow/dags/etl.py
[2025-05-08T21:00:51.560+0000] {processor.py:830} INFO - Processing file /opt/airflow/dags/etl.py for tasks to queue
[2025-05-08T21:00:51.562+0000] {logging_mixin.py:188} INFO - [2025-05-08T21:00:51.561+0000] {dagbag.py:538} INFO - Filling up the DagBag from /opt/airflow/dags/etl.py
[2025-05-08T21:00:51.583+0000] {logging_mixin.py:188} INFO - [2025-05-08T21:00:51.580+0000] {dagbag.py:348} ERROR - Failed to import: /opt/airflow/dags/etl.py
Traceback (most recent call last):
  File "/home/airflow/.local/lib/python3.11/site-packages/airflow/models/dagbag.py", line 344, in parse
    loader.exec_module(new_module)
  File "<frozen importlib._bootstrap_external>", line 940, in exec_module
  File "<frozen importlib._bootstrap>", line 241, in _call_with_frames_removed
  File "/opt/airflow/dags/etl.py", line 3, in <module>
    from pyspark.sql import SparkSession
ModuleNotFoundError: No module named 'pyspark'
[2025-05-08T21:00:51.585+0000] {processor.py:842} WARNING - No viable dags retrieved from /opt/airflow/dags/etl.py
[2025-05-08T21:00:51.649+0000] {processor.py:183} INFO - Processing /opt/airflow/dags/etl.py took 0.093 seconds
[2025-05-08T21:01:21.955+0000] {processor.py:161} INFO - Started process (PID=909) to work on /opt/airflow/dags/etl.py
[2025-05-08T21:01:21.956+0000] {processor.py:830} INFO - Processing file /opt/airflow/dags/etl.py for tasks to queue
[2025-05-08T21:01:21.957+0000] {logging_mixin.py:188} INFO - [2025-05-08T21:01:21.957+0000] {dagbag.py:538} INFO - Filling up the DagBag from /opt/airflow/dags/etl.py
[2025-05-08T21:01:21.978+0000] {logging_mixin.py:188} INFO - [2025-05-08T21:01:21.974+0000] {dagbag.py:348} ERROR - Failed to import: /opt/airflow/dags/etl.py
Traceback (most recent call last):
  File "/home/airflow/.local/lib/python3.11/site-packages/airflow/models/dagbag.py", line 344, in parse
    loader.exec_module(new_module)
  File "<frozen importlib._bootstrap_external>", line 940, in exec_module
  File "<frozen importlib._bootstrap>", line 241, in _call_with_frames_removed
  File "/opt/airflow/dags/etl.py", line 3, in <module>
    from pyspark.sql import SparkSession
ModuleNotFoundError: No module named 'pyspark'
[2025-05-08T21:01:21.979+0000] {processor.py:842} WARNING - No viable dags retrieved from /opt/airflow/dags/etl.py
[2025-05-08T21:01:22.033+0000] {processor.py:183} INFO - Processing /opt/airflow/dags/etl.py took 0.080 seconds
[2025-05-08T21:01:52.286+0000] {processor.py:161} INFO - Started process (PID=919) to work on /opt/airflow/dags/etl.py
[2025-05-08T21:01:52.287+0000] {processor.py:830} INFO - Processing file /opt/airflow/dags/etl.py for tasks to queue
[2025-05-08T21:01:52.288+0000] {logging_mixin.py:188} INFO - [2025-05-08T21:01:52.288+0000] {dagbag.py:538} INFO - Filling up the DagBag from /opt/airflow/dags/etl.py
[2025-05-08T21:01:52.306+0000] {logging_mixin.py:188} INFO - [2025-05-08T21:01:52.302+0000] {dagbag.py:348} ERROR - Failed to import: /opt/airflow/dags/etl.py
Traceback (most recent call last):
  File "/home/airflow/.local/lib/python3.11/site-packages/airflow/models/dagbag.py", line 344, in parse
    loader.exec_module(new_module)
  File "<frozen importlib._bootstrap_external>", line 940, in exec_module
  File "<frozen importlib._bootstrap>", line 241, in _call_with_frames_removed
  File "/opt/airflow/dags/etl.py", line 3, in <module>
    from pyspark.sql import SparkSession
ModuleNotFoundError: No module named 'pyspark'
[2025-05-08T21:01:52.307+0000] {processor.py:842} WARNING - No viable dags retrieved from /opt/airflow/dags/etl.py
[2025-05-08T21:01:52.358+0000] {processor.py:183} INFO - Processing /opt/airflow/dags/etl.py took 0.074 seconds
[2025-05-08T21:02:22.666+0000] {processor.py:161} INFO - Started process (PID=929) to work on /opt/airflow/dags/etl.py
[2025-05-08T21:02:22.667+0000] {processor.py:830} INFO - Processing file /opt/airflow/dags/etl.py for tasks to queue
[2025-05-08T21:02:22.668+0000] {logging_mixin.py:188} INFO - [2025-05-08T21:02:22.667+0000] {dagbag.py:538} INFO - Filling up the DagBag from /opt/airflow/dags/etl.py
[2025-05-08T21:02:22.685+0000] {logging_mixin.py:188} INFO - [2025-05-08T21:02:22.682+0000] {dagbag.py:348} ERROR - Failed to import: /opt/airflow/dags/etl.py
Traceback (most recent call last):
  File "/home/airflow/.local/lib/python3.11/site-packages/airflow/models/dagbag.py", line 344, in parse
    loader.exec_module(new_module)
  File "<frozen importlib._bootstrap_external>", line 940, in exec_module
  File "<frozen importlib._bootstrap>", line 241, in _call_with_frames_removed
  File "/opt/airflow/dags/etl.py", line 3, in <module>
    from pyspark.sql import SparkSession
ModuleNotFoundError: No module named 'pyspark'
[2025-05-08T21:02:22.687+0000] {processor.py:842} WARNING - No viable dags retrieved from /opt/airflow/dags/etl.py
[2025-05-08T21:02:22.737+0000] {processor.py:183} INFO - Processing /opt/airflow/dags/etl.py took 0.074 seconds
[2025-05-08T21:02:53.056+0000] {processor.py:161} INFO - Started process (PID=939) to work on /opt/airflow/dags/etl.py
[2025-05-08T21:02:53.057+0000] {processor.py:830} INFO - Processing file /opt/airflow/dags/etl.py for tasks to queue
[2025-05-08T21:02:53.058+0000] {logging_mixin.py:188} INFO - [2025-05-08T21:02:53.058+0000] {dagbag.py:538} INFO - Filling up the DagBag from /opt/airflow/dags/etl.py
[2025-05-08T21:02:53.076+0000] {logging_mixin.py:188} INFO - [2025-05-08T21:02:53.073+0000] {dagbag.py:348} ERROR - Failed to import: /opt/airflow/dags/etl.py
Traceback (most recent call last):
  File "/home/airflow/.local/lib/python3.11/site-packages/airflow/models/dagbag.py", line 344, in parse
    loader.exec_module(new_module)
  File "<frozen importlib._bootstrap_external>", line 940, in exec_module
  File "<frozen importlib._bootstrap>", line 241, in _call_with_frames_removed
  File "/opt/airflow/dags/etl.py", line 3, in <module>
    from pyspark.sql import SparkSession
ModuleNotFoundError: No module named 'pyspark'
[2025-05-08T21:02:53.078+0000] {processor.py:842} WARNING - No viable dags retrieved from /opt/airflow/dags/etl.py
[2025-05-08T21:02:53.127+0000] {processor.py:183} INFO - Processing /opt/airflow/dags/etl.py took 0.074 seconds
[2025-05-08T21:03:23.396+0000] {processor.py:161} INFO - Started process (PID=949) to work on /opt/airflow/dags/etl.py
[2025-05-08T21:03:23.397+0000] {processor.py:830} INFO - Processing file /opt/airflow/dags/etl.py for tasks to queue
[2025-05-08T21:03:23.398+0000] {logging_mixin.py:188} INFO - [2025-05-08T21:03:23.398+0000] {dagbag.py:538} INFO - Filling up the DagBag from /opt/airflow/dags/etl.py
[2025-05-08T21:03:23.414+0000] {logging_mixin.py:188} INFO - [2025-05-08T21:03:23.411+0000] {dagbag.py:348} ERROR - Failed to import: /opt/airflow/dags/etl.py
Traceback (most recent call last):
  File "/home/airflow/.local/lib/python3.11/site-packages/airflow/models/dagbag.py", line 344, in parse
    loader.exec_module(new_module)
  File "<frozen importlib._bootstrap_external>", line 940, in exec_module
  File "<frozen importlib._bootstrap>", line 241, in _call_with_frames_removed
  File "/opt/airflow/dags/etl.py", line 3, in <module>
    from pyspark.sql import SparkSession
ModuleNotFoundError: No module named 'pyspark'
[2025-05-08T21:03:23.415+0000] {processor.py:842} WARNING - No viable dags retrieved from /opt/airflow/dags/etl.py
[2025-05-08T21:03:23.470+0000] {processor.py:183} INFO - Processing /opt/airflow/dags/etl.py took 0.077 seconds
[2025-05-08T21:03:53.750+0000] {processor.py:161} INFO - Started process (PID=959) to work on /opt/airflow/dags/etl.py
[2025-05-08T21:03:53.751+0000] {processor.py:830} INFO - Processing file /opt/airflow/dags/etl.py for tasks to queue
[2025-05-08T21:03:53.752+0000] {logging_mixin.py:188} INFO - [2025-05-08T21:03:53.752+0000] {dagbag.py:538} INFO - Filling up the DagBag from /opt/airflow/dags/etl.py
[2025-05-08T21:03:53.772+0000] {logging_mixin.py:188} INFO - [2025-05-08T21:03:53.769+0000] {dagbag.py:348} ERROR - Failed to import: /opt/airflow/dags/etl.py
Traceback (most recent call last):
  File "/home/airflow/.local/lib/python3.11/site-packages/airflow/models/dagbag.py", line 344, in parse
    loader.exec_module(new_module)
  File "<frozen importlib._bootstrap_external>", line 940, in exec_module
  File "<frozen importlib._bootstrap>", line 241, in _call_with_frames_removed
  File "/opt/airflow/dags/etl.py", line 3, in <module>
    from pyspark.sql import SparkSession
ModuleNotFoundError: No module named 'pyspark'
[2025-05-08T21:03:53.773+0000] {processor.py:842} WARNING - No viable dags retrieved from /opt/airflow/dags/etl.py
[2025-05-08T21:03:53.817+0000] {processor.py:183} INFO - Processing /opt/airflow/dags/etl.py took 0.070 seconds
[2025-05-08T21:04:24.130+0000] {processor.py:161} INFO - Started process (PID=969) to work on /opt/airflow/dags/etl.py
[2025-05-08T21:04:24.131+0000] {processor.py:830} INFO - Processing file /opt/airflow/dags/etl.py for tasks to queue
[2025-05-08T21:04:24.132+0000] {logging_mixin.py:188} INFO - [2025-05-08T21:04:24.131+0000] {dagbag.py:538} INFO - Filling up the DagBag from /opt/airflow/dags/etl.py
[2025-05-08T21:04:24.150+0000] {logging_mixin.py:188} INFO - [2025-05-08T21:04:24.147+0000] {dagbag.py:348} ERROR - Failed to import: /opt/airflow/dags/etl.py
Traceback (most recent call last):
  File "/home/airflow/.local/lib/python3.11/site-packages/airflow/models/dagbag.py", line 344, in parse
    loader.exec_module(new_module)
  File "<frozen importlib._bootstrap_external>", line 940, in exec_module
  File "<frozen importlib._bootstrap>", line 241, in _call_with_frames_removed
  File "/opt/airflow/dags/etl.py", line 3, in <module>
    from pyspark.sql import SparkSession
ModuleNotFoundError: No module named 'pyspark'
[2025-05-08T21:04:24.151+0000] {processor.py:842} WARNING - No viable dags retrieved from /opt/airflow/dags/etl.py
[2025-05-08T21:04:24.200+0000] {processor.py:183} INFO - Processing /opt/airflow/dags/etl.py took 0.073 seconds
[2025-05-08T21:08:39.578+0000] {processor.py:161} INFO - Started process (PID=162) to work on /opt/airflow/dags/etl.py
[2025-05-08T21:08:39.579+0000] {processor.py:830} INFO - Processing file /opt/airflow/dags/etl.py for tasks to queue
[2025-05-08T21:08:39.580+0000] {logging_mixin.py:188} INFO - [2025-05-08T21:08:39.579+0000] {dagbag.py:538} INFO - Filling up the DagBag from /opt/airflow/dags/etl.py
[2025-05-08T21:08:39.594+0000] {logging_mixin.py:188} INFO - [2025-05-08T21:08:39.591+0000] {dagbag.py:348} ERROR - Failed to import: /opt/airflow/dags/etl.py
Traceback (most recent call last):
  File "/home/airflow/.local/lib/python3.11/site-packages/airflow/models/dagbag.py", line 344, in parse
    loader.exec_module(new_module)
  File "<frozen importlib._bootstrap_external>", line 940, in exec_module
  File "<frozen importlib._bootstrap>", line 241, in _call_with_frames_removed
  File "/opt/airflow/dags/etl.py", line 3, in <module>
    from pyspark.sql import SparkSession
ModuleNotFoundError: No module named 'pyspark'
[2025-05-08T21:08:39.596+0000] {processor.py:842} WARNING - No viable dags retrieved from /opt/airflow/dags/etl.py
[2025-05-08T21:08:40.040+0000] {processor.py:183} INFO - Processing /opt/airflow/dags/etl.py took 0.464 seconds
[2025-05-08T21:09:10.424+0000] {processor.py:161} INFO - Started process (PID=172) to work on /opt/airflow/dags/etl.py
[2025-05-08T21:09:10.425+0000] {processor.py:830} INFO - Processing file /opt/airflow/dags/etl.py for tasks to queue
[2025-05-08T21:09:10.425+0000] {logging_mixin.py:188} INFO - [2025-05-08T21:09:10.425+0000] {dagbag.py:538} INFO - Filling up the DagBag from /opt/airflow/dags/etl.py
[2025-05-08T21:09:10.442+0000] {logging_mixin.py:188} INFO - [2025-05-08T21:09:10.438+0000] {dagbag.py:348} ERROR - Failed to import: /opt/airflow/dags/etl.py
Traceback (most recent call last):
  File "/home/airflow/.local/lib/python3.11/site-packages/airflow/models/dagbag.py", line 344, in parse
    loader.exec_module(new_module)
  File "<frozen importlib._bootstrap_external>", line 940, in exec_module
  File "<frozen importlib._bootstrap>", line 241, in _call_with_frames_removed
  File "/opt/airflow/dags/etl.py", line 3, in <module>
    from pyspark.sql import SparkSession
ModuleNotFoundError: No module named 'pyspark'
[2025-05-08T21:09:10.443+0000] {processor.py:842} WARNING - No viable dags retrieved from /opt/airflow/dags/etl.py
[2025-05-08T21:09:11.026+0000] {processor.py:183} INFO - Processing /opt/airflow/dags/etl.py took 0.606 seconds
[2025-05-08T21:09:41.236+0000] {processor.py:161} INFO - Started process (PID=182) to work on /opt/airflow/dags/etl.py
[2025-05-08T21:09:41.237+0000] {processor.py:830} INFO - Processing file /opt/airflow/dags/etl.py for tasks to queue
[2025-05-08T21:09:41.238+0000] {logging_mixin.py:188} INFO - [2025-05-08T21:09:41.237+0000] {dagbag.py:538} INFO - Filling up the DagBag from /opt/airflow/dags/etl.py
[2025-05-08T21:09:41.254+0000] {logging_mixin.py:188} INFO - [2025-05-08T21:09:41.250+0000] {dagbag.py:348} ERROR - Failed to import: /opt/airflow/dags/etl.py
Traceback (most recent call last):
  File "/home/airflow/.local/lib/python3.11/site-packages/airflow/models/dagbag.py", line 344, in parse
    loader.exec_module(new_module)
  File "<frozen importlib._bootstrap_external>", line 940, in exec_module
  File "<frozen importlib._bootstrap>", line 241, in _call_with_frames_removed
  File "/opt/airflow/dags/etl.py", line 3, in <module>
    from pyspark.sql import SparkSession
ModuleNotFoundError: No module named 'pyspark'
[2025-05-08T21:09:41.255+0000] {processor.py:842} WARNING - No viable dags retrieved from /opt/airflow/dags/etl.py
[2025-05-08T21:09:41.688+0000] {processor.py:183} INFO - Processing /opt/airflow/dags/etl.py took 0.457 seconds
[2025-05-08T21:10:12.013+0000] {processor.py:161} INFO - Started process (PID=192) to work on /opt/airflow/dags/etl.py
[2025-05-08T21:10:12.014+0000] {processor.py:830} INFO - Processing file /opt/airflow/dags/etl.py for tasks to queue
[2025-05-08T21:10:12.015+0000] {logging_mixin.py:188} INFO - [2025-05-08T21:10:12.014+0000] {dagbag.py:538} INFO - Filling up the DagBag from /opt/airflow/dags/etl.py
[2025-05-08T21:10:12.030+0000] {logging_mixin.py:188} INFO - [2025-05-08T21:10:12.026+0000] {dagbag.py:348} ERROR - Failed to import: /opt/airflow/dags/etl.py
Traceback (most recent call last):
  File "/home/airflow/.local/lib/python3.11/site-packages/airflow/models/dagbag.py", line 344, in parse
    loader.exec_module(new_module)
  File "<frozen importlib._bootstrap_external>", line 940, in exec_module
  File "<frozen importlib._bootstrap>", line 241, in _call_with_frames_removed
  File "/opt/airflow/dags/etl.py", line 3, in <module>
    from pyspark.sql import SparkSession
ModuleNotFoundError: No module named 'pyspark'
[2025-05-08T21:10:12.031+0000] {processor.py:842} WARNING - No viable dags retrieved from /opt/airflow/dags/etl.py
[2025-05-08T21:10:12.084+0000] {processor.py:183} INFO - Processing /opt/airflow/dags/etl.py took 0.075 seconds
[2025-05-08T21:10:42.332+0000] {processor.py:161} INFO - Started process (PID=202) to work on /opt/airflow/dags/etl.py
[2025-05-08T21:10:42.332+0000] {processor.py:830} INFO - Processing file /opt/airflow/dags/etl.py for tasks to queue
[2025-05-08T21:10:42.333+0000] {logging_mixin.py:188} INFO - [2025-05-08T21:10:42.333+0000] {dagbag.py:538} INFO - Filling up the DagBag from /opt/airflow/dags/etl.py
[2025-05-08T21:10:42.350+0000] {logging_mixin.py:188} INFO - [2025-05-08T21:10:42.347+0000] {dagbag.py:348} ERROR - Failed to import: /opt/airflow/dags/etl.py
Traceback (most recent call last):
  File "/home/airflow/.local/lib/python3.11/site-packages/airflow/models/dagbag.py", line 344, in parse
    loader.exec_module(new_module)
  File "<frozen importlib._bootstrap_external>", line 940, in exec_module
  File "<frozen importlib._bootstrap>", line 241, in _call_with_frames_removed
  File "/opt/airflow/dags/etl.py", line 3, in <module>
    from pyspark.sql import SparkSession
ModuleNotFoundError: No module named 'pyspark'
[2025-05-08T21:10:42.351+0000] {processor.py:842} WARNING - No viable dags retrieved from /opt/airflow/dags/etl.py
[2025-05-08T21:10:42.409+0000] {processor.py:183} INFO - Processing /opt/airflow/dags/etl.py took 0.080 seconds
[2025-05-08T21:11:12.706+0000] {processor.py:161} INFO - Started process (PID=212) to work on /opt/airflow/dags/etl.py
[2025-05-08T21:11:12.708+0000] {processor.py:830} INFO - Processing file /opt/airflow/dags/etl.py for tasks to queue
[2025-05-08T21:11:12.709+0000] {logging_mixin.py:188} INFO - [2025-05-08T21:11:12.708+0000] {dagbag.py:538} INFO - Filling up the DagBag from /opt/airflow/dags/etl.py
[2025-05-08T21:11:12.724+0000] {logging_mixin.py:188} INFO - [2025-05-08T21:11:12.720+0000] {dagbag.py:348} ERROR - Failed to import: /opt/airflow/dags/etl.py
Traceback (most recent call last):
  File "/home/airflow/.local/lib/python3.11/site-packages/airflow/models/dagbag.py", line 344, in parse
    loader.exec_module(new_module)
  File "<frozen importlib._bootstrap_external>", line 940, in exec_module
  File "<frozen importlib._bootstrap>", line 241, in _call_with_frames_removed
  File "/opt/airflow/dags/etl.py", line 3, in <module>
    from pyspark.sql import SparkSession
ModuleNotFoundError: No module named 'pyspark'
[2025-05-08T21:11:12.725+0000] {processor.py:842} WARNING - No viable dags retrieved from /opt/airflow/dags/etl.py
[2025-05-08T21:11:12.772+0000] {processor.py:183} INFO - Processing /opt/airflow/dags/etl.py took 0.069 seconds
[2025-05-08T21:15:37.399+0000] {processor.py:161} INFO - Started process (PID=183) to work on /opt/airflow/dags/etl.py
[2025-05-08T21:15:37.401+0000] {processor.py:830} INFO - Processing file /opt/airflow/dags/etl.py for tasks to queue
[2025-05-08T21:15:37.402+0000] {logging_mixin.py:188} INFO - [2025-05-08T21:15:37.401+0000] {dagbag.py:538} INFO - Filling up the DagBag from /opt/airflow/dags/etl.py
[2025-05-08T21:15:37.510+0000] {processor.py:840} INFO - DAG(s) 'elt_IBGE' retrieved from /opt/airflow/dags/etl.py
[2025-05-08T21:15:37.913+0000] {logging_mixin.py:188} INFO - [2025-05-08T21:15:37.913+0000] {dag.py:3036} INFO - Sync 1 DAGs
[2025-05-08T21:15:37.938+0000] {logging_mixin.py:188} INFO - [2025-05-08T21:15:37.938+0000] {dag.py:3823} INFO - Setting next_dagrun for elt_IBGE to None, run_after=None
[2025-05-08T21:15:38.115+0000] {processor.py:183} INFO - Processing /opt/airflow/dags/etl.py took 0.718 seconds
[2025-05-08T21:16:08.367+0000] {processor.py:161} INFO - Started process (PID=193) to work on /opt/airflow/dags/etl.py
[2025-05-08T21:16:08.368+0000] {processor.py:830} INFO - Processing file /opt/airflow/dags/etl.py for tasks to queue
[2025-05-08T21:16:08.369+0000] {logging_mixin.py:188} INFO - [2025-05-08T21:16:08.369+0000] {dagbag.py:538} INFO - Filling up the DagBag from /opt/airflow/dags/etl.py
[2025-05-08T21:16:08.455+0000] {processor.py:840} INFO - DAG(s) 'elt_IBGE' retrieved from /opt/airflow/dags/etl.py
[2025-05-08T21:16:08.481+0000] {logging_mixin.py:188} INFO - [2025-05-08T21:16:08.481+0000] {dag.py:3036} INFO - Sync 1 DAGs
[2025-05-08T21:16:08.491+0000] {logging_mixin.py:188} INFO - [2025-05-08T21:16:08.491+0000] {dag.py:3823} INFO - Setting next_dagrun for elt_IBGE to None, run_after=None
[2025-05-08T21:16:08.546+0000] {processor.py:183} INFO - Processing /opt/airflow/dags/etl.py took 0.182 seconds
[2025-05-08T21:16:38.763+0000] {processor.py:161} INFO - Started process (PID=203) to work on /opt/airflow/dags/etl.py
[2025-05-08T21:16:38.768+0000] {processor.py:830} INFO - Processing file /opt/airflow/dags/etl.py for tasks to queue
[2025-05-08T21:16:38.770+0000] {logging_mixin.py:188} INFO - [2025-05-08T21:16:38.769+0000] {dagbag.py:538} INFO - Filling up the DagBag from /opt/airflow/dags/etl.py
[2025-05-08T21:16:38.941+0000] {processor.py:840} INFO - DAG(s) 'elt_IBGE' retrieved from /opt/airflow/dags/etl.py
[2025-05-08T21:16:38.993+0000] {logging_mixin.py:188} INFO - [2025-05-08T21:16:38.993+0000] {dag.py:3036} INFO - Sync 1 DAGs
[2025-05-08T21:16:39.009+0000] {logging_mixin.py:188} INFO - [2025-05-08T21:16:39.009+0000] {dag.py:3823} INFO - Setting next_dagrun for elt_IBGE to None, run_after=None
[2025-05-08T21:16:39.095+0000] {processor.py:183} INFO - Processing /opt/airflow/dags/etl.py took 0.335 seconds
[2025-05-08T21:17:09.266+0000] {processor.py:161} INFO - Started process (PID=223) to work on /opt/airflow/dags/etl.py
[2025-05-08T21:17:09.267+0000] {processor.py:830} INFO - Processing file /opt/airflow/dags/etl.py for tasks to queue
[2025-05-08T21:17:09.269+0000] {logging_mixin.py:188} INFO - [2025-05-08T21:17:09.268+0000] {dagbag.py:538} INFO - Filling up the DagBag from /opt/airflow/dags/etl.py
[2025-05-08T21:17:09.358+0000] {processor.py:840} INFO - DAG(s) 'elt_IBGE' retrieved from /opt/airflow/dags/etl.py
[2025-05-08T21:17:09.384+0000] {logging_mixin.py:188} INFO - [2025-05-08T21:17:09.384+0000] {dag.py:3036} INFO - Sync 1 DAGs
[2025-05-08T21:17:09.396+0000] {logging_mixin.py:188} INFO - [2025-05-08T21:17:09.396+0000] {dag.py:3823} INFO - Setting next_dagrun for elt_IBGE to None, run_after=None
[2025-05-08T21:17:09.467+0000] {processor.py:183} INFO - Processing /opt/airflow/dags/etl.py took 0.204 seconds
[2025-05-08T21:17:39.628+0000] {processor.py:161} INFO - Started process (PID=233) to work on /opt/airflow/dags/etl.py
[2025-05-08T21:17:39.629+0000] {processor.py:830} INFO - Processing file /opt/airflow/dags/etl.py for tasks to queue
[2025-05-08T21:17:39.630+0000] {logging_mixin.py:188} INFO - [2025-05-08T21:17:39.629+0000] {dagbag.py:538} INFO - Filling up the DagBag from /opt/airflow/dags/etl.py
[2025-05-08T21:17:39.728+0000] {processor.py:840} INFO - DAG(s) 'elt_IBGE' retrieved from /opt/airflow/dags/etl.py
[2025-05-08T21:17:39.754+0000] {logging_mixin.py:188} INFO - [2025-05-08T21:17:39.754+0000] {dag.py:3036} INFO - Sync 1 DAGs
[2025-05-08T21:17:39.769+0000] {logging_mixin.py:188} INFO - [2025-05-08T21:17:39.769+0000] {dag.py:3823} INFO - Setting next_dagrun for elt_IBGE to None, run_after=None
[2025-05-08T21:17:39.817+0000] {processor.py:183} INFO - Processing /opt/airflow/dags/etl.py took 0.192 seconds
[2025-05-08T21:18:10.044+0000] {processor.py:161} INFO - Started process (PID=268) to work on /opt/airflow/dags/etl.py
[2025-05-08T21:18:10.045+0000] {processor.py:830} INFO - Processing file /opt/airflow/dags/etl.py for tasks to queue
[2025-05-08T21:18:10.046+0000] {logging_mixin.py:188} INFO - [2025-05-08T21:18:10.046+0000] {dagbag.py:538} INFO - Filling up the DagBag from /opt/airflow/dags/etl.py
[2025-05-08T21:18:10.160+0000] {processor.py:840} INFO - DAG(s) 'elt_IBGE' retrieved from /opt/airflow/dags/etl.py
[2025-05-08T21:18:10.187+0000] {logging_mixin.py:188} INFO - [2025-05-08T21:18:10.187+0000] {dag.py:3036} INFO - Sync 1 DAGs
[2025-05-08T21:18:10.199+0000] {logging_mixin.py:188} INFO - [2025-05-08T21:18:10.199+0000] {dag.py:3823} INFO - Setting next_dagrun for elt_IBGE to None, run_after=None
[2025-05-08T21:18:10.241+0000] {processor.py:183} INFO - Processing /opt/airflow/dags/etl.py took 0.200 seconds
[2025-05-08T21:18:40.460+0000] {processor.py:161} INFO - Started process (PID=303) to work on /opt/airflow/dags/etl.py
[2025-05-08T21:18:40.462+0000] {processor.py:830} INFO - Processing file /opt/airflow/dags/etl.py for tasks to queue
[2025-05-08T21:18:40.463+0000] {logging_mixin.py:188} INFO - [2025-05-08T21:18:40.462+0000] {dagbag.py:538} INFO - Filling up the DagBag from /opt/airflow/dags/etl.py
[2025-05-08T21:18:40.548+0000] {processor.py:840} INFO - DAG(s) 'elt_IBGE' retrieved from /opt/airflow/dags/etl.py
[2025-05-08T21:18:40.573+0000] {logging_mixin.py:188} INFO - [2025-05-08T21:18:40.573+0000] {dag.py:3036} INFO - Sync 1 DAGs
[2025-05-08T21:18:40.584+0000] {logging_mixin.py:188} INFO - [2025-05-08T21:18:40.584+0000] {dag.py:3823} INFO - Setting next_dagrun for elt_IBGE to None, run_after=None
[2025-05-08T21:18:40.636+0000] {processor.py:183} INFO - Processing /opt/airflow/dags/etl.py took 0.180 seconds
[2025-05-08T21:19:10.947+0000] {processor.py:161} INFO - Started process (PID=329) to work on /opt/airflow/dags/etl.py
[2025-05-08T21:19:10.948+0000] {processor.py:830} INFO - Processing file /opt/airflow/dags/etl.py for tasks to queue
[2025-05-08T21:19:10.949+0000] {logging_mixin.py:188} INFO - [2025-05-08T21:19:10.949+0000] {dagbag.py:538} INFO - Filling up the DagBag from /opt/airflow/dags/etl.py
[2025-05-08T21:19:11.034+0000] {processor.py:840} INFO - DAG(s) 'elt_IBGE' retrieved from /opt/airflow/dags/etl.py
[2025-05-08T21:19:11.060+0000] {logging_mixin.py:188} INFO - [2025-05-08T21:19:11.059+0000] {dag.py:3036} INFO - Sync 1 DAGs
[2025-05-08T21:19:11.071+0000] {logging_mixin.py:188} INFO - [2025-05-08T21:19:11.070+0000] {dag.py:3823} INFO - Setting next_dagrun for elt_IBGE to None, run_after=None
[2025-05-08T21:19:11.113+0000] {processor.py:183} INFO - Processing /opt/airflow/dags/etl.py took 0.169 seconds
[2025-05-08T21:19:41.473+0000] {processor.py:161} INFO - Started process (PID=339) to work on /opt/airflow/dags/etl.py
[2025-05-08T21:19:41.474+0000] {processor.py:830} INFO - Processing file /opt/airflow/dags/etl.py for tasks to queue
[2025-05-08T21:19:41.475+0000] {logging_mixin.py:188} INFO - [2025-05-08T21:19:41.475+0000] {dagbag.py:538} INFO - Filling up the DagBag from /opt/airflow/dags/etl.py
[2025-05-08T21:19:41.566+0000] {processor.py:840} INFO - DAG(s) 'elt_IBGE' retrieved from /opt/airflow/dags/etl.py
[2025-05-08T21:19:41.592+0000] {logging_mixin.py:188} INFO - [2025-05-08T21:19:41.592+0000] {dag.py:3036} INFO - Sync 1 DAGs
[2025-05-08T21:19:41.604+0000] {logging_mixin.py:188} INFO - [2025-05-08T21:19:41.604+0000] {dag.py:3823} INFO - Setting next_dagrun for elt_IBGE to None, run_after=None
[2025-05-08T21:19:41.649+0000] {processor.py:183} INFO - Processing /opt/airflow/dags/etl.py took 0.179 seconds
[2025-05-08T21:20:12.479+0000] {processor.py:161} INFO - Started process (PID=372) to work on /opt/airflow/dags/etl.py
[2025-05-08T21:20:12.480+0000] {processor.py:830} INFO - Processing file /opt/airflow/dags/etl.py for tasks to queue
[2025-05-08T21:20:12.481+0000] {logging_mixin.py:188} INFO - [2025-05-08T21:20:12.480+0000] {dagbag.py:538} INFO - Filling up the DagBag from /opt/airflow/dags/etl.py
[2025-05-08T21:20:12.564+0000] {processor.py:840} INFO - DAG(s) 'elt_IBGE' retrieved from /opt/airflow/dags/etl.py
[2025-05-08T21:20:12.589+0000] {logging_mixin.py:188} INFO - [2025-05-08T21:20:12.589+0000] {dag.py:3036} INFO - Sync 1 DAGs
[2025-05-08T21:20:12.603+0000] {logging_mixin.py:188} INFO - [2025-05-08T21:20:12.603+0000] {dag.py:3823} INFO - Setting next_dagrun for elt_IBGE to None, run_after=None
[2025-05-08T21:20:12.652+0000] {processor.py:183} INFO - Processing /opt/airflow/dags/etl.py took 0.176 seconds
[2025-05-08T21:20:42.907+0000] {processor.py:161} INFO - Started process (PID=382) to work on /opt/airflow/dags/etl.py
[2025-05-08T21:20:42.910+0000] {processor.py:830} INFO - Processing file /opt/airflow/dags/etl.py for tasks to queue
[2025-05-08T21:20:42.911+0000] {logging_mixin.py:188} INFO - [2025-05-08T21:20:42.910+0000] {dagbag.py:538} INFO - Filling up the DagBag from /opt/airflow/dags/etl.py
[2025-05-08T21:20:43.005+0000] {processor.py:840} INFO - DAG(s) 'elt_IBGE' retrieved from /opt/airflow/dags/etl.py
[2025-05-08T21:20:42.286+0000] {logging_mixin.py:188} INFO - [2025-05-08T21:20:42.285+0000] {dag.py:3036} INFO - Sync 1 DAGs
[2025-05-08T21:20:42.297+0000] {logging_mixin.py:188} INFO - [2025-05-08T21:20:42.297+0000] {dag.py:3823} INFO - Setting next_dagrun for elt_IBGE to None, run_after=None
[2025-05-08T21:20:42.346+0000] {processor.py:183} INFO - Processing /opt/airflow/dags/etl.py took 0.191 seconds
[2025-05-08T21:21:12.828+0000] {processor.py:161} INFO - Started process (PID=392) to work on /opt/airflow/dags/etl.py
[2025-05-08T21:21:12.830+0000] {processor.py:830} INFO - Processing file /opt/airflow/dags/etl.py for tasks to queue
[2025-05-08T21:21:12.831+0000] {logging_mixin.py:188} INFO - [2025-05-08T21:21:12.830+0000] {dagbag.py:538} INFO - Filling up the DagBag from /opt/airflow/dags/etl.py
[2025-05-08T21:21:12.930+0000] {processor.py:840} INFO - DAG(s) 'elt_IBGE' retrieved from /opt/airflow/dags/etl.py
[2025-05-08T21:21:12.955+0000] {logging_mixin.py:188} INFO - [2025-05-08T21:21:12.954+0000] {dag.py:3036} INFO - Sync 1 DAGs
[2025-05-08T21:21:12.964+0000] {logging_mixin.py:188} INFO - [2025-05-08T21:21:12.964+0000] {dag.py:3823} INFO - Setting next_dagrun for elt_IBGE to None, run_after=None
[2025-05-08T21:21:13.039+0000] {processor.py:183} INFO - Processing /opt/airflow/dags/etl.py took 0.214 seconds
[2025-05-08T21:21:43.575+0000] {processor.py:161} INFO - Started process (PID=402) to work on /opt/airflow/dags/etl.py
[2025-05-08T21:21:43.576+0000] {processor.py:830} INFO - Processing file /opt/airflow/dags/etl.py for tasks to queue
[2025-05-08T21:21:43.580+0000] {logging_mixin.py:188} INFO - [2025-05-08T21:21:43.579+0000] {dagbag.py:538} INFO - Filling up the DagBag from /opt/airflow/dags/etl.py
[2025-05-08T21:21:43.615+0000] {processor.py:840} INFO - DAG(s) 'elt_IBGE' retrieved from /opt/airflow/dags/etl.py
[2025-05-08T21:21:43.641+0000] {logging_mixin.py:188} INFO - [2025-05-08T21:21:43.641+0000] {dag.py:3036} INFO - Sync 1 DAGs
[2025-05-08T21:21:43.653+0000] {logging_mixin.py:188} INFO - [2025-05-08T21:21:43.652+0000] {dag.py:3823} INFO - Setting next_dagrun for elt_IBGE to None, run_after=None
[2025-05-08T21:21:43.721+0000] {processor.py:183} INFO - Processing /opt/airflow/dags/etl.py took 0.149 seconds
[2025-05-08T21:22:14.442+0000] {processor.py:161} INFO - Started process (PID=412) to work on /opt/airflow/dags/etl.py
[2025-05-08T21:22:14.444+0000] {processor.py:830} INFO - Processing file /opt/airflow/dags/etl.py for tasks to queue
[2025-05-08T21:22:14.445+0000] {logging_mixin.py:188} INFO - [2025-05-08T21:22:14.444+0000] {dagbag.py:538} INFO - Filling up the DagBag from /opt/airflow/dags/etl.py
[2025-05-08T21:22:14.463+0000] {processor.py:840} INFO - DAG(s) 'elt_IBGE' retrieved from /opt/airflow/dags/etl.py
[2025-05-08T21:22:14.491+0000] {logging_mixin.py:188} INFO - [2025-05-08T21:22:14.490+0000] {dag.py:3036} INFO - Sync 1 DAGs
[2025-05-08T21:22:14.501+0000] {logging_mixin.py:188} INFO - [2025-05-08T21:22:14.501+0000] {dag.py:3823} INFO - Setting next_dagrun for elt_IBGE to None, run_after=None
[2025-05-08T21:22:14.542+0000] {processor.py:183} INFO - Processing /opt/airflow/dags/etl.py took 0.102 seconds
[2025-05-08T21:22:45.234+0000] {processor.py:161} INFO - Started process (PID=422) to work on /opt/airflow/dags/etl.py
[2025-05-08T21:22:45.235+0000] {processor.py:830} INFO - Processing file /opt/airflow/dags/etl.py for tasks to queue
[2025-05-08T21:22:45.237+0000] {logging_mixin.py:188} INFO - [2025-05-08T21:22:45.236+0000] {dagbag.py:538} INFO - Filling up the DagBag from /opt/airflow/dags/etl.py
[2025-05-08T21:22:45.256+0000] {processor.py:840} INFO - DAG(s) 'elt_IBGE' retrieved from /opt/airflow/dags/etl.py
[2025-05-08T21:22:45.285+0000] {logging_mixin.py:188} INFO - [2025-05-08T21:22:45.284+0000] {dag.py:3036} INFO - Sync 1 DAGs
[2025-05-08T21:22:45.296+0000] {logging_mixin.py:188} INFO - [2025-05-08T21:22:45.296+0000] {dag.py:3823} INFO - Setting next_dagrun for elt_IBGE to None, run_after=None
[2025-05-08T21:22:45.337+0000] {processor.py:183} INFO - Processing /opt/airflow/dags/etl.py took 0.107 seconds
[2025-05-08T21:26:29.999+0000] {processor.py:161} INFO - Started process (PID=181) to work on /opt/airflow/dags/etl.py
[2025-05-08T21:26:30.000+0000] {processor.py:830} INFO - Processing file /opt/airflow/dags/etl.py for tasks to queue
[2025-05-08T21:26:30.001+0000] {logging_mixin.py:188} INFO - [2025-05-08T21:26:30.001+0000] {dagbag.py:538} INFO - Filling up the DagBag from /opt/airflow/dags/etl.py
[2025-05-08T21:26:30.026+0000] {processor.py:840} INFO - DAG(s) 'elt_IBGE' retrieved from /opt/airflow/dags/etl.py
[2025-05-08T21:26:30.226+0000] {logging_mixin.py:188} INFO - [2025-05-08T21:26:30.226+0000] {dag.py:3036} INFO - Sync 1 DAGs
[2025-05-08T21:26:30.236+0000] {logging_mixin.py:188} INFO - [2025-05-08T21:26:30.236+0000] {dag.py:3823} INFO - Setting next_dagrun for elt_IBGE to None, run_after=None
[2025-05-08T21:26:30.293+0000] {processor.py:183} INFO - Processing /opt/airflow/dags/etl.py took 0.296 seconds
[2025-05-08T21:27:01.095+0000] {processor.py:161} INFO - Started process (PID=201) to work on /opt/airflow/dags/etl.py
[2025-05-08T21:27:01.096+0000] {processor.py:830} INFO - Processing file /opt/airflow/dags/etl.py for tasks to queue
[2025-05-08T21:27:01.097+0000] {logging_mixin.py:188} INFO - [2025-05-08T21:27:01.097+0000] {dagbag.py:538} INFO - Filling up the DagBag from /opt/airflow/dags/etl.py
[2025-05-08T21:27:01.116+0000] {processor.py:840} INFO - DAG(s) 'elt_IBGE' retrieved from /opt/airflow/dags/etl.py
[2025-05-08T21:27:01.144+0000] {logging_mixin.py:188} INFO - [2025-05-08T21:27:01.143+0000] {dag.py:3036} INFO - Sync 1 DAGs
[2025-05-08T21:27:01.155+0000] {logging_mixin.py:188} INFO - [2025-05-08T21:27:01.155+0000] {dag.py:3823} INFO - Setting next_dagrun for elt_IBGE to None, run_after=None
[2025-05-08T21:27:01.202+0000] {processor.py:183} INFO - Processing /opt/airflow/dags/etl.py took 0.110 seconds
[2025-05-08T21:27:31.848+0000] {processor.py:161} INFO - Started process (PID=211) to work on /opt/airflow/dags/etl.py
[2025-05-08T21:27:31.849+0000] {processor.py:830} INFO - Processing file /opt/airflow/dags/etl.py for tasks to queue
[2025-05-08T21:27:31.850+0000] {logging_mixin.py:188} INFO - [2025-05-08T21:27:31.850+0000] {dagbag.py:538} INFO - Filling up the DagBag from /opt/airflow/dags/etl.py
[2025-05-08T21:27:31.871+0000] {processor.py:840} INFO - DAG(s) 'elt_IBGE' retrieved from /opt/airflow/dags/etl.py
[2025-05-08T21:27:31.901+0000] {logging_mixin.py:188} INFO - [2025-05-08T21:27:31.901+0000] {dag.py:3036} INFO - Sync 1 DAGs
[2025-05-08T21:27:31.913+0000] {logging_mixin.py:188} INFO - [2025-05-08T21:27:31.913+0000] {dag.py:3823} INFO - Setting next_dagrun for elt_IBGE to None, run_after=None
[2025-05-08T21:27:31.964+0000] {processor.py:183} INFO - Processing /opt/airflow/dags/etl.py took 0.119 seconds
[2025-05-08T21:28:02.681+0000] {processor.py:161} INFO - Started process (PID=221) to work on /opt/airflow/dags/etl.py
[2025-05-08T21:28:02.682+0000] {processor.py:830} INFO - Processing file /opt/airflow/dags/etl.py for tasks to queue
[2025-05-08T21:28:02.683+0000] {logging_mixin.py:188} INFO - [2025-05-08T21:28:02.682+0000] {dagbag.py:538} INFO - Filling up the DagBag from /opt/airflow/dags/etl.py
[2025-05-08T21:28:02.702+0000] {processor.py:840} INFO - DAG(s) 'elt_IBGE' retrieved from /opt/airflow/dags/etl.py
[2025-05-08T21:28:02.734+0000] {logging_mixin.py:188} INFO - [2025-05-08T21:28:02.734+0000] {dag.py:3036} INFO - Sync 1 DAGs
[2025-05-08T21:28:02.746+0000] {logging_mixin.py:188} INFO - [2025-05-08T21:28:02.746+0000] {dag.py:3823} INFO - Setting next_dagrun for elt_IBGE to None, run_after=None
[2025-05-08T21:28:02.801+0000] {processor.py:183} INFO - Processing /opt/airflow/dags/etl.py took 0.124 seconds
[2025-05-08T21:28:33.014+0000] {processor.py:161} INFO - Started process (PID=231) to work on /opt/airflow/dags/etl.py
[2025-05-08T21:28:33.015+0000] {processor.py:830} INFO - Processing file /opt/airflow/dags/etl.py for tasks to queue
[2025-05-08T21:28:33.016+0000] {logging_mixin.py:188} INFO - [2025-05-08T21:28:33.016+0000] {dagbag.py:538} INFO - Filling up the DagBag from /opt/airflow/dags/etl.py
[2025-05-08T21:28:33.032+0000] {processor.py:840} INFO - DAG(s) 'elt_IBGE' retrieved from /opt/airflow/dags/etl.py
[2025-05-08T21:28:33.058+0000] {logging_mixin.py:188} INFO - [2025-05-08T21:28:33.057+0000] {dag.py:3036} INFO - Sync 1 DAGs
[2025-05-08T21:28:33.069+0000] {logging_mixin.py:188} INFO - [2025-05-08T21:28:33.069+0000] {dag.py:3823} INFO - Setting next_dagrun for elt_IBGE to None, run_after=None
[2025-05-08T21:28:33.112+0000] {processor.py:183} INFO - Processing /opt/airflow/dags/etl.py took 0.101 seconds
[2025-05-08T21:29:03.807+0000] {processor.py:161} INFO - Started process (PID=241) to work on /opt/airflow/dags/etl.py
[2025-05-08T21:29:03.808+0000] {processor.py:830} INFO - Processing file /opt/airflow/dags/etl.py for tasks to queue
[2025-05-08T21:29:03.809+0000] {logging_mixin.py:188} INFO - [2025-05-08T21:29:03.809+0000] {dagbag.py:538} INFO - Filling up the DagBag from /opt/airflow/dags/etl.py
[2025-05-08T21:29:03.828+0000] {processor.py:840} INFO - DAG(s) 'elt_IBGE' retrieved from /opt/airflow/dags/etl.py
[2025-05-08T21:29:03.854+0000] {logging_mixin.py:188} INFO - [2025-05-08T21:29:03.854+0000] {dag.py:3036} INFO - Sync 1 DAGs
[2025-05-08T21:29:03.865+0000] {logging_mixin.py:188} INFO - [2025-05-08T21:29:03.865+0000] {dag.py:3823} INFO - Setting next_dagrun for elt_IBGE to None, run_after=None
[2025-05-08T21:29:03.915+0000] {processor.py:183} INFO - Processing /opt/airflow/dags/etl.py took 0.111 seconds
[2025-05-08T21:29:34.757+0000] {processor.py:161} INFO - Started process (PID=251) to work on /opt/airflow/dags/etl.py
[2025-05-08T21:29:34.759+0000] {processor.py:830} INFO - Processing file /opt/airflow/dags/etl.py for tasks to queue
[2025-05-08T21:29:34.761+0000] {logging_mixin.py:188} INFO - [2025-05-08T21:29:34.760+0000] {dagbag.py:538} INFO - Filling up the DagBag from /opt/airflow/dags/etl.py
[2025-05-08T21:29:34.783+0000] {processor.py:840} INFO - DAG(s) 'elt_IBGE' retrieved from /opt/airflow/dags/etl.py
[2025-05-08T21:29:34.811+0000] {logging_mixin.py:188} INFO - [2025-05-08T21:29:34.811+0000] {dag.py:3036} INFO - Sync 1 DAGs
[2025-05-08T21:29:34.823+0000] {logging_mixin.py:188} INFO - [2025-05-08T21:29:34.823+0000] {dag.py:3823} INFO - Setting next_dagrun for elt_IBGE to None, run_after=None
[2025-05-08T21:29:34.874+0000] {processor.py:183} INFO - Processing /opt/airflow/dags/etl.py took 0.120 seconds
[2025-05-08T21:30:05.510+0000] {processor.py:161} INFO - Started process (PID=261) to work on /opt/airflow/dags/etl.py
[2025-05-08T21:30:05.512+0000] {processor.py:830} INFO - Processing file /opt/airflow/dags/etl.py for tasks to queue
[2025-05-08T21:30:05.513+0000] {logging_mixin.py:188} INFO - [2025-05-08T21:30:05.512+0000] {dagbag.py:538} INFO - Filling up the DagBag from /opt/airflow/dags/etl.py
[2025-05-08T21:30:05.531+0000] {processor.py:840} INFO - DAG(s) 'elt_IBGE' retrieved from /opt/airflow/dags/etl.py
[2025-05-08T21:30:05.558+0000] {logging_mixin.py:188} INFO - [2025-05-08T21:30:05.558+0000] {dag.py:3036} INFO - Sync 1 DAGs
[2025-05-08T21:30:05.569+0000] {logging_mixin.py:188} INFO - [2025-05-08T21:30:05.569+0000] {dag.py:3823} INFO - Setting next_dagrun for elt_IBGE to None, run_after=None
[2025-05-08T21:30:05.625+0000] {processor.py:183} INFO - Processing /opt/airflow/dags/etl.py took 0.118 seconds
[2025-05-08T21:30:36.313+0000] {processor.py:161} INFO - Started process (PID=271) to work on /opt/airflow/dags/etl.py
[2025-05-08T21:30:36.314+0000] {processor.py:830} INFO - Processing file /opt/airflow/dags/etl.py for tasks to queue
[2025-05-08T21:30:36.315+0000] {logging_mixin.py:188} INFO - [2025-05-08T21:30:36.314+0000] {dagbag.py:538} INFO - Filling up the DagBag from /opt/airflow/dags/etl.py
[2025-05-08T21:30:36.332+0000] {processor.py:840} INFO - DAG(s) 'elt_IBGE' retrieved from /opt/airflow/dags/etl.py
[2025-05-08T21:30:36.361+0000] {logging_mixin.py:188} INFO - [2025-05-08T21:30:36.361+0000] {dag.py:3036} INFO - Sync 1 DAGs
[2025-05-08T21:30:36.372+0000] {logging_mixin.py:188} INFO - [2025-05-08T21:30:36.372+0000] {dag.py:3823} INFO - Setting next_dagrun for elt_IBGE to None, run_after=None
[2025-05-08T21:30:36.434+0000] {processor.py:183} INFO - Processing /opt/airflow/dags/etl.py took 0.125 seconds
[2025-05-08T21:31:07.292+0000] {processor.py:161} INFO - Started process (PID=281) to work on /opt/airflow/dags/etl.py
[2025-05-08T21:31:07.293+0000] {processor.py:830} INFO - Processing file /opt/airflow/dags/etl.py for tasks to queue
[2025-05-08T21:31:07.294+0000] {logging_mixin.py:188} INFO - [2025-05-08T21:31:07.294+0000] {dagbag.py:538} INFO - Filling up the DagBag from /opt/airflow/dags/etl.py
[2025-05-08T21:31:07.311+0000] {processor.py:840} INFO - DAG(s) 'elt_IBGE' retrieved from /opt/airflow/dags/etl.py
[2025-05-08T21:31:07.336+0000] {logging_mixin.py:188} INFO - [2025-05-08T21:31:07.336+0000] {dag.py:3036} INFO - Sync 1 DAGs
[2025-05-08T21:31:07.347+0000] {logging_mixin.py:188} INFO - [2025-05-08T21:31:07.347+0000] {dag.py:3823} INFO - Setting next_dagrun for elt_IBGE to None, run_after=None
[2025-05-08T21:31:07.394+0000] {processor.py:183} INFO - Processing /opt/airflow/dags/etl.py took 0.104 seconds
[2025-05-08T21:31:38.054+0000] {processor.py:161} INFO - Started process (PID=291) to work on /opt/airflow/dags/etl.py
[2025-05-08T21:31:38.055+0000] {processor.py:830} INFO - Processing file /opt/airflow/dags/etl.py for tasks to queue
[2025-05-08T21:31:38.056+0000] {logging_mixin.py:188} INFO - [2025-05-08T21:31:38.056+0000] {dagbag.py:538} INFO - Filling up the DagBag from /opt/airflow/dags/etl.py
[2025-05-08T21:31:38.073+0000] {processor.py:840} INFO - DAG(s) 'elt_IBGE' retrieved from /opt/airflow/dags/etl.py
[2025-05-08T21:31:38.099+0000] {logging_mixin.py:188} INFO - [2025-05-08T21:31:38.099+0000] {dag.py:3036} INFO - Sync 1 DAGs
[2025-05-08T21:31:38.110+0000] {logging_mixin.py:188} INFO - [2025-05-08T21:31:38.109+0000] {dag.py:3823} INFO - Setting next_dagrun for elt_IBGE to None, run_after=None
[2025-05-08T21:31:38.159+0000] {processor.py:183} INFO - Processing /opt/airflow/dags/etl.py took 0.108 seconds
[2025-05-08T21:32:08.899+0000] {processor.py:161} INFO - Started process (PID=301) to work on /opt/airflow/dags/etl.py
[2025-05-08T21:32:08.900+0000] {processor.py:830} INFO - Processing file /opt/airflow/dags/etl.py for tasks to queue
[2025-05-08T21:32:08.901+0000] {logging_mixin.py:188} INFO - [2025-05-08T21:32:08.901+0000] {dagbag.py:538} INFO - Filling up the DagBag from /opt/airflow/dags/etl.py
[2025-05-08T21:32:08.921+0000] {processor.py:840} INFO - DAG(s) 'elt_IBGE' retrieved from /opt/airflow/dags/etl.py
[2025-05-08T21:32:08.949+0000] {logging_mixin.py:188} INFO - [2025-05-08T21:32:08.949+0000] {dag.py:3036} INFO - Sync 1 DAGs
[2025-05-08T21:32:08.961+0000] {logging_mixin.py:188} INFO - [2025-05-08T21:32:08.960+0000] {dag.py:3823} INFO - Setting next_dagrun for elt_IBGE to None, run_after=None
[2025-05-08T21:32:09.007+0000] {processor.py:183} INFO - Processing /opt/airflow/dags/etl.py took 0.111 seconds
[2025-05-08T21:32:39.861+0000] {processor.py:161} INFO - Started process (PID=311) to work on /opt/airflow/dags/etl.py
[2025-05-08T21:32:39.863+0000] {processor.py:830} INFO - Processing file /opt/airflow/dags/etl.py for tasks to queue
[2025-05-08T21:32:39.864+0000] {logging_mixin.py:188} INFO - [2025-05-08T21:32:39.863+0000] {dagbag.py:538} INFO - Filling up the DagBag from /opt/airflow/dags/etl.py
[2025-05-08T21:32:39.884+0000] {processor.py:840} INFO - DAG(s) 'elt_IBGE' retrieved from /opt/airflow/dags/etl.py
[2025-05-08T21:32:39.913+0000] {logging_mixin.py:188} INFO - [2025-05-08T21:32:39.913+0000] {dag.py:3036} INFO - Sync 1 DAGs
[2025-05-08T21:32:39.924+0000] {logging_mixin.py:188} INFO - [2025-05-08T21:32:39.924+0000] {dag.py:3823} INFO - Setting next_dagrun for elt_IBGE to None, run_after=None
[2025-05-08T21:32:39.977+0000] {processor.py:183} INFO - Processing /opt/airflow/dags/etl.py took 0.120 seconds
[2025-05-08T21:33:10.638+0000] {processor.py:161} INFO - Started process (PID=321) to work on /opt/airflow/dags/etl.py
[2025-05-08T21:33:10.639+0000] {processor.py:830} INFO - Processing file /opt/airflow/dags/etl.py for tasks to queue
[2025-05-08T21:33:10.641+0000] {logging_mixin.py:188} INFO - [2025-05-08T21:33:10.640+0000] {dagbag.py:538} INFO - Filling up the DagBag from /opt/airflow/dags/etl.py
[2025-05-08T21:33:10.662+0000] {processor.py:840} INFO - DAG(s) 'elt_IBGE' retrieved from /opt/airflow/dags/etl.py
[2025-05-08T21:33:10.693+0000] {logging_mixin.py:188} INFO - [2025-05-08T21:33:10.692+0000] {dag.py:3036} INFO - Sync 1 DAGs
[2025-05-08T21:33:10.704+0000] {logging_mixin.py:188} INFO - [2025-05-08T21:33:10.704+0000] {dag.py:3823} INFO - Setting next_dagrun for elt_IBGE to None, run_after=None
[2025-05-08T21:33:10.759+0000] {processor.py:183} INFO - Processing /opt/airflow/dags/etl.py took 0.124 seconds
[2025-05-08T21:33:41.706+0000] {processor.py:161} INFO - Started process (PID=331) to work on /opt/airflow/dags/etl.py
[2025-05-08T21:33:41.707+0000] {processor.py:830} INFO - Processing file /opt/airflow/dags/etl.py for tasks to queue
[2025-05-08T21:33:41.708+0000] {logging_mixin.py:188} INFO - [2025-05-08T21:33:41.708+0000] {dagbag.py:538} INFO - Filling up the DagBag from /opt/airflow/dags/etl.py
[2025-05-08T21:33:41.727+0000] {processor.py:840} INFO - DAG(s) 'elt_IBGE' retrieved from /opt/airflow/dags/etl.py
[2025-05-08T21:33:41.753+0000] {logging_mixin.py:188} INFO - [2025-05-08T21:33:41.753+0000] {dag.py:3036} INFO - Sync 1 DAGs
[2025-05-08T21:33:41.765+0000] {logging_mixin.py:188} INFO - [2025-05-08T21:33:41.765+0000] {dag.py:3823} INFO - Setting next_dagrun for elt_IBGE to None, run_after=None
[2025-05-08T21:33:41.811+0000] {processor.py:183} INFO - Processing /opt/airflow/dags/etl.py took 0.109 seconds
[2025-05-08T21:34:12.614+0000] {processor.py:161} INFO - Started process (PID=341) to work on /opt/airflow/dags/etl.py
[2025-05-08T21:34:12.615+0000] {processor.py:830} INFO - Processing file /opt/airflow/dags/etl.py for tasks to queue
[2025-05-08T21:34:12.616+0000] {logging_mixin.py:188} INFO - [2025-05-08T21:34:12.616+0000] {dagbag.py:538} INFO - Filling up the DagBag from /opt/airflow/dags/etl.py
[2025-05-08T21:34:12.634+0000] {processor.py:840} INFO - DAG(s) 'elt_IBGE' retrieved from /opt/airflow/dags/etl.py
[2025-05-08T21:34:12.661+0000] {logging_mixin.py:188} INFO - [2025-05-08T21:34:12.661+0000] {dag.py:3036} INFO - Sync 1 DAGs
[2025-05-08T21:34:12.672+0000] {logging_mixin.py:188} INFO - [2025-05-08T21:34:12.672+0000] {dag.py:3823} INFO - Setting next_dagrun for elt_IBGE to None, run_after=None
[2025-05-08T21:34:12.720+0000] {processor.py:183} INFO - Processing /opt/airflow/dags/etl.py took 0.108 seconds
[2025-05-08T21:34:43.522+0000] {processor.py:161} INFO - Started process (PID=351) to work on /opt/airflow/dags/etl.py
[2025-05-08T21:34:43.523+0000] {processor.py:830} INFO - Processing file /opt/airflow/dags/etl.py for tasks to queue
[2025-05-08T21:34:43.524+0000] {logging_mixin.py:188} INFO - [2025-05-08T21:34:43.523+0000] {dagbag.py:538} INFO - Filling up the DagBag from /opt/airflow/dags/etl.py
[2025-05-08T21:34:43.542+0000] {processor.py:840} INFO - DAG(s) 'elt_IBGE' retrieved from /opt/airflow/dags/etl.py
[2025-05-08T21:34:43.569+0000] {logging_mixin.py:188} INFO - [2025-05-08T21:34:43.568+0000] {dag.py:3036} INFO - Sync 1 DAGs
[2025-05-08T21:34:43.579+0000] {logging_mixin.py:188} INFO - [2025-05-08T21:34:43.579+0000] {dag.py:3823} INFO - Setting next_dagrun for elt_IBGE to None, run_after=None
[2025-05-08T21:34:43.629+0000] {processor.py:183} INFO - Processing /opt/airflow/dags/etl.py took 0.110 seconds
[2025-05-08T21:35:14.416+0000] {processor.py:161} INFO - Started process (PID=361) to work on /opt/airflow/dags/etl.py
[2025-05-08T21:35:14.417+0000] {processor.py:830} INFO - Processing file /opt/airflow/dags/etl.py for tasks to queue
[2025-05-08T21:35:14.418+0000] {logging_mixin.py:188} INFO - [2025-05-08T21:35:14.418+0000] {dagbag.py:538} INFO - Filling up the DagBag from /opt/airflow/dags/etl.py
[2025-05-08T21:35:14.438+0000] {processor.py:840} INFO - DAG(s) 'elt_IBGE' retrieved from /opt/airflow/dags/etl.py
[2025-05-08T21:35:14.465+0000] {logging_mixin.py:188} INFO - [2025-05-08T21:35:14.465+0000] {dag.py:3036} INFO - Sync 1 DAGs
[2025-05-08T21:35:14.476+0000] {logging_mixin.py:188} INFO - [2025-05-08T21:35:14.476+0000] {dag.py:3823} INFO - Setting next_dagrun for elt_IBGE to None, run_after=None
[2025-05-08T21:35:14.531+0000] {processor.py:183} INFO - Processing /opt/airflow/dags/etl.py took 0.118 seconds
[2025-05-08T21:35:45.312+0000] {processor.py:161} INFO - Started process (PID=371) to work on /opt/airflow/dags/etl.py
[2025-05-08T21:35:45.314+0000] {processor.py:830} INFO - Processing file /opt/airflow/dags/etl.py for tasks to queue
[2025-05-08T21:35:45.315+0000] {logging_mixin.py:188} INFO - [2025-05-08T21:35:45.314+0000] {dagbag.py:538} INFO - Filling up the DagBag from /opt/airflow/dags/etl.py
[2025-05-08T21:35:45.333+0000] {processor.py:840} INFO - DAG(s) 'elt_IBGE' retrieved from /opt/airflow/dags/etl.py
[2025-05-08T21:35:45.359+0000] {logging_mixin.py:188} INFO - [2025-05-08T21:35:45.359+0000] {dag.py:3036} INFO - Sync 1 DAGs
[2025-05-08T21:35:45.370+0000] {logging_mixin.py:188} INFO - [2025-05-08T21:35:45.370+0000] {dag.py:3823} INFO - Setting next_dagrun for elt_IBGE to None, run_after=None
[2025-05-08T21:35:45.421+0000] {processor.py:183} INFO - Processing /opt/airflow/dags/etl.py took 0.112 seconds
[2025-05-08T21:36:16.455+0000] {processor.py:161} INFO - Started process (PID=381) to work on /opt/airflow/dags/etl.py
[2025-05-08T21:36:16.456+0000] {processor.py:830} INFO - Processing file /opt/airflow/dags/etl.py for tasks to queue
[2025-05-08T21:36:16.457+0000] {logging_mixin.py:188} INFO - [2025-05-08T21:36:16.457+0000] {dagbag.py:538} INFO - Filling up the DagBag from /opt/airflow/dags/etl.py
[2025-05-08T21:36:16.477+0000] {processor.py:840} INFO - DAG(s) 'elt_IBGE' retrieved from /opt/airflow/dags/etl.py
[2025-05-08T21:36:16.506+0000] {logging_mixin.py:188} INFO - [2025-05-08T21:36:16.506+0000] {dag.py:3036} INFO - Sync 1 DAGs
[2025-05-08T21:36:16.519+0000] {logging_mixin.py:188} INFO - [2025-05-08T21:36:16.518+0000] {dag.py:3823} INFO - Setting next_dagrun for elt_IBGE to None, run_after=None
[2025-05-08T21:36:16.564+0000] {processor.py:183} INFO - Processing /opt/airflow/dags/etl.py took 0.112 seconds
[2025-05-08T21:36:47.507+0000] {processor.py:161} INFO - Started process (PID=391) to work on /opt/airflow/dags/etl.py
[2025-05-08T21:36:47.508+0000] {processor.py:830} INFO - Processing file /opt/airflow/dags/etl.py for tasks to queue
[2025-05-08T21:36:47.509+0000] {logging_mixin.py:188} INFO - [2025-05-08T21:36:47.509+0000] {dagbag.py:538} INFO - Filling up the DagBag from /opt/airflow/dags/etl.py
[2025-05-08T21:36:47.527+0000] {processor.py:840} INFO - DAG(s) 'elt_IBGE' retrieved from /opt/airflow/dags/etl.py
[2025-05-08T21:36:47.553+0000] {logging_mixin.py:188} INFO - [2025-05-08T21:36:47.553+0000] {dag.py:3036} INFO - Sync 1 DAGs
[2025-05-08T21:36:47.564+0000] {logging_mixin.py:188} INFO - [2025-05-08T21:36:47.564+0000] {dag.py:3823} INFO - Setting next_dagrun for elt_IBGE to None, run_after=None
[2025-05-08T21:36:47.609+0000] {processor.py:183} INFO - Processing /opt/airflow/dags/etl.py took 0.105 seconds
[2025-05-08T21:37:18.622+0000] {processor.py:161} INFO - Started process (PID=401) to work on /opt/airflow/dags/etl.py
[2025-05-08T21:37:18.623+0000] {processor.py:830} INFO - Processing file /opt/airflow/dags/etl.py for tasks to queue
[2025-05-08T21:37:18.624+0000] {logging_mixin.py:188} INFO - [2025-05-08T21:37:18.624+0000] {dagbag.py:538} INFO - Filling up the DagBag from /opt/airflow/dags/etl.py
[2025-05-08T21:37:18.642+0000] {processor.py:840} INFO - DAG(s) 'elt_IBGE' retrieved from /opt/airflow/dags/etl.py
[2025-05-08T21:37:18.668+0000] {logging_mixin.py:188} INFO - [2025-05-08T21:37:18.668+0000] {dag.py:3036} INFO - Sync 1 DAGs
[2025-05-08T21:37:18.679+0000] {logging_mixin.py:188} INFO - [2025-05-08T21:37:18.679+0000] {dag.py:3823} INFO - Setting next_dagrun for elt_IBGE to None, run_after=None
[2025-05-08T21:37:18.745+0000] {processor.py:183} INFO - Processing /opt/airflow/dags/etl.py took 0.126 seconds
[2025-05-08T21:37:48.830+0000] {processor.py:161} INFO - Started process (PID=411) to work on /opt/airflow/dags/etl.py
[2025-05-08T21:37:48.831+0000] {processor.py:830} INFO - Processing file /opt/airflow/dags/etl.py for tasks to queue
[2025-05-08T21:37:48.832+0000] {logging_mixin.py:188} INFO - [2025-05-08T21:37:48.832+0000] {dagbag.py:538} INFO - Filling up the DagBag from /opt/airflow/dags/etl.py
[2025-05-08T21:37:48.849+0000] {processor.py:840} INFO - DAG(s) 'elt_IBGE' retrieved from /opt/airflow/dags/etl.py
[2025-05-08T21:37:48.875+0000] {logging_mixin.py:188} INFO - [2025-05-08T21:37:48.875+0000] {dag.py:3036} INFO - Sync 1 DAGs
[2025-05-08T21:37:48.885+0000] {logging_mixin.py:188} INFO - [2025-05-08T21:37:48.885+0000] {dag.py:3823} INFO - Setting next_dagrun for elt_IBGE to None, run_after=None
[2025-05-08T21:37:48.952+0000] {processor.py:183} INFO - Processing /opt/airflow/dags/etl.py took 0.125 seconds
[2025-05-08T21:38:19.052+0000] {processor.py:161} INFO - Started process (PID=421) to work on /opt/airflow/dags/etl.py
[2025-05-08T21:38:19.054+0000] {processor.py:830} INFO - Processing file /opt/airflow/dags/etl.py for tasks to queue
[2025-05-08T21:38:19.055+0000] {logging_mixin.py:188} INFO - [2025-05-08T21:38:19.054+0000] {dagbag.py:538} INFO - Filling up the DagBag from /opt/airflow/dags/etl.py
[2025-05-08T21:38:19.073+0000] {processor.py:840} INFO - DAG(s) 'elt_IBGE' retrieved from /opt/airflow/dags/etl.py
[2025-05-08T21:38:19.097+0000] {logging_mixin.py:188} INFO - [2025-05-08T21:38:19.097+0000] {dag.py:3036} INFO - Sync 1 DAGs
[2025-05-08T21:38:19.107+0000] {logging_mixin.py:188} INFO - [2025-05-08T21:38:19.107+0000] {dag.py:3823} INFO - Setting next_dagrun for elt_IBGE to None, run_after=None
[2025-05-08T21:38:19.153+0000] {processor.py:183} INFO - Processing /opt/airflow/dags/etl.py took 0.104 seconds
[2025-05-08T21:38:49.227+0000] {processor.py:161} INFO - Started process (PID=431) to work on /opt/airflow/dags/etl.py
[2025-05-08T21:38:49.228+0000] {processor.py:830} INFO - Processing file /opt/airflow/dags/etl.py for tasks to queue
[2025-05-08T21:38:49.229+0000] {logging_mixin.py:188} INFO - [2025-05-08T21:38:49.229+0000] {dagbag.py:538} INFO - Filling up the DagBag from /opt/airflow/dags/etl.py
[2025-05-08T21:38:49.247+0000] {processor.py:840} INFO - DAG(s) 'elt_IBGE' retrieved from /opt/airflow/dags/etl.py
[2025-05-08T21:38:49.273+0000] {logging_mixin.py:188} INFO - [2025-05-08T21:38:49.273+0000] {dag.py:3036} INFO - Sync 1 DAGs
[2025-05-08T21:38:49.285+0000] {logging_mixin.py:188} INFO - [2025-05-08T21:38:49.284+0000] {dag.py:3823} INFO - Setting next_dagrun for elt_IBGE to None, run_after=None
[2025-05-08T21:38:49.385+0000] {processor.py:183} INFO - Processing /opt/airflow/dags/etl.py took 0.161 seconds
[2025-05-08T21:39:19.472+0000] {processor.py:161} INFO - Started process (PID=441) to work on /opt/airflow/dags/etl.py
[2025-05-08T21:39:19.473+0000] {processor.py:830} INFO - Processing file /opt/airflow/dags/etl.py for tasks to queue
[2025-05-08T21:39:19.474+0000] {logging_mixin.py:188} INFO - [2025-05-08T21:39:19.474+0000] {dagbag.py:538} INFO - Filling up the DagBag from /opt/airflow/dags/etl.py
[2025-05-08T21:39:19.496+0000] {processor.py:840} INFO - DAG(s) 'elt_IBGE' retrieved from /opt/airflow/dags/etl.py
[2025-05-08T21:39:19.525+0000] {logging_mixin.py:188} INFO - [2025-05-08T21:39:19.525+0000] {dag.py:3036} INFO - Sync 1 DAGs
[2025-05-08T21:39:19.536+0000] {logging_mixin.py:188} INFO - [2025-05-08T21:39:19.536+0000] {dag.py:3823} INFO - Setting next_dagrun for elt_IBGE to None, run_after=None
[2025-05-08T21:39:19.598+0000] {processor.py:183} INFO - Processing /opt/airflow/dags/etl.py took 0.129 seconds
[2025-05-08T21:39:49.744+0000] {processor.py:161} INFO - Started process (PID=451) to work on /opt/airflow/dags/etl.py
[2025-05-08T21:39:49.745+0000] {processor.py:830} INFO - Processing file /opt/airflow/dags/etl.py for tasks to queue
[2025-05-08T21:39:49.746+0000] {logging_mixin.py:188} INFO - [2025-05-08T21:39:49.746+0000] {dagbag.py:538} INFO - Filling up the DagBag from /opt/airflow/dags/etl.py
[2025-05-08T21:39:49.765+0000] {processor.py:840} INFO - DAG(s) 'elt_IBGE' retrieved from /opt/airflow/dags/etl.py
[2025-05-08T21:39:49.792+0000] {logging_mixin.py:188} INFO - [2025-05-08T21:39:49.791+0000] {dag.py:3036} INFO - Sync 1 DAGs
[2025-05-08T21:39:49.802+0000] {logging_mixin.py:188} INFO - [2025-05-08T21:39:49.802+0000] {dag.py:3823} INFO - Setting next_dagrun for elt_IBGE to None, run_after=None
[2025-05-08T21:39:49.847+0000] {processor.py:183} INFO - Processing /opt/airflow/dags/etl.py took 0.107 seconds
[2025-05-08T21:40:19.970+0000] {processor.py:161} INFO - Started process (PID=461) to work on /opt/airflow/dags/etl.py
[2025-05-08T21:40:19.971+0000] {processor.py:830} INFO - Processing file /opt/airflow/dags/etl.py for tasks to queue
[2025-05-08T21:40:19.971+0000] {logging_mixin.py:188} INFO - [2025-05-08T21:40:19.971+0000] {dagbag.py:538} INFO - Filling up the DagBag from /opt/airflow/dags/etl.py
[2025-05-08T21:40:19.990+0000] {processor.py:840} INFO - DAG(s) 'elt_IBGE' retrieved from /opt/airflow/dags/etl.py
[2025-05-08T21:40:20.016+0000] {logging_mixin.py:188} INFO - [2025-05-08T21:40:20.016+0000] {dag.py:3036} INFO - Sync 1 DAGs
[2025-05-08T21:40:20.026+0000] {logging_mixin.py:188} INFO - [2025-05-08T21:40:20.026+0000] {dag.py:3823} INFO - Setting next_dagrun for elt_IBGE to None, run_after=None
[2025-05-08T21:40:20.076+0000] {processor.py:183} INFO - Processing /opt/airflow/dags/etl.py took 0.110 seconds
[2025-05-08T21:40:50.213+0000] {processor.py:161} INFO - Started process (PID=471) to work on /opt/airflow/dags/etl.py
[2025-05-08T21:40:50.214+0000] {processor.py:830} INFO - Processing file /opt/airflow/dags/etl.py for tasks to queue
[2025-05-08T21:40:50.215+0000] {logging_mixin.py:188} INFO - [2025-05-08T21:40:50.215+0000] {dagbag.py:538} INFO - Filling up the DagBag from /opt/airflow/dags/etl.py
[2025-05-08T21:40:50.236+0000] {processor.py:840} INFO - DAG(s) 'elt_IBGE' retrieved from /opt/airflow/dags/etl.py
[2025-05-08T21:40:50.263+0000] {logging_mixin.py:188} INFO - [2025-05-08T21:40:50.263+0000] {dag.py:3036} INFO - Sync 1 DAGs
[2025-05-08T21:40:50.273+0000] {logging_mixin.py:188} INFO - [2025-05-08T21:40:50.273+0000] {dag.py:3823} INFO - Setting next_dagrun for elt_IBGE to None, run_after=None
[2025-05-08T21:40:50.327+0000] {processor.py:183} INFO - Processing /opt/airflow/dags/etl.py took 0.117 seconds
[2025-05-08T21:41:20.444+0000] {processor.py:161} INFO - Started process (PID=481) to work on /opt/airflow/dags/etl.py
[2025-05-08T21:41:20.445+0000] {processor.py:830} INFO - Processing file /opt/airflow/dags/etl.py for tasks to queue
[2025-05-08T21:41:20.446+0000] {logging_mixin.py:188} INFO - [2025-05-08T21:41:20.445+0000] {dagbag.py:538} INFO - Filling up the DagBag from /opt/airflow/dags/etl.py
[2025-05-08T21:41:20.465+0000] {processor.py:840} INFO - DAG(s) 'elt_IBGE' retrieved from /opt/airflow/dags/etl.py
[2025-05-08T21:41:20.492+0000] {logging_mixin.py:188} INFO - [2025-05-08T21:41:20.492+0000] {dag.py:3036} INFO - Sync 1 DAGs
[2025-05-08T21:41:20.502+0000] {logging_mixin.py:188} INFO - [2025-05-08T21:41:20.502+0000] {dag.py:3823} INFO - Setting next_dagrun for elt_IBGE to None, run_after=None
[2025-05-08T21:41:20.551+0000] {processor.py:183} INFO - Processing /opt/airflow/dags/etl.py took 0.110 seconds
[2025-05-08T21:41:50.729+0000] {processor.py:161} INFO - Started process (PID=491) to work on /opt/airflow/dags/etl.py
[2025-05-08T21:41:50.730+0000] {processor.py:830} INFO - Processing file /opt/airflow/dags/etl.py for tasks to queue
[2025-05-08T21:41:50.732+0000] {logging_mixin.py:188} INFO - [2025-05-08T21:41:50.731+0000] {dagbag.py:538} INFO - Filling up the DagBag from /opt/airflow/dags/etl.py
[2025-05-08T21:41:50.751+0000] {processor.py:840} INFO - DAG(s) 'elt_IBGE' retrieved from /opt/airflow/dags/etl.py
[2025-05-08T21:41:50.778+0000] {logging_mixin.py:188} INFO - [2025-05-08T21:41:50.778+0000] {dag.py:3036} INFO - Sync 1 DAGs
[2025-05-08T21:41:50.789+0000] {logging_mixin.py:188} INFO - [2025-05-08T21:41:50.789+0000] {dag.py:3823} INFO - Setting next_dagrun for elt_IBGE to None, run_after=None
[2025-05-08T21:41:50.839+0000] {processor.py:183} INFO - Processing /opt/airflow/dags/etl.py took 0.112 seconds
[2025-05-08T21:42:20.962+0000] {processor.py:161} INFO - Started process (PID=501) to work on /opt/airflow/dags/etl.py
[2025-05-08T21:42:20.963+0000] {processor.py:830} INFO - Processing file /opt/airflow/dags/etl.py for tasks to queue
[2025-05-08T21:42:20.964+0000] {logging_mixin.py:188} INFO - [2025-05-08T21:42:20.964+0000] {dagbag.py:538} INFO - Filling up the DagBag from /opt/airflow/dags/etl.py
[2025-05-08T21:42:20.982+0000] {processor.py:840} INFO - DAG(s) 'elt_IBGE' retrieved from /opt/airflow/dags/etl.py
[2025-05-08T21:42:21.009+0000] {logging_mixin.py:188} INFO - [2025-05-08T21:42:21.008+0000] {dag.py:3036} INFO - Sync 1 DAGs
[2025-05-08T21:42:21.019+0000] {logging_mixin.py:188} INFO - [2025-05-08T21:42:21.019+0000] {dag.py:3823} INFO - Setting next_dagrun for elt_IBGE to None, run_after=None
[2025-05-08T21:42:21.063+0000] {processor.py:183} INFO - Processing /opt/airflow/dags/etl.py took 0.104 seconds
[2025-05-08T21:42:51.205+0000] {processor.py:161} INFO - Started process (PID=511) to work on /opt/airflow/dags/etl.py
[2025-05-08T21:42:51.206+0000] {processor.py:830} INFO - Processing file /opt/airflow/dags/etl.py for tasks to queue
[2025-05-08T21:42:51.207+0000] {logging_mixin.py:188} INFO - [2025-05-08T21:42:51.207+0000] {dagbag.py:538} INFO - Filling up the DagBag from /opt/airflow/dags/etl.py
[2025-05-08T21:42:51.227+0000] {processor.py:840} INFO - DAG(s) 'elt_IBGE' retrieved from /opt/airflow/dags/etl.py
[2025-05-08T21:42:51.258+0000] {logging_mixin.py:188} INFO - [2025-05-08T21:42:51.258+0000] {dag.py:3036} INFO - Sync 1 DAGs
[2025-05-08T21:42:51.269+0000] {logging_mixin.py:188} INFO - [2025-05-08T21:42:51.269+0000] {dag.py:3823} INFO - Setting next_dagrun for elt_IBGE to None, run_after=None
[2025-05-08T21:42:51.322+0000] {processor.py:183} INFO - Processing /opt/airflow/dags/etl.py took 0.120 seconds
[2025-05-08T21:43:21.481+0000] {processor.py:161} INFO - Started process (PID=521) to work on /opt/airflow/dags/etl.py
[2025-05-08T21:43:21.482+0000] {processor.py:830} INFO - Processing file /opt/airflow/dags/etl.py for tasks to queue
[2025-05-08T21:43:21.483+0000] {logging_mixin.py:188} INFO - [2025-05-08T21:43:21.482+0000] {dagbag.py:538} INFO - Filling up the DagBag from /opt/airflow/dags/etl.py
[2025-05-08T21:43:21.500+0000] {processor.py:840} INFO - DAG(s) 'elt_IBGE' retrieved from /opt/airflow/dags/etl.py
[2025-05-08T21:43:21.528+0000] {logging_mixin.py:188} INFO - [2025-05-08T21:43:21.528+0000] {dag.py:3036} INFO - Sync 1 DAGs
[2025-05-08T21:43:21.540+0000] {logging_mixin.py:188} INFO - [2025-05-08T21:43:21.540+0000] {dag.py:3823} INFO - Setting next_dagrun for elt_IBGE to None, run_after=None
[2025-05-08T21:43:21.588+0000] {processor.py:183} INFO - Processing /opt/airflow/dags/etl.py took 0.110 seconds
[2025-05-08T21:43:51.736+0000] {processor.py:161} INFO - Started process (PID=531) to work on /opt/airflow/dags/etl.py
[2025-05-08T21:43:51.737+0000] {processor.py:830} INFO - Processing file /opt/airflow/dags/etl.py for tasks to queue
[2025-05-08T21:43:51.738+0000] {logging_mixin.py:188} INFO - [2025-05-08T21:43:51.737+0000] {dagbag.py:538} INFO - Filling up the DagBag from /opt/airflow/dags/etl.py
[2025-05-08T21:43:51.756+0000] {processor.py:840} INFO - DAG(s) 'elt_IBGE' retrieved from /opt/airflow/dags/etl.py
[2025-05-08T21:43:51.784+0000] {logging_mixin.py:188} INFO - [2025-05-08T21:43:51.784+0000] {dag.py:3036} INFO - Sync 1 DAGs
[2025-05-08T21:43:51.795+0000] {logging_mixin.py:188} INFO - [2025-05-08T21:43:51.795+0000] {dag.py:3823} INFO - Setting next_dagrun for elt_IBGE to None, run_after=None
[2025-05-08T21:43:51.846+0000] {processor.py:183} INFO - Processing /opt/airflow/dags/etl.py took 0.113 seconds
[2025-05-08T21:44:21.976+0000] {processor.py:161} INFO - Started process (PID=541) to work on /opt/airflow/dags/etl.py
[2025-05-08T21:44:21.977+0000] {processor.py:830} INFO - Processing file /opt/airflow/dags/etl.py for tasks to queue
[2025-05-08T21:44:21.978+0000] {logging_mixin.py:188} INFO - [2025-05-08T21:44:21.978+0000] {dagbag.py:538} INFO - Filling up the DagBag from /opt/airflow/dags/etl.py
[2025-05-08T21:44:21.997+0000] {processor.py:840} INFO - DAG(s) 'elt_IBGE' retrieved from /opt/airflow/dags/etl.py
[2025-05-08T21:44:22.026+0000] {logging_mixin.py:188} INFO - [2025-05-08T21:44:22.025+0000] {dag.py:3036} INFO - Sync 1 DAGs
[2025-05-08T21:44:22.037+0000] {logging_mixin.py:188} INFO - [2025-05-08T21:44:22.037+0000] {dag.py:3823} INFO - Setting next_dagrun for elt_IBGE to None, run_after=None
[2025-05-08T21:44:22.081+0000] {processor.py:183} INFO - Processing /opt/airflow/dags/etl.py took 0.107 seconds
[2025-05-08T21:44:52.242+0000] {processor.py:161} INFO - Started process (PID=551) to work on /opt/airflow/dags/etl.py
[2025-05-08T21:44:52.243+0000] {processor.py:830} INFO - Processing file /opt/airflow/dags/etl.py for tasks to queue
[2025-05-08T21:44:52.245+0000] {logging_mixin.py:188} INFO - [2025-05-08T21:44:52.244+0000] {dagbag.py:538} INFO - Filling up the DagBag from /opt/airflow/dags/etl.py
[2025-05-08T21:44:52.263+0000] {processor.py:840} INFO - DAG(s) 'elt_IBGE' retrieved from /opt/airflow/dags/etl.py
[2025-05-08T21:44:52.289+0000] {logging_mixin.py:188} INFO - [2025-05-08T21:44:52.289+0000] {dag.py:3036} INFO - Sync 1 DAGs
[2025-05-08T21:44:52.299+0000] {logging_mixin.py:188} INFO - [2025-05-08T21:44:52.299+0000] {dag.py:3823} INFO - Setting next_dagrun for elt_IBGE to None, run_after=None
[2025-05-08T21:44:52.343+0000] {processor.py:183} INFO - Processing /opt/airflow/dags/etl.py took 0.104 seconds
[2025-05-08T21:45:22.484+0000] {processor.py:161} INFO - Started process (PID=561) to work on /opt/airflow/dags/etl.py
[2025-05-08T21:45:22.485+0000] {processor.py:830} INFO - Processing file /opt/airflow/dags/etl.py for tasks to queue
[2025-05-08T21:45:22.486+0000] {logging_mixin.py:188} INFO - [2025-05-08T21:45:22.486+0000] {dagbag.py:538} INFO - Filling up the DagBag from /opt/airflow/dags/etl.py
[2025-05-08T21:45:22.504+0000] {processor.py:840} INFO - DAG(s) 'elt_IBGE' retrieved from /opt/airflow/dags/etl.py
[2025-05-08T21:45:22.534+0000] {logging_mixin.py:188} INFO - [2025-05-08T21:45:22.534+0000] {dag.py:3036} INFO - Sync 1 DAGs
[2025-05-08T21:45:22.545+0000] {logging_mixin.py:188} INFO - [2025-05-08T21:45:22.545+0000] {dag.py:3823} INFO - Setting next_dagrun for elt_IBGE to None, run_after=None
[2025-05-08T21:45:22.589+0000] {processor.py:183} INFO - Processing /opt/airflow/dags/etl.py took 0.108 seconds
[2025-05-08T21:45:52.732+0000] {processor.py:161} INFO - Started process (PID=571) to work on /opt/airflow/dags/etl.py
[2025-05-08T21:45:52.734+0000] {processor.py:830} INFO - Processing file /opt/airflow/dags/etl.py for tasks to queue
[2025-05-08T21:45:52.735+0000] {logging_mixin.py:188} INFO - [2025-05-08T21:45:52.734+0000] {dagbag.py:538} INFO - Filling up the DagBag from /opt/airflow/dags/etl.py
[2025-05-08T21:45:52.753+0000] {processor.py:840} INFO - DAG(s) 'elt_IBGE' retrieved from /opt/airflow/dags/etl.py
[2025-05-08T21:45:52.778+0000] {logging_mixin.py:188} INFO - [2025-05-08T21:45:52.778+0000] {dag.py:3036} INFO - Sync 1 DAGs
[2025-05-08T21:45:52.789+0000] {logging_mixin.py:188} INFO - [2025-05-08T21:45:52.788+0000] {dag.py:3823} INFO - Setting next_dagrun for elt_IBGE to None, run_after=None
[2025-05-08T21:45:52.836+0000] {processor.py:183} INFO - Processing /opt/airflow/dags/etl.py took 0.107 seconds
[2025-05-08T21:46:22.978+0000] {processor.py:161} INFO - Started process (PID=581) to work on /opt/airflow/dags/etl.py
[2025-05-08T21:46:22.979+0000] {processor.py:830} INFO - Processing file /opt/airflow/dags/etl.py for tasks to queue
[2025-05-08T21:46:22.980+0000] {logging_mixin.py:188} INFO - [2025-05-08T21:46:22.979+0000] {dagbag.py:538} INFO - Filling up the DagBag from /opt/airflow/dags/etl.py
[2025-05-08T21:46:22.996+0000] {processor.py:840} INFO - DAG(s) 'elt_IBGE' retrieved from /opt/airflow/dags/etl.py
[2025-05-08T21:46:23.022+0000] {logging_mixin.py:188} INFO - [2025-05-08T21:46:23.022+0000] {dag.py:3036} INFO - Sync 1 DAGs
[2025-05-08T21:46:23.032+0000] {logging_mixin.py:188} INFO - [2025-05-08T21:46:23.032+0000] {dag.py:3823} INFO - Setting next_dagrun for elt_IBGE to None, run_after=None
[2025-05-08T21:46:23.076+0000] {processor.py:183} INFO - Processing /opt/airflow/dags/etl.py took 0.101 seconds
[2025-05-08T21:46:53.282+0000] {processor.py:161} INFO - Started process (PID=591) to work on /opt/airflow/dags/etl.py
[2025-05-08T21:46:53.283+0000] {processor.py:830} INFO - Processing file /opt/airflow/dags/etl.py for tasks to queue
[2025-05-08T21:46:53.285+0000] {logging_mixin.py:188} INFO - [2025-05-08T21:46:53.284+0000] {dagbag.py:538} INFO - Filling up the DagBag from /opt/airflow/dags/etl.py
[2025-05-08T21:46:53.305+0000] {processor.py:840} INFO - DAG(s) 'elt_IBGE' retrieved from /opt/airflow/dags/etl.py
[2025-05-08T21:46:53.332+0000] {logging_mixin.py:188} INFO - [2025-05-08T21:46:53.332+0000] {dag.py:3036} INFO - Sync 1 DAGs
[2025-05-08T21:46:53.343+0000] {logging_mixin.py:188} INFO - [2025-05-08T21:46:53.342+0000] {dag.py:3823} INFO - Setting next_dagrun for elt_IBGE to None, run_after=None
[2025-05-08T21:46:53.383+0000] {processor.py:183} INFO - Processing /opt/airflow/dags/etl.py took 0.105 seconds
[2025-05-08T21:47:23.528+0000] {processor.py:161} INFO - Started process (PID=601) to work on /opt/airflow/dags/etl.py
[2025-05-08T21:47:23.530+0000] {processor.py:830} INFO - Processing file /opt/airflow/dags/etl.py for tasks to queue
[2025-05-08T21:47:23.531+0000] {logging_mixin.py:188} INFO - [2025-05-08T21:47:23.531+0000] {dagbag.py:538} INFO - Filling up the DagBag from /opt/airflow/dags/etl.py
[2025-05-08T21:47:23.551+0000] {processor.py:840} INFO - DAG(s) 'elt_IBGE' retrieved from /opt/airflow/dags/etl.py
[2025-05-08T21:47:23.577+0000] {logging_mixin.py:188} INFO - [2025-05-08T21:47:23.577+0000] {dag.py:3036} INFO - Sync 1 DAGs
[2025-05-08T21:47:23.588+0000] {logging_mixin.py:188} INFO - [2025-05-08T21:47:23.587+0000] {dag.py:3823} INFO - Setting next_dagrun for elt_IBGE to None, run_after=None
[2025-05-08T21:47:23.630+0000] {processor.py:183} INFO - Processing /opt/airflow/dags/etl.py took 0.104 seconds
[2025-05-08T21:47:53.709+0000] {processor.py:161} INFO - Started process (PID=611) to work on /opt/airflow/dags/etl.py
[2025-05-08T21:47:53.710+0000] {processor.py:830} INFO - Processing file /opt/airflow/dags/etl.py for tasks to queue
[2025-05-08T21:47:53.711+0000] {logging_mixin.py:188} INFO - [2025-05-08T21:47:53.711+0000] {dagbag.py:538} INFO - Filling up the DagBag from /opt/airflow/dags/etl.py
[2025-05-08T21:47:53.728+0000] {processor.py:840} INFO - DAG(s) 'elt_IBGE' retrieved from /opt/airflow/dags/etl.py
[2025-05-08T21:47:53.754+0000] {logging_mixin.py:188} INFO - [2025-05-08T21:47:53.754+0000] {dag.py:3036} INFO - Sync 1 DAGs
[2025-05-08T21:47:53.765+0000] {logging_mixin.py:188} INFO - [2025-05-08T21:47:53.765+0000] {dag.py:3823} INFO - Setting next_dagrun for elt_IBGE to None, run_after=None
[2025-05-08T21:47:53.810+0000] {processor.py:183} INFO - Processing /opt/airflow/dags/etl.py took 0.104 seconds
[2025-05-08T21:48:23.970+0000] {processor.py:161} INFO - Started process (PID=621) to work on /opt/airflow/dags/etl.py
[2025-05-08T21:48:23.971+0000] {processor.py:830} INFO - Processing file /opt/airflow/dags/etl.py for tasks to queue
[2025-05-08T21:48:23.973+0000] {logging_mixin.py:188} INFO - [2025-05-08T21:48:23.972+0000] {dagbag.py:538} INFO - Filling up the DagBag from /opt/airflow/dags/etl.py
[2025-05-08T21:48:23.992+0000] {processor.py:840} INFO - DAG(s) 'elt_IBGE' retrieved from /opt/airflow/dags/etl.py
[2025-05-08T21:48:24.018+0000] {logging_mixin.py:188} INFO - [2025-05-08T21:48:24.018+0000] {dag.py:3036} INFO - Sync 1 DAGs
[2025-05-08T21:48:24.028+0000] {logging_mixin.py:188} INFO - [2025-05-08T21:48:24.028+0000] {dag.py:3823} INFO - Setting next_dagrun for elt_IBGE to None, run_after=None
[2025-05-08T21:48:24.073+0000] {processor.py:183} INFO - Processing /opt/airflow/dags/etl.py took 0.106 seconds
[2025-05-08T21:48:54.242+0000] {processor.py:161} INFO - Started process (PID=631) to work on /opt/airflow/dags/etl.py
[2025-05-08T21:48:54.243+0000] {processor.py:830} INFO - Processing file /opt/airflow/dags/etl.py for tasks to queue
[2025-05-08T21:48:54.244+0000] {logging_mixin.py:188} INFO - [2025-05-08T21:48:54.243+0000] {dagbag.py:538} INFO - Filling up the DagBag from /opt/airflow/dags/etl.py
[2025-05-08T21:48:54.259+0000] {processor.py:840} INFO - DAG(s) 'elt_IBGE' retrieved from /opt/airflow/dags/etl.py
[2025-05-08T21:48:54.285+0000] {logging_mixin.py:188} INFO - [2025-05-08T21:48:54.285+0000] {dag.py:3036} INFO - Sync 1 DAGs
[2025-05-08T21:48:54.296+0000] {logging_mixin.py:188} INFO - [2025-05-08T21:48:54.295+0000] {dag.py:3823} INFO - Setting next_dagrun for elt_IBGE to None, run_after=None
[2025-05-08T21:48:54.339+0000] {processor.py:183} INFO - Processing /opt/airflow/dags/etl.py took 0.100 seconds
[2025-05-08T21:49:24.482+0000] {processor.py:161} INFO - Started process (PID=641) to work on /opt/airflow/dags/etl.py
[2025-05-08T21:49:24.483+0000] {processor.py:830} INFO - Processing file /opt/airflow/dags/etl.py for tasks to queue
[2025-05-08T21:49:24.484+0000] {logging_mixin.py:188} INFO - [2025-05-08T21:49:24.484+0000] {dagbag.py:538} INFO - Filling up the DagBag from /opt/airflow/dags/etl.py
[2025-05-08T21:49:24.504+0000] {processor.py:840} INFO - DAG(s) 'elt_IBGE' retrieved from /opt/airflow/dags/etl.py
[2025-05-08T21:49:24.530+0000] {logging_mixin.py:188} INFO - [2025-05-08T21:49:24.530+0000] {dag.py:3036} INFO - Sync 1 DAGs
[2025-05-08T21:49:24.540+0000] {logging_mixin.py:188} INFO - [2025-05-08T21:49:24.540+0000] {dag.py:3823} INFO - Setting next_dagrun for elt_IBGE to None, run_after=None
[2025-05-08T21:49:24.578+0000] {processor.py:183} INFO - Processing /opt/airflow/dags/etl.py took 0.099 seconds
[2025-05-08T21:49:54.748+0000] {processor.py:161} INFO - Started process (PID=651) to work on /opt/airflow/dags/etl.py
[2025-05-08T21:49:54.749+0000] {processor.py:830} INFO - Processing file /opt/airflow/dags/etl.py for tasks to queue
[2025-05-08T21:49:54.750+0000] {logging_mixin.py:188} INFO - [2025-05-08T21:49:54.750+0000] {dagbag.py:538} INFO - Filling up the DagBag from /opt/airflow/dags/etl.py
[2025-05-08T21:49:54.768+0000] {processor.py:840} INFO - DAG(s) 'elt_IBGE' retrieved from /opt/airflow/dags/etl.py
[2025-05-08T21:49:54.794+0000] {logging_mixin.py:188} INFO - [2025-05-08T21:49:54.794+0000] {dag.py:3036} INFO - Sync 1 DAGs
[2025-05-08T21:49:54.805+0000] {logging_mixin.py:188} INFO - [2025-05-08T21:49:54.804+0000] {dag.py:3823} INFO - Setting next_dagrun for elt_IBGE to None, run_after=None
[2025-05-08T21:49:54.845+0000] {processor.py:183} INFO - Processing /opt/airflow/dags/etl.py took 0.100 seconds
[2025-05-08T21:50:25.006+0000] {processor.py:161} INFO - Started process (PID=661) to work on /opt/airflow/dags/etl.py
[2025-05-08T21:50:25.007+0000] {processor.py:830} INFO - Processing file /opt/airflow/dags/etl.py for tasks to queue
[2025-05-08T21:50:25.008+0000] {logging_mixin.py:188} INFO - [2025-05-08T21:50:25.007+0000] {dagbag.py:538} INFO - Filling up the DagBag from /opt/airflow/dags/etl.py
[2025-05-08T21:50:25.025+0000] {processor.py:840} INFO - DAG(s) 'elt_IBGE' retrieved from /opt/airflow/dags/etl.py
[2025-05-08T21:50:25.050+0000] {logging_mixin.py:188} INFO - [2025-05-08T21:50:25.050+0000] {dag.py:3036} INFO - Sync 1 DAGs
[2025-05-08T21:50:25.061+0000] {logging_mixin.py:188} INFO - [2025-05-08T21:50:25.060+0000] {dag.py:3823} INFO - Setting next_dagrun for elt_IBGE to None, run_after=None
[2025-05-08T21:50:25.108+0000] {processor.py:183} INFO - Processing /opt/airflow/dags/etl.py took 0.105 seconds
[2025-05-08T21:50:55.278+0000] {processor.py:161} INFO - Started process (PID=671) to work on /opt/airflow/dags/etl.py
[2025-05-08T21:50:55.279+0000] {processor.py:830} INFO - Processing file /opt/airflow/dags/etl.py for tasks to queue
[2025-05-08T21:50:55.280+0000] {logging_mixin.py:188} INFO - [2025-05-08T21:50:55.280+0000] {dagbag.py:538} INFO - Filling up the DagBag from /opt/airflow/dags/etl.py
[2025-05-08T21:50:55.302+0000] {processor.py:840} INFO - DAG(s) 'elt_IBGE' retrieved from /opt/airflow/dags/etl.py
[2025-05-08T21:50:55.328+0000] {logging_mixin.py:188} INFO - [2025-05-08T21:50:55.327+0000] {dag.py:3036} INFO - Sync 1 DAGs
[2025-05-08T21:50:55.338+0000] {logging_mixin.py:188} INFO - [2025-05-08T21:50:55.338+0000] {dag.py:3823} INFO - Setting next_dagrun for elt_IBGE to None, run_after=None
[2025-05-08T21:50:55.384+0000] {processor.py:183} INFO - Processing /opt/airflow/dags/etl.py took 0.109 seconds
[2025-05-08T21:51:25.546+0000] {processor.py:161} INFO - Started process (PID=681) to work on /opt/airflow/dags/etl.py
[2025-05-08T21:51:25.547+0000] {processor.py:830} INFO - Processing file /opt/airflow/dags/etl.py for tasks to queue
[2025-05-08T21:51:25.548+0000] {logging_mixin.py:188} INFO - [2025-05-08T21:51:25.548+0000] {dagbag.py:538} INFO - Filling up the DagBag from /opt/airflow/dags/etl.py
[2025-05-08T21:51:25.566+0000] {processor.py:840} INFO - DAG(s) 'elt_IBGE' retrieved from /opt/airflow/dags/etl.py
[2025-05-08T21:51:25.592+0000] {logging_mixin.py:188} INFO - [2025-05-08T21:51:25.592+0000] {dag.py:3036} INFO - Sync 1 DAGs
[2025-05-08T21:51:25.603+0000] {logging_mixin.py:188} INFO - [2025-05-08T21:51:25.602+0000] {dag.py:3823} INFO - Setting next_dagrun for elt_IBGE to None, run_after=None
[2025-05-08T21:51:25.642+0000] {processor.py:183} INFO - Processing /opt/airflow/dags/etl.py took 0.099 seconds
[2025-05-08T21:51:55.841+0000] {processor.py:161} INFO - Started process (PID=691) to work on /opt/airflow/dags/etl.py
[2025-05-08T21:51:55.842+0000] {processor.py:830} INFO - Processing file /opt/airflow/dags/etl.py for tasks to queue
[2025-05-08T21:51:55.843+0000] {logging_mixin.py:188} INFO - [2025-05-08T21:51:55.842+0000] {dagbag.py:538} INFO - Filling up the DagBag from /opt/airflow/dags/etl.py
[2025-05-08T21:51:55.860+0000] {processor.py:840} INFO - DAG(s) 'elt_IBGE' retrieved from /opt/airflow/dags/etl.py
[2025-05-08T21:51:55.887+0000] {logging_mixin.py:188} INFO - [2025-05-08T21:51:55.887+0000] {dag.py:3036} INFO - Sync 1 DAGs
[2025-05-08T21:51:55.898+0000] {logging_mixin.py:188} INFO - [2025-05-08T21:51:55.897+0000] {dag.py:3823} INFO - Setting next_dagrun for elt_IBGE to None, run_after=None
[2025-05-08T21:51:55.946+0000] {processor.py:183} INFO - Processing /opt/airflow/dags/etl.py took 0.108 seconds
[2025-05-08T21:52:26.118+0000] {processor.py:161} INFO - Started process (PID=701) to work on /opt/airflow/dags/etl.py
[2025-05-08T21:52:26.120+0000] {processor.py:830} INFO - Processing file /opt/airflow/dags/etl.py for tasks to queue
[2025-05-08T21:52:26.121+0000] {logging_mixin.py:188} INFO - [2025-05-08T21:52:26.121+0000] {dagbag.py:538} INFO - Filling up the DagBag from /opt/airflow/dags/etl.py
[2025-05-08T21:52:26.140+0000] {processor.py:840} INFO - DAG(s) 'elt_IBGE' retrieved from /opt/airflow/dags/etl.py
[2025-05-08T21:52:26.166+0000] {logging_mixin.py:188} INFO - [2025-05-08T21:52:26.166+0000] {dag.py:3036} INFO - Sync 1 DAGs
[2025-05-08T21:52:26.177+0000] {logging_mixin.py:188} INFO - [2025-05-08T21:52:26.177+0000] {dag.py:3823} INFO - Setting next_dagrun for elt_IBGE to None, run_after=None
[2025-05-08T21:52:26.245+0000] {processor.py:183} INFO - Processing /opt/airflow/dags/etl.py took 0.129 seconds
[2025-05-08T21:52:56.381+0000] {processor.py:161} INFO - Started process (PID=711) to work on /opt/airflow/dags/etl.py
[2025-05-08T21:52:56.382+0000] {processor.py:830} INFO - Processing file /opt/airflow/dags/etl.py for tasks to queue
[2025-05-08T21:52:56.383+0000] {logging_mixin.py:188} INFO - [2025-05-08T21:52:56.382+0000] {dagbag.py:538} INFO - Filling up the DagBag from /opt/airflow/dags/etl.py
[2025-05-08T21:52:56.400+0000] {processor.py:840} INFO - DAG(s) 'elt_IBGE' retrieved from /opt/airflow/dags/etl.py
[2025-05-08T21:52:56.426+0000] {logging_mixin.py:188} INFO - [2025-05-08T21:52:56.426+0000] {dag.py:3036} INFO - Sync 1 DAGs
[2025-05-08T21:52:56.436+0000] {logging_mixin.py:188} INFO - [2025-05-08T21:52:56.436+0000] {dag.py:3823} INFO - Setting next_dagrun for elt_IBGE to None, run_after=None
[2025-05-08T21:52:56.478+0000] {processor.py:183} INFO - Processing /opt/airflow/dags/etl.py took 0.100 seconds
[2025-05-08T21:53:26.647+0000] {processor.py:161} INFO - Started process (PID=721) to work on /opt/airflow/dags/etl.py
[2025-05-08T21:53:26.648+0000] {processor.py:830} INFO - Processing file /opt/airflow/dags/etl.py for tasks to queue
[2025-05-08T21:53:26.649+0000] {logging_mixin.py:188} INFO - [2025-05-08T21:53:26.649+0000] {dagbag.py:538} INFO - Filling up the DagBag from /opt/airflow/dags/etl.py
[2025-05-08T21:53:26.666+0000] {processor.py:840} INFO - DAG(s) 'elt_IBGE' retrieved from /opt/airflow/dags/etl.py
[2025-05-08T21:53:26.692+0000] {logging_mixin.py:188} INFO - [2025-05-08T21:53:26.692+0000] {dag.py:3036} INFO - Sync 1 DAGs
[2025-05-08T21:53:26.703+0000] {logging_mixin.py:188} INFO - [2025-05-08T21:53:26.702+0000] {dag.py:3823} INFO - Setting next_dagrun for elt_IBGE to None, run_after=None
[2025-05-08T21:53:26.745+0000] {processor.py:183} INFO - Processing /opt/airflow/dags/etl.py took 0.101 seconds
[2025-05-08T21:53:56.910+0000] {processor.py:161} INFO - Started process (PID=731) to work on /opt/airflow/dags/etl.py
[2025-05-08T21:53:56.911+0000] {processor.py:830} INFO - Processing file /opt/airflow/dags/etl.py for tasks to queue
[2025-05-08T21:53:56.912+0000] {logging_mixin.py:188} INFO - [2025-05-08T21:53:56.912+0000] {dagbag.py:538} INFO - Filling up the DagBag from /opt/airflow/dags/etl.py
[2025-05-08T21:53:56.929+0000] {processor.py:840} INFO - DAG(s) 'elt_IBGE' retrieved from /opt/airflow/dags/etl.py
[2025-05-08T21:53:56.958+0000] {logging_mixin.py:188} INFO - [2025-05-08T21:53:56.958+0000] {dag.py:3036} INFO - Sync 1 DAGs
[2025-05-08T21:53:56.968+0000] {logging_mixin.py:188} INFO - [2025-05-08T21:53:56.968+0000] {dag.py:3823} INFO - Setting next_dagrun for elt_IBGE to None, run_after=None
[2025-05-08T21:53:57.060+0000] {processor.py:183} INFO - Processing /opt/airflow/dags/etl.py took 0.153 seconds
[2025-05-08T21:54:27.208+0000] {processor.py:161} INFO - Started process (PID=741) to work on /opt/airflow/dags/etl.py
[2025-05-08T21:54:27.209+0000] {processor.py:830} INFO - Processing file /opt/airflow/dags/etl.py for tasks to queue
[2025-05-08T21:54:27.210+0000] {logging_mixin.py:188} INFO - [2025-05-08T21:54:27.210+0000] {dagbag.py:538} INFO - Filling up the DagBag from /opt/airflow/dags/etl.py
[2025-05-08T21:54:27.227+0000] {processor.py:840} INFO - DAG(s) 'elt_IBGE' retrieved from /opt/airflow/dags/etl.py
[2025-05-08T21:54:27.254+0000] {logging_mixin.py:188} INFO - [2025-05-08T21:54:27.254+0000] {dag.py:3036} INFO - Sync 1 DAGs
[2025-05-08T21:54:27.264+0000] {logging_mixin.py:188} INFO - [2025-05-08T21:54:27.264+0000] {dag.py:3823} INFO - Setting next_dagrun for elt_IBGE to None, run_after=None
[2025-05-08T21:54:27.305+0000] {processor.py:183} INFO - Processing /opt/airflow/dags/etl.py took 0.100 seconds
[2025-05-08T21:54:57.487+0000] {processor.py:161} INFO - Started process (PID=751) to work on /opt/airflow/dags/etl.py
[2025-05-08T21:54:57.488+0000] {processor.py:830} INFO - Processing file /opt/airflow/dags/etl.py for tasks to queue
[2025-05-08T21:54:57.490+0000] {logging_mixin.py:188} INFO - [2025-05-08T21:54:57.489+0000] {dagbag.py:538} INFO - Filling up the DagBag from /opt/airflow/dags/etl.py
[2025-05-08T21:54:57.507+0000] {processor.py:840} INFO - DAG(s) 'elt_IBGE' retrieved from /opt/airflow/dags/etl.py
[2025-05-08T21:54:57.533+0000] {logging_mixin.py:188} INFO - [2025-05-08T21:54:57.533+0000] {dag.py:3036} INFO - Sync 1 DAGs
[2025-05-08T21:54:57.543+0000] {logging_mixin.py:188} INFO - [2025-05-08T21:54:57.543+0000] {dag.py:3823} INFO - Setting next_dagrun for elt_IBGE to None, run_after=None
[2025-05-08T21:54:57.585+0000] {processor.py:183} INFO - Processing /opt/airflow/dags/etl.py took 0.101 seconds
[2025-05-08T21:55:27.793+0000] {processor.py:161} INFO - Started process (PID=761) to work on /opt/airflow/dags/etl.py
[2025-05-08T21:55:27.794+0000] {processor.py:830} INFO - Processing file /opt/airflow/dags/etl.py for tasks to queue
[2025-05-08T21:55:27.795+0000] {logging_mixin.py:188} INFO - [2025-05-08T21:55:27.795+0000] {dagbag.py:538} INFO - Filling up the DagBag from /opt/airflow/dags/etl.py
[2025-05-08T21:55:27.817+0000] {processor.py:840} INFO - DAG(s) 'elt_IBGE' retrieved from /opt/airflow/dags/etl.py
[2025-05-08T21:55:27.854+0000] {logging_mixin.py:188} INFO - [2025-05-08T21:55:27.854+0000] {dag.py:3036} INFO - Sync 1 DAGs
[2025-05-08T21:55:27.868+0000] {logging_mixin.py:188} INFO - [2025-05-08T21:55:27.867+0000] {dag.py:3823} INFO - Setting next_dagrun for elt_IBGE to None, run_after=None
[2025-05-08T21:55:27.927+0000] {processor.py:183} INFO - Processing /opt/airflow/dags/etl.py took 0.137 seconds
