[2025-05-08T19:53:15.962+0000] {taskinstance.py:1956} INFO - Dependencies all met for dep_context=non-requeueable deps ti=<TaskInstance: exemplo_postgres.criar_tabela_exemplo manual__2025-05-08T19:53:14.169058+00:00 [queued]>
[2025-05-08T19:53:15.973+0000] {taskinstance.py:1956} INFO - Dependencies all met for dep_context=requeueable deps ti=<TaskInstance: exemplo_postgres.criar_tabela_exemplo manual__2025-05-08T19:53:14.169058+00:00 [queued]>
[2025-05-08T19:53:15.973+0000] {taskinstance.py:2170} INFO - Starting attempt 1 of 1
[2025-05-08T19:53:16.015+0000] {taskinstance.py:2191} INFO - Executing <Task(PostgresOperator): criar_tabela_exemplo> on 2025-05-08 19:53:14.169058+00:00
[2025-05-08T19:53:16.020+0000] {standard_task_runner.py:60} INFO - Started process 188 to run task
[2025-05-08T19:53:16.022+0000] {standard_task_runner.py:87} INFO - Running: ['***', 'tasks', 'run', 'exemplo_postgres', 'criar_tabela_exemplo', 'manual__2025-05-08T19:53:14.169058+00:00', '--job-id', '4', '--raw', '--subdir', 'DAGS_FOLDER/dag_exemplo.py', '--cfg-path', '/tmp/tmpokliz02t']
[2025-05-08T19:53:16.025+0000] {standard_task_runner.py:88} INFO - Job 4: Subtask criar_tabela_exemplo
[2025-05-08T19:53:16.107+0000] {task_command.py:423} INFO - Running <TaskInstance: exemplo_postgres.criar_tabela_exemplo manual__2025-05-08T19:53:14.169058+00:00 [running]> on host 732c858f3524
[2025-05-08T19:53:16.255+0000] {taskinstance.py:2480} INFO - Exporting env vars: AIRFLOW_CTX_DAG_OWNER='***' AIRFLOW_CTX_DAG_ID='exemplo_postgres' AIRFLOW_CTX_TASK_ID='criar_tabela_exemplo' AIRFLOW_CTX_EXECUTION_DATE='2025-05-08T19:53:14.169058+00:00' AIRFLOW_CTX_TRY_NUMBER='1' AIRFLOW_CTX_DAG_RUN_ID='manual__2025-05-08T19:53:14.169058+00:00'
[2025-05-08T19:53:16.256+0000] {sql.py:276} INFO - Executing: 
            CREATE TABLE IF NOT EXISTS exemplo (
                id SERIAL PRIMARY KEY,
                nome TEXT
            );
        
[2025-05-08T19:53:16.269+0000] {base.py:83} INFO - Using connection ID 'meu_postgres' for task execution.
[2025-05-08T19:53:16.284+0000] {base.py:83} INFO - Using connection ID 'meu_postgres' for task execution.
[2025-05-08T19:53:16.292+0000] {sql.py:450} INFO - Running statement: 
            CREATE TABLE IF NOT EXISTS exemplo (
                id SERIAL PRIMARY KEY,
                nome TEXT
            );
        , parameters: None
[2025-05-08T19:53:16.581+0000] {taskinstance.py:1138} INFO - Marking task as SUCCESS. dag_id=exemplo_postgres, task_id=criar_tabela_exemplo, execution_date=20250508T195314, start_date=20250508T195315, end_date=20250508T195316
[2025-05-08T19:53:16.642+0000] {local_task_job_runner.py:234} INFO - Task exited with return code 0
[2025-05-08T19:53:16.660+0000] {taskinstance.py:3280} INFO - 0 downstream tasks scheduled from follow-on schedule check
